 
 --------------------------------------
 Starting ... at YYYY MM DD HH MM SS = 
                 2012  3 16 16 12 12
 Program iasi_ascii_to_obs
 --------------------------------------
 
 set_nml_output Echo NML values to log file only
 
 --------------------------------------
 Finished ... at YYYY MM DD HH MM SS = 
                 2012  3 16 16 12 15
 --------------------------------------
 
 
 --------------------------------------
 Starting ... at YYYY MM DD HH MM SS = 
                 2012  3 16 16 14  5
 Program iasi_ascii_to_obs
 --------------------------------------
 
 set_nml_output Echo NML values to log file only
 
 --------------------------------------
 Finished ... at YYYY MM DD HH MM SS = 
                 2012  3 16 16 14  8
 --------------------------------------
 
 
 --------------------------------------
 Starting ... at YYYY MM DD HH MM SS = 
                 2012  3 16 16 16 47
 Program iasi_ascii_to_obs
 --------------------------------------
 
 set_nml_output Echo NML values to log file only
 
 --------------------------------------
 Finished ... at YYYY MM DD HH MM SS = 
                 2012  3 16 16 16 50
 --------------------------------------
 
 
 --------------------------------------
 Starting ... at YYYY MM DD HH MM SS = 
                 2012  3 16 16 20 14
 Program iasi_ascii_to_obs
 --------------------------------------
 
 set_nml_output Echo NML values to log file only
 
 --------------------------------------
 Finished ... at YYYY MM DD HH MM SS = 
                 2012  3 16 16 20 16
 --------------------------------------
 
 
 --------------------------------------
 Starting ... at YYYY MM DD HH MM SS = 
                 2012  3 16 16 21 41
 Program iasi_ascii_to_obs
 --------------------------------------
 
 set_nml_output Echo NML values to log file only
 
 --------------------------------------
 Finished ... at YYYY MM DD HH MM SS = 
                 2012  3 16 16 21 43
 --------------------------------------
 
 
 --------------------------------------
 Starting ... at YYYY MM DD HH MM SS = 
                 2012  3 16 16 23  9
 Program iasi_ascii_to_obs
 --------------------------------------
 
 set_nml_output Echo NML values to log file only
 
 --------------------------------------
 Finished ... at YYYY MM DD HH MM SS = 
                 2012  3 16 16 23 12
 --------------------------------------
 
 
 --------------------------------------
 Starting ... at YYYY MM DD HH MM SS = 
                 2012  3 16 16 26 29
 Program iasi_ascii_to_obs
 --------------------------------------
 
 set_nml_output Echo NML values to log file only
 
 --------------------------------------
 Finished ... at YYYY MM DD HH MM SS = 
                 2012  3 16 16 26 31
 --------------------------------------
 
 
 --------------------------------------
 Starting ... at YYYY MM DD HH MM SS = 
                 2012  3 16 16 28 33
 Program iasi_ascii_to_obs
 --------------------------------------
 
 set_nml_output Echo NML values to log file only
 
 --------------------------------------
 Finished ... at YYYY MM DD HH MM SS = 
                 2012  3 16 16 28 35
 --------------------------------------
 
 
 --------------------------------------
 Starting ... at YYYY MM DD HH MM SS = 
                 2012  3 16 16 29 47
 Program iasi_ascii_to_obs
 --------------------------------------
 
 set_nml_output Echo NML values to log file only
 
 --------------------------------------
 Finished ... at YYYY MM DD HH MM SS = 
                 2012  3 16 16 29 49
 --------------------------------------
 
 
 --------------------------------------
 Starting ... at YYYY MM DD HH MM SS = 
                 2012  3 16 16 31 58
 Program iasi_ascii_to_obs
 --------------------------------------
 
 set_nml_output Echo NML values to log file only
 
 --------------------------------------
 Finished ... at YYYY MM DD HH MM SS = 
                 2012  3 16 16 32  0
 --------------------------------------
 
 
 --------------------------------------
 Starting ... at YYYY MM DD HH MM SS = 
                 2012  3 16 16 34 16
 Program iasi_ascii_to_obs
 --------------------------------------
 
 set_nml_output Echo NML values to log file only
 
 --------------------------------------
 Finished ... at YYYY MM DD HH MM SS = 
                 2012  3 16 16 34 18
 --------------------------------------
 
 
 --------------------------------------
 Starting ... at YYYY MM DD HH MM SS = 
                 2012  3 16 16 35 46
 Program iasi_ascii_to_obs
 --------------------------------------
 
 set_nml_output Echo NML values to log file only
 
 --------------------------------------
 Finished ... at YYYY MM DD HH MM SS = 
                 2012  3 16 16 35 49
 --------------------------------------
 
 
 --------------------------------------
 Starting ... at YYYY MM DD HH MM SS = 
                 2012  3 16 16 43 18
 Program iasi_ascii_to_obs
 --------------------------------------
 
 set_nml_output Echo NML values to log file only
 
 --------------------------------------
 Finished ... at YYYY MM DD HH MM SS = 
                 2012  3 16 16 43 21
 --------------------------------------
 
 
 --------------------------------------
 Starting ... at YYYY MM DD HH MM SS = 
                 2012  3 16 16 44 54
 Program iasi_ascii_to_obs
 --------------------------------------
 
 set_nml_output Echo NML values to log file only
 
 --------------------------------------
 Finished ... at YYYY MM DD HH MM SS = 
                 2012  3 16 16 44 57
 --------------------------------------
 
 
 --------------------------------------
 Starting ... at YYYY MM DD HH MM SS = 
                 2012  3 16 16 46  2
 Program iasi_ascii_to_obs
 --------------------------------------
 
 set_nml_output Echo NML values to log file only
 
 --------------------------------------
 Finished ... at YYYY MM DD HH MM SS = 
                 2012  3 16 16 46  4
 --------------------------------------
 
 
 --------------------------------------
 Starting ... at YYYY MM DD HH MM SS = 
                 2012  3 16 16 48 44
 Program iasi_ascii_to_obs
 --------------------------------------
 
 set_nml_output Echo NML values to log file only
 
 --------------------------------------
 Finished ... at YYYY MM DD HH MM SS = 
                 2012  3 16 16 48 47
 --------------------------------------
 
 
 --------------------------------------
 Starting ... at YYYY MM DD HH MM SS = 
                 2012  3 19 19  1  0
 Program iasi_ascii_to_obs
 --------------------------------------
 
 set_nml_output Echo NML values to log file only
 location_mod: Ignoring vertical when computing distances; horizontal only
 
 --------------------------------------
 Starting ... at YYYY MM DD HH MM SS = 
                 2012  3 19 19  6  9
 Program iasi_ascii_to_obs
 --------------------------------------
 
 set_nml_output Echo NML values to log file only
 location_mod: Ignoring vertical when computing distances; horizontal only
 
 --------------------------------------
 Starting ... at YYYY MM DD HH MM SS = 
                 2012  3 19 19  8 15
 Program iasi_ascii_to_obs
 --------------------------------------
 
 set_nml_output Echo NML values to log file only
 location_mod: Ignoring vertical when computing distances; horizontal only
 write_obs_seq  opening formatted file iasi_obs_seq.out
 Assimilate_these_obs_types
 Evaluate_these_obs_types
 write_obs_seq  closed file iasi_obs_seq.out
 
 --------------------------------------
 Finished ... at YYYY MM DD HH MM SS = 
                 2012  3 19 19  8 20
 --------------------------------------
 
 
 --------------------------------------
 Starting ... at YYYY MM DD HH MM SS = 
                 2012  3 19 19 11 37
 Program iasi_ascii_to_obs
 --------------------------------------
 
 set_nml_output Echo NML values to log file only
 location_mod: Ignoring vertical when computing distances; horizontal only
 write_obs_seq  opening formatted file iasi_obs_seq.out
 Assimilate_these_obs_types
 Evaluate_these_obs_types
 write_obs_seq  closed file iasi_obs_seq.out
 
 --------------------------------------
 Finished ... at YYYY MM DD HH MM SS = 
                 2012  3 19 19 11 43
 --------------------------------------
 
 
 --------------------------------------
 Starting ... at YYYY MM DD HH MM SS = 
                 2012  3 19 19 14 25
 Program iasi_ascii_to_obs
 --------------------------------------
 
 set_nml_output Echo NML values to log file only
 location_mod: Ignoring vertical when computing distances; horizontal only
 write_obs_seq  opening formatted file iasi_obs_seq.out
 Assimilate_these_obs_types
 Evaluate_these_obs_types
 write_obs_seq  closed file iasi_obs_seq.out
 
 --------------------------------------
 Finished ... at YYYY MM DD HH MM SS = 
                 2012  3 19 19 14 31
 --------------------------------------
 
 
 --------------------------------------
 Starting ... at YYYY MM DD HH MM SS = 
                 2012  3 19 19 16 32
 Program iasi_ascii_to_obs
 --------------------------------------
 
 set_nml_output Echo NML values to log file only
 location_mod: Ignoring vertical when computing distances; horizontal only
 write_obs_seq  opening formatted file iasi_obs_seq.out
 Assimilate_these_obs_types
 Evaluate_these_obs_types
 write_obs_seq  closed file iasi_obs_seq.out
 
 --------------------------------------
 Finished ... at YYYY MM DD HH MM SS = 
                 2012  3 19 19 16 57
 --------------------------------------
 
 
 --------------------------------------
 Starting ... at YYYY MM DD HH MM SS = 
                 2012  3 19 19 21 31
 Program iasi_ascii_to_obs
 --------------------------------------
 
 set_nml_output Echo NML values to log file only
 location_mod: Ignoring vertical when computing distances; horizontal only
 write_obs_seq  opening formatted file iasi_obs_seq.out
 Assimilate_these_obs_types
 Evaluate_these_obs_types
 write_obs_seq  closed file iasi_obs_seq.out
 
 --------------------------------------
 Finished ... at YYYY MM DD HH MM SS = 
                 2012  3 19 19 22 27
 --------------------------------------
 
 
 --------------------------------------
 Starting ... at YYYY MM DD HH MM SS = 
                 2012  3 19 19 31 17
 Program iasi_ascii_to_obs
 --------------------------------------
 
 set_nml_output Echo NML values to log file only
 location_mod: Ignoring vertical when computing distances; horizontal only
 write_obs_seq  opening formatted file iasi_obs_seq.out
 Assimilate_these_obs_types
 Evaluate_these_obs_types
 write_obs_seq  closed file iasi_obs_seq.out
 
 --------------------------------------
 Finished ... at YYYY MM DD HH MM SS = 
                 2012  3 19 19 31 34
 --------------------------------------
 
 
 --------------------------------------
 Starting ... at YYYY MM DD HH MM SS = 
                 2012  3 19 19 37  8
 Program iasi_ascii_to_obs
 --------------------------------------
 
 set_nml_output Echo NML values to log file only
 location_mod: Ignoring vertical when computing distances; horizontal only
 write_obs_seq  opening formatted file iasi_obs_seq.out
 Assimilate_these_obs_types
 Evaluate_these_obs_types
 write_obs_seq  closed file iasi_obs_seq.out
 
 --------------------------------------
 Finished ... at YYYY MM DD HH MM SS = 
                 2012  3 19 19 37 25
 --------------------------------------
 
 
 --------------------------------------
 Starting ... at YYYY MM DD HH MM SS = 
                 2012  3 19 19 42 57
 Program iasi_ascii_to_obs
 --------------------------------------
 
 set_nml_output Echo NML values to log file only
 location_mod: Ignoring vertical when computing distances; horizontal only
 write_obs_seq  opening formatted file iasi_obs_seq.out
 Assimilate_these_obs_types
 Evaluate_these_obs_types
 write_obs_seq  closed file iasi_obs_seq.out
 
 --------------------------------------
 Finished ... at YYYY MM DD HH MM SS = 
                 2012  3 19 19 43 14
 --------------------------------------
 
 
 --------------------------------------
 Starting ... at YYYY MM DD HH MM SS = 
                 2012  3 20 12 27 34
 Program iasi_ascii_to_obs
 --------------------------------------
 
 set_nml_output Echo NML values to log file only
 location_mod: Ignoring vertical when computing distances; horizontal only
 write_obs_seq  opening formatted file iasi_obs_seq.out
 Assimilate_these_obs_types
 Evaluate_these_obs_types
 write_obs_seq  closed file iasi_obs_seq.out
 
 --------------------------------------
 Finished ... at YYYY MM DD HH MM SS = 
                 2012  3 20 12 27 52
 --------------------------------------
 
 
 --------------------------------------
 Starting ... at YYYY MM DD HH MM SS = 
                 2012  3 20 12 33 12
 Program iasi_ascii_to_obs
 --------------------------------------
 
 set_nml_output Echo NML values to log file only
 location_mod: Ignoring vertical when computing distances; horizontal only
 write_obs_seq  opening formatted file iasi_obs_seq.out
 Assimilate_these_obs_types
 Evaluate_these_obs_types
 write_obs_seq  closed file iasi_obs_seq.out
 
 --------------------------------------
 Finished ... at YYYY MM DD HH MM SS = 
                 2012  3 20 12 33 29
 --------------------------------------
 
 
 --------------------------------------
 Starting ... at YYYY MM DD HH MM SS = 
                 2012  3 20 14 14 56
 Program iasi_ascii_to_obs
 --------------------------------------
 
 set_nml_output Echo NML values to log file only
 location_mod: Ignoring vertical when computing distances; horizontal only
 write_obs_seq  opening formatted file iasi_obs_seq.out
 Assimilate_these_obs_types
 Evaluate_these_obs_types
 write_obs_seq  closed file iasi_obs_seq.out
 
 --------------------------------------
 Finished ... at YYYY MM DD HH MM SS = 
                 2012  3 20 14 15 12
 --------------------------------------
 
 
 --------------------------------------
 Starting ... at YYYY MM DD HH MM SS = 
                 2012  3 20 14 30 52
 Program iasi_ascii_to_obs
 --------------------------------------
 
 set_nml_output Echo NML values to log file only
 location_mod: Ignoring vertical when computing distances; horizontal only
 write_obs_seq  opening formatted file iasi_obs_seq.out
 Assimilate_these_obs_types
 Evaluate_these_obs_types
 write_obs_seq  closed file iasi_obs_seq.out
 
 --------------------------------------
 Finished ... at YYYY MM DD HH MM SS = 
                 2012  3 20 14 31 24
 --------------------------------------
 
 
 --------------------------------------
 Starting ... at YYYY MM DD HH MM SS = 
                 2012  3 22 16  8 21
 Program iasi_ascii_to_obs
 --------------------------------------
 
 set_nml_output Echo NML values to log file only
 location_mod: Ignoring vertical when computing distances; horizontal only
 write_obs_seq  opening formatted file iasi_obs_seq.out
 Assimilate_these_obs_types
 Evaluate_these_obs_types
 write_obs_seq  closed file iasi_obs_seq.out
 
 --------------------------------------
 Finished ... at YYYY MM DD HH MM SS = 
                 2012  3 22 16  8 51
 --------------------------------------
 
 
 --------------------------------------
 Starting ... at YYYY MM DD HH MM SS = 
                 2012  3 22 19 50 25
 Program iasi_ascii_to_obs
 --------------------------------------
 
 set_nml_output Echo NML values to log file only
 location_mod: Ignoring vertical when computing distances; horizontal only
 write_obs_seq  opening formatted file iasi_obs_seq.out
 Assimilate_these_obs_types
 Evaluate_these_obs_types
 write_obs_seq  closed file iasi_obs_seq.out
 
 --------------------------------------
 Finished ... at YYYY MM DD HH MM SS = 
                 2012  3 22 19 51  1
 --------------------------------------
 
 
 --------------------------------------
 Starting ... at YYYY MM DD HH MM SS = 
                 2012  3 22 19 54 14
 Program iasi_ascii_to_obs
 --------------------------------------
 
 set_nml_output Echo NML values to log file only
 location_mod: Ignoring vertical when computing distances; horizontal only
 write_obs_seq  opening formatted file iasi_obs_seq.out
 Assimilate_these_obs_types
 Evaluate_these_obs_types
 write_obs_seq  closed file iasi_obs_seq.out
 
 --------------------------------------
 Finished ... at YYYY MM DD HH MM SS = 
                 2012  3 22 19 54 30
 --------------------------------------
 
 
 --------------------------------------
 Starting ... at YYYY MM DD HH MM SS = 
                 2012  3 22 19 56 53
 Program iasi_ascii_to_obs
 --------------------------------------
 
 set_nml_output Echo NML values to log file only
 location_mod: Ignoring vertical when computing distances; horizontal only
 write_obs_seq  opening formatted file iasi_obs_seq.out
 Assimilate_these_obs_types
 Evaluate_these_obs_types
 write_obs_seq  closed file iasi_obs_seq.out
 
 --------------------------------------
 Finished ... at YYYY MM DD HH MM SS = 
                 2012  3 22 19 57  9
 --------------------------------------
 
 
 --------------------------------------
 Starting ... at YYYY MM DD HH MM SS = 
                 2012  3 22 19 57 16
 Program iasi_ascii_to_obs
 --------------------------------------
 
 set_nml_output Echo NML values to log file only
 location_mod: Ignoring vertical when computing distances; horizontal only
 write_obs_seq  opening formatted file iasi_obs_seq.out
 Assimilate_these_obs_types
 Evaluate_these_obs_types
 write_obs_seq  closed file iasi_obs_seq.out
 
 --------------------------------------
 Finished ... at YYYY MM DD HH MM SS = 
                 2012  3 22 19 57 22
 --------------------------------------
 
 
 --------------------------------------
 Starting ... at YYYY MM DD HH MM SS = 
                 2012  3 22 20  0 29
 Program iasi_ascii_to_obs
 --------------------------------------
 
 set_nml_output Echo NML values to log file only
 location_mod: Ignoring vertical when computing distances; horizontal only
 write_obs_seq  opening formatted file iasi_obs_seq.out
 Assimilate_these_obs_types
 Evaluate_these_obs_types
 write_obs_seq  closed file iasi_obs_seq.out
 
 --------------------------------------
 Finished ... at YYYY MM DD HH MM SS = 
                 2012  3 22 20  0 35
 --------------------------------------
 
 
 --------------------------------------
 Starting ... at YYYY MM DD HH MM SS = 
                 2012  3 23 12  7 42
 Program iasi_ascii_to_obs
 --------------------------------------
 
 set_nml_output Echo NML values to log file only
 location_mod: Ignoring vertical when computing distances; horizontal only
 
 --------------------------------------
 Starting ... at YYYY MM DD HH MM SS = 
                 2012  3 23 12 19 43
 Program iasi_ascii_to_obs
 --------------------------------------
 
 set_nml_output Echo NML values to log file only
 location_mod: Ignoring vertical when computing distances; horizontal only
 write_obs_seq  opening formatted file iasi_obs_seq.out
 Assimilate_these_obs_types
 Evaluate_these_obs_types
 write_obs_seq  closed file iasi_obs_seq.out
 
 --------------------------------------
 Finished ... at YYYY MM DD HH MM SS = 
                 2012  3 23 12 20 20
 --------------------------------------
 
 
 --------------------------------------
 Starting ... at YYYY MM DD HH MM SS = 
                 2012  3 24  0  4 58
 Program iasi_ascii_to_obs
 --------------------------------------
 
 set_nml_output Echo NML values to log file only
 location_mod: Ignoring vertical when computing distances; horizontal only
 
 --------------------------------------
 Starting ... at YYYY MM DD HH MM SS = 
                 2012  3 24  0  7  3
 Program iasi_ascii_to_obs
 --------------------------------------
 
 set_nml_output Echo NML values to log file only
 location_mod: Ignoring vertical when computing distances; horizontal only
 write_obs_seq  opening formatted file iasi_obs_seq.out
 Assimilate_these_obs_types
 Evaluate_these_obs_types
 write_obs_seq  closed file iasi_obs_seq.out
 
 --------------------------------------
 Finished ... at YYYY MM DD HH MM SS = 
                 2012  3 24  0  7 42
 --------------------------------------
 
 
 --------------------------------------
 Starting ... at YYYY MM DD HH MM SS = 
                 2012  3 26 14 15 30
 Program iasi_ascii_to_obs
 --------------------------------------
 
 set_nml_output Echo NML values to log file only
 location_mod: Ignoring vertical when computing distances; horizontal only
 
 --------------------------------------
 Starting ... at YYYY MM DD HH MM SS = 
                 2012  3 26 14 16 40
 Program iasi_ascii_to_obs
 --------------------------------------
 
 set_nml_output Echo NML values to log file only
 location_mod: Ignoring vertical when computing distances; horizontal only
 
 --------------------------------------
 Starting ... at YYYY MM DD HH MM SS = 
                 2012  3 26 14 19  3
 Program iasi_ascii_to_obs
 --------------------------------------
 
 set_nml_output Echo NML values to log file only
 location_mod: Ignoring vertical when computing distances; horizontal only
 
 --------------------------------------
 Starting ... at YYYY MM DD HH MM SS = 
                 2012  3 26 14 21 52
 Program iasi_ascii_to_obs
 --------------------------------------
 
 set_nml_output Echo NML values to log file only
 location_mod: Ignoring vertical when computing distances; horizontal only
 
 --------------------------------------
 Starting ... at YYYY MM DD HH MM SS = 
                 2012  3 26 14 23 34
 Program iasi_ascii_to_obs
 --------------------------------------
 
 set_nml_output Echo NML values to log file only
 location_mod: Ignoring vertical when computing distances; horizontal only
 write_obs_seq  opening formatted file iasi_obs_seq.out
 Assimilate_these_obs_types
 Evaluate_these_obs_types
 write_obs_seq  closed file iasi_obs_seq.out
 
 --------------------------------------
 Finished ... at YYYY MM DD HH MM SS = 
                 2012  3 26 14 24 18
 --------------------------------------
 
 
 --------------------------------------
 Starting ... at YYYY MM DD HH MM SS = 
                 2012  3 26 15 52 11
 Program iasi_ascii_to_obs
 --------------------------------------
 
 set_nml_output Echo NML values to log file only
 location_mod: Ignoring vertical when computing distances; horizontal only
 write_obs_seq  opening formatted file iasi_obs_seq.out
 Assimilate_these_obs_types
 Evaluate_these_obs_types
 write_obs_seq  closed file iasi_obs_seq.out
 
 --------------------------------------
 Finished ... at YYYY MM DD HH MM SS = 
                 2012  3 26 15 52 38
 --------------------------------------
 
 
 --------------------------------------
 Starting ... at YYYY MM DD HH MM SS = 
                 2012  3 26 15 53 25
 Program iasi_ascii_to_obs
 --------------------------------------
 
 set_nml_output Echo NML values to log file only
 location_mod: Ignoring vertical when computing distances; horizontal only
 
 --------------------------------------
 Starting ... at YYYY MM DD HH MM SS = 
                 2012  3 26 15 55  4
 Program iasi_ascii_to_obs
 --------------------------------------
 
 set_nml_output Echo NML values to log file only
 
 --------------------------------------
 Starting ... at YYYY MM DD HH MM SS = 
                 2012  3 26 15 55  9
 Program iasi_ascii_to_obs
 --------------------------------------
 
 set_nml_output Echo NML values to log file only
 
 --------------------------------------
 Starting ... at YYYY MM DD HH MM SS = 
                 2012  3 26 15 56 13
 Program iasi_ascii_to_obs
 --------------------------------------
 
 set_nml_output Echo NML values to log file only
 
 --------------------------------------
 Starting ... at YYYY MM DD HH MM SS = 
                 2012  3 26 16 20  6
 Program iasi_ascii_to_obs
 --------------------------------------
 
 set_nml_output Echo NML values to log file only
 location_mod: Ignoring vertical when computing distances; horizontal only
 
 --------------------------------------
 Starting ... at YYYY MM DD HH MM SS = 
                 2012  3 26 16 23 17
 Program iasi_ascii_to_obs
 --------------------------------------
 
 set_nml_output Echo NML values to log file only
 location_mod: Ignoring vertical when computing distances; horizontal only
 
 --------------------------------------
 Starting ... at YYYY MM DD HH MM SS = 
                 2012  3 26 16 24 23
 Program iasi_ascii_to_obs
 --------------------------------------
 
 set_nml_output Echo NML values to log file only
 location_mod: Ignoring vertical when computing distances; horizontal only
 
 --------------------------------------
 Starting ... at YYYY MM DD HH MM SS = 
                 2012  3 26 16 28  3
 Program iasi_ascii_to_obs
 --------------------------------------
 
 set_nml_output Echo NML values to log file only
 location_mod: Ignoring vertical when computing distances; horizontal only
 
 --------------------------------------
 Starting ... at YYYY MM DD HH MM SS = 
                 2012  3 26 16 35 56
 Program iasi_ascii_to_obs
 --------------------------------------
 
 set_nml_output Echo NML values to log file only
 location_mod: Ignoring vertical when computing distances; horizontal only
 
 --------------------------------------
 Starting ... at YYYY MM DD HH MM SS = 
                 2012  3 26 16 45  9
 Program iasi_ascii_to_obs
 --------------------------------------
 
 set_nml_output Echo NML values to log file only
 location_mod: Ignoring vertical when computing distances; horizontal only
 
 --------------------------------------
 Starting ... at YYYY MM DD HH MM SS = 
                 2012  3 26 16 50 33
 Program iasi_ascii_to_obs
 --------------------------------------
 
 set_nml_output Echo NML values to log file only
 location_mod: Ignoring vertical when computing distances; horizontal only
 write_obs_seq  opening formatted file iasi_obs_seq.out
 Assimilate_these_obs_types
 Evaluate_these_obs_types
 write_obs_seq  closed file iasi_obs_seq.out
 
 --------------------------------------
 Finished ... at YYYY MM DD HH MM SS = 
                 2012  3 26 16 50 41
 --------------------------------------
 
 
 --------------------------------------
 Starting ... at YYYY MM DD HH MM SS = 
                 2012  3 26 17  4 49
 Program iasi_ascii_to_obs
 --------------------------------------
 
 set_nml_output Echo NML values to log file only
 location_mod: Ignoring vertical when computing distances; horizontal only
 
 --------------------------------------
 Starting ... at YYYY MM DD HH MM SS = 
                 2012  3 26 17  9 54
 Program iasi_ascii_to_obs
 --------------------------------------
 
 set_nml_output Echo NML values to log file only
 location_mod: Ignoring vertical when computing distances; horizontal only
 
 --------------------------------------
 Starting ... at YYYY MM DD HH MM SS = 
                 2012  3 26 17 57 22
 Program iasi_ascii_to_obs
 --------------------------------------
 
 set_nml_output Echo NML values to log file only
 location_mod: Ignoring vertical when computing distances; horizontal only
 ERROR FROM:
  routine: set_location
  message:  longitude (  -51.3736000000000     ) is not within range [0,360]
  
  source file: 
 $URL: https://proxy.subversion.ucar.edu/DAReS/DART/trunk/location/threed_sphere
 /location_mod.f90 $
  file revision: $Revision: 4900 $
  revision date: $Date: 2011-05-06 16:01:23 -0700 (Fri, 06 May 2011) $
 
 --------------------------------------
 Starting ... at YYYY MM DD HH MM SS = 
                 2012  3 26 17 58 12
 Program iasi_ascii_to_obs
 --------------------------------------
 
 set_nml_output Echo NML values to log file only
 location_mod: Ignoring vertical when computing distances; horizontal only
 ERROR FROM:
  routine: set_location
  message:  longitude (  -51.3736000000000     ) is not within range [0,360]
  
  source file: 
 $URL: https://proxy.subversion.ucar.edu/DAReS/DART/trunk/location/threed_sphere
 /location_mod.f90 $
  file revision: $Revision: 4900 $
  revision date: $Date: 2011-05-06 16:01:23 -0700 (Fri, 06 May 2011) $
 
 --------------------------------------
 Starting ... at YYYY MM DD HH MM SS = 
                 2012  3 26 18  1 56
 Program iasi_ascii_to_obs
 --------------------------------------
 
 set_nml_output Echo NML values to log file only
 location_mod: Ignoring vertical when computing distances; horizontal only
 write_obs_seq  opening formatted file iasi_obs_seq.out
 Assimilate_these_obs_types
 Evaluate_these_obs_types
 write_obs_seq  closed file iasi_obs_seq.out
 
 --------------------------------------
 Finished ... at YYYY MM DD HH MM SS = 
                 2012  3 26 18  2  6
 --------------------------------------
 
 
 --------------------------------------
 Starting ... at YYYY MM DD HH MM SS = 
                 2012  3 26 18  3 10
 Program iasi_ascii_to_obs
 --------------------------------------
 
 set_nml_output Echo NML values to log file only
 location_mod: Ignoring vertical when computing distances; horizontal only
 write_obs_seq  opening formatted file iasi_obs_seq.out
 Assimilate_these_obs_types
 Evaluate_these_obs_types
 write_obs_seq  closed file iasi_obs_seq.out
 
 --------------------------------------
 Finished ... at YYYY MM DD HH MM SS = 
                 2012  3 26 18  3 17
 --------------------------------------
 
 
 --------------------------------------
 Starting ... at YYYY MM DD HH MM SS = 
                 2012  3 26 18  4 19
 Program iasi_ascii_to_obs
 --------------------------------------
 
 set_nml_output Echo NML values to log file only
 location_mod: Ignoring vertical when computing distances; horizontal only
 write_obs_seq  opening formatted file iasi_obs_seq.out
 Assimilate_these_obs_types
 Evaluate_these_obs_types
 write_obs_seq  closed file iasi_obs_seq.out
 
 --------------------------------------
 Finished ... at YYYY MM DD HH MM SS = 
                 2012  3 26 18  4 28
 --------------------------------------
 
 
 --------------------------------------
 Starting ... at YYYY MM DD HH MM SS = 
                 2012  3 26 18  5 22
 Program iasi_ascii_to_obs
 --------------------------------------
 
 set_nml_output Echo NML values to log file only
 location_mod: Ignoring vertical when computing distances; horizontal only
 write_obs_seq  opening formatted file iasi_obs_seq.out
 Assimilate_these_obs_types
 Evaluate_these_obs_types
 write_obs_seq  closed file iasi_obs_seq.out
 
 --------------------------------------
 Finished ... at YYYY MM DD HH MM SS = 
                 2012  3 26 18  5 28
 --------------------------------------
 
 
 --------------------------------------
 Starting ... at YYYY MM DD HH MM SS = 
                 2012  3 26 18  6 27
 Program iasi_ascii_to_obs
 --------------------------------------
 
 set_nml_output Echo NML values to log file only
 location_mod: Ignoring vertical when computing distances; horizontal only
 write_obs_seq  opening formatted file iasi_obs_seq.out
 Assimilate_these_obs_types
 Evaluate_these_obs_types
 write_obs_seq  closed file iasi_obs_seq.out
 
 --------------------------------------
 Finished ... at YYYY MM DD HH MM SS = 
                 2012  3 26 18  6 34
 --------------------------------------
 
 
 --------------------------------------
 Starting ... at YYYY MM DD HH MM SS = 
                 2012  3 26 18  7 26
 Program iasi_ascii_to_obs
 --------------------------------------
 
 set_nml_output Echo NML values to log file only
 location_mod: Ignoring vertical when computing distances; horizontal only
 
 --------------------------------------
 Starting ... at YYYY MM DD HH MM SS = 
                 2012  3 26 18  9  4
 Program iasi_ascii_to_obs
 --------------------------------------
 
 set_nml_output Echo NML values to log file only
 location_mod: Ignoring vertical when computing distances; horizontal only
 
 --------------------------------------
 Starting ... at YYYY MM DD HH MM SS = 
                 2012  3 26 18 11 36
 Program iasi_ascii_to_obs
 --------------------------------------
 
 set_nml_output Echo NML values to log file only
 location_mod: Ignoring vertical when computing distances; horizontal only
 write_obs_seq  opening formatted file iasi_obs_seq.out
 Assimilate_these_obs_types
 Evaluate_these_obs_types
 write_obs_seq  closed file iasi_obs_seq.out
 
 --------------------------------------
 Finished ... at YYYY MM DD HH MM SS = 
                 2012  3 26 18 11 42
 --------------------------------------
 
 
 --------------------------------------
 Starting ... at YYYY MM DD HH MM SS = 
                 2012  3 26 18 17 42
 Program iasi_ascii_to_obs
 --------------------------------------
 
 set_nml_output Echo NML values to log file only
 location_mod: Ignoring vertical when computing distances; horizontal only
 write_obs_seq  opening formatted file iasi_obs_seq.out
 Assimilate_these_obs_types
 Evaluate_these_obs_types
 write_obs_seq  closed file iasi_obs_seq.out
 
 --------------------------------------
 Finished ... at YYYY MM DD HH MM SS = 
                 2012  3 26 18 17 49
 --------------------------------------
 
 
 --------------------------------------
 Starting ... at YYYY MM DD HH MM SS = 
                 2012  3 26 18 19 31
 Program iasi_ascii_to_obs
 --------------------------------------
 
 set_nml_output Echo NML values to log file only
 location_mod: Ignoring vertical when computing distances; horizontal only
 write_obs_seq  opening formatted file iasi_obs_seq.out
 Assimilate_these_obs_types
 Evaluate_these_obs_types
 write_obs_seq  closed file iasi_obs_seq.out
 
 --------------------------------------
 Finished ... at YYYY MM DD HH MM SS = 
                 2012  3 26 18 19 38
 --------------------------------------
 
 
 --------------------------------------
 Starting ... at YYYY MM DD HH MM SS = 
                 2012  3 26 18 20 28
 Program iasi_ascii_to_obs
 --------------------------------------
 
 set_nml_output Echo NML values to log file only
 location_mod: Ignoring vertical when computing distances; horizontal only
 write_obs_seq  opening formatted file iasi_obs_seq.out
 Assimilate_these_obs_types
 Evaluate_these_obs_types
 write_obs_seq  closed file iasi_obs_seq.out
 
 --------------------------------------
 Finished ... at YYYY MM DD HH MM SS = 
                 2012  3 26 18 20 35
 --------------------------------------
 
 
 --------------------------------------
 Starting ... at YYYY MM DD HH MM SS = 
                 2012  3 26 18 21 38
 Program iasi_ascii_to_obs
 --------------------------------------
 
 set_nml_output Echo NML values to log file only
 location_mod: Ignoring vertical when computing distances; horizontal only
 write_obs_seq  opening formatted file iasi_obs_seq.out
 Assimilate_these_obs_types
 Evaluate_these_obs_types
 write_obs_seq  closed file iasi_obs_seq.out
 
 --------------------------------------
 Finished ... at YYYY MM DD HH MM SS = 
                 2012  3 26 18 21 44
 --------------------------------------
 
 
 --------------------------------------
 Starting ... at YYYY MM DD HH MM SS = 
                 2012  3 26 18 25 36
 Program iasi_ascii_to_obs
 --------------------------------------
 
 set_nml_output Echo NML values to log file only
 location_mod: Ignoring vertical when computing distances; horizontal only
 write_obs_seq  opening formatted file iasi_obs_seq.out
 Assimilate_these_obs_types
 Evaluate_these_obs_types
 write_obs_seq  closed file iasi_obs_seq.out
 
 --------------------------------------
 Finished ... at YYYY MM DD HH MM SS = 
                 2012  3 26 18 25 44
 --------------------------------------
 
 
 --------------------------------------
 Starting ... at YYYY MM DD HH MM SS = 
                 2012  3 26 18 27 23
 Program iasi_ascii_to_obs
 --------------------------------------
 
 set_nml_output Echo NML values to log file only
 location_mod: Ignoring vertical when computing distances; horizontal only
 write_obs_seq  opening formatted file iasi_obs_seq.out
 Assimilate_these_obs_types
 Evaluate_these_obs_types
 write_obs_seq  closed file iasi_obs_seq.out
 
 --------------------------------------
 Finished ... at YYYY MM DD HH MM SS = 
                 2012  3 26 18 27 30
 --------------------------------------
 
 
 --------------------------------------
 Starting ... at YYYY MM DD HH MM SS = 
                 2012  3 26 18 30 58
 Program iasi_ascii_to_obs
 --------------------------------------
 
 set_nml_output Echo NML values to log file only
 location_mod: Ignoring vertical when computing distances; horizontal only
 
 --------------------------------------
 Starting ... at YYYY MM DD HH MM SS = 
                 2012  3 26 18 32 56
 Program iasi_ascii_to_obs
 --------------------------------------
 
 set_nml_output Echo NML values to log file only
 location_mod: Ignoring vertical when computing distances; horizontal only
 
 --------------------------------------
 Starting ... at YYYY MM DD HH MM SS = 
                 2012  3 26 18 35 20
 Program iasi_ascii_to_obs
 --------------------------------------
 
 set_nml_output Echo NML values to log file only
 location_mod: Ignoring vertical when computing distances; horizontal only
 
 --------------------------------------
 Starting ... at YYYY MM DD HH MM SS = 
                 2012  3 26 18 38 47
 Program iasi_ascii_to_obs
 --------------------------------------
 
 set_nml_output Echo NML values to log file only
 location_mod: Ignoring vertical when computing distances; horizontal only
 
 --------------------------------------
 Starting ... at YYYY MM DD HH MM SS = 
                 2012  3 26 18 40 34
 Program iasi_ascii_to_obs
 --------------------------------------
 
 set_nml_output Echo NML values to log file only
 location_mod: Ignoring vertical when computing distances; horizontal only
 write_obs_seq  opening formatted file iasi_obs_seq.out
 Assimilate_these_obs_types
 Evaluate_these_obs_types
 write_obs_seq  closed file iasi_obs_seq.out
 
 --------------------------------------
 Finished ... at YYYY MM DD HH MM SS = 
                 2012  3 26 18 40 41
 --------------------------------------
 
 
 --------------------------------------
 Starting ... at YYYY MM DD HH MM SS = 
                 2012  3 26 18 45  4
 Program iasi_ascii_to_obs
 --------------------------------------
 
 set_nml_output Echo NML values to log file only
 location_mod: Ignoring vertical when computing distances; horizontal only
 write_obs_seq  opening formatted file iasi_obs_seq.out
 Assimilate_these_obs_types
 Evaluate_these_obs_types
 write_obs_seq  closed file iasi_obs_seq.out
 
 --------------------------------------
 Finished ... at YYYY MM DD HH MM SS = 
                 2012  3 26 18 45 17
 --------------------------------------
 
 
 --------------------------------------
 Starting ... at YYYY MM DD HH MM SS = 
                 2012  3 26 18 45 52
 Program iasi_ascii_to_obs
 --------------------------------------
 
 set_nml_output Echo NML values to log file only
 location_mod: Ignoring vertical when computing distances; horizontal only
 write_obs_seq  opening formatted file iasi_obs_seq.out
 Assimilate_these_obs_types
 Evaluate_these_obs_types
 write_obs_seq  closed file iasi_obs_seq.out
 
 --------------------------------------
 Finished ... at YYYY MM DD HH MM SS = 
                 2012  3 26 18 46 18
 --------------------------------------
 
 
 --------------------------------------
 Starting ... at YYYY MM DD HH MM SS = 
                 2012  5  4 12 39 45
 Program iasi_ascii_to_obs
 --------------------------------------
 
 set_nml_output Echo NML values to log file only
 
 --------------------------------------
 Starting ... at YYYY MM DD HH MM SS = 
                 2012  5  4 12 42  3
 Program iasi_ascii_to_obs
 --------------------------------------
 
 set_nml_output Echo NML values to log file only
 location_mod: Ignoring vertical when computing distances; horizontal only
 write_obs_seq  opening formatted file iasi_obs_seq.out
 Assimilate_these_obs_types
 Evaluate_these_obs_types
 write_obs_seq  closed file iasi_obs_seq.out
 
 --------------------------------------
 Finished ... at YYYY MM DD HH MM SS = 
                 2012  5  4 12 42 36
 --------------------------------------
 
 
 --------------------------------------
 Starting ... at YYYY MM DD HH MM SS = 
                 2012  5  4 12 49 26
 Program iasi_ascii_to_obs
 --------------------------------------
 
 set_nml_output Echo NML values to log file only
 location_mod: Ignoring vertical when computing distances; horizontal only
 write_obs_seq  opening formatted file iasi_obs_seq.out
 Assimilate_these_obs_types
 Evaluate_these_obs_types
 write_obs_seq  closed file iasi_obs_seq.out
 
 --------------------------------------
 Finished ... at YYYY MM DD HH MM SS = 
                 2012  5  4 12 49 29
 --------------------------------------
 
 
 --------------------------------------
 Starting ... at YYYY MM DD HH MM SS = 
                 2012  5  4 12 50 52
 Program iasi_ascii_to_obs
 --------------------------------------
 
 set_nml_output Echo NML values to log file only
 location_mod: Ignoring vertical when computing distances; horizontal only
 
 --------------------------------------
 Starting ... at YYYY MM DD HH MM SS = 
                 2012  5  4 12 54  5
 Program iasi_ascii_to_obs
 --------------------------------------
 
 set_nml_output Echo NML values to log file only
 
 --------------------------------------
 Starting ... at YYYY MM DD HH MM SS = 
                 2012  5  4 12 56 22
 Program iasi_ascii_to_obs
 --------------------------------------
 
 set_nml_output Echo NML values to log file only
 location_mod: Ignoring vertical when computing distances; horizontal only
 write_obs_seq  opening formatted file iasi_obs_seq.out
 Assimilate_these_obs_types
 Evaluate_these_obs_types
 write_obs_seq  closed file iasi_obs_seq.out
 
 --------------------------------------
 Finished ... at YYYY MM DD HH MM SS = 
                 2012  5  4 12 56 25
 --------------------------------------
 
 
 --------------------------------------
 Starting ... at YYYY MM DD HH MM SS = 
                 2012  5  4 13  8  3
 Program iasi_ascii_to_obs
 --------------------------------------
 
 set_nml_output Echo NML values to log file only
 location_mod: Ignoring vertical when computing distances; horizontal only
 write_obs_seq  opening formatted file iasi_obs_seq.out
 Assimilate_these_obs_types
 Evaluate_these_obs_types
 write_obs_seq  closed file iasi_obs_seq.out
 
 --------------------------------------
 Finished ... at YYYY MM DD HH MM SS = 
                 2012  5  4 13  8  6
 --------------------------------------
 
 
 --------------------------------------
 Starting ... at YYYY MM DD HH MM SS = 
                 2012  5  4 18 30 42
 Program iasi_ascii_to_obs
 --------------------------------------
 
 set_nml_output Echo NML values to log file only
 location_mod: Ignoring vertical when computing distances; horizontal only
 write_obs_seq  opening formatted file iasi_obs_seq.out
 Assimilate_these_obs_types
 Evaluate_these_obs_types
 write_obs_seq  closed file iasi_obs_seq.out
 
 --------------------------------------
 Finished ... at YYYY MM DD HH MM SS = 
                 2012  5  4 18 30 47
 --------------------------------------
 
 
 --------------------------------------
 Starting ... at YYYY MM DD HH MM SS = 
                 2012  5  4 18 40  6
 Program iasi_ascii_to_obs
 --------------------------------------
 
 set_nml_output Echo NML values to log file only
 location_mod: Ignoring vertical when computing distances; horizontal only
 write_obs_seq  opening formatted file iasi_obs_seq.out
 Assimilate_these_obs_types
 Evaluate_these_obs_types
 write_obs_seq  closed file iasi_obs_seq.out
 
 --------------------------------------
 Finished ... at YYYY MM DD HH MM SS = 
                 2012  5  4 18 40 10
 --------------------------------------
 
 
 --------------------------------------
 Starting ... at YYYY MM DD HH MM SS = 
                 2012  5  4 18 45 57
 Program iasi_ascii_to_obs
 --------------------------------------
 
 set_nml_output Echo NML values to log file only
 location_mod: Ignoring vertical when computing distances; horizontal only
 
 --------------------------------------
 Starting ... at YYYY MM DD HH MM SS = 
                 2012  5  4 18 48  0
 Program iasi_ascii_to_obs
 --------------------------------------
 
 set_nml_output Echo NML values to log file only
 location_mod: Ignoring vertical when computing distances; horizontal only
 write_obs_seq  opening formatted file iasi_obs_seq.out
 Assimilate_these_obs_types
 Evaluate_these_obs_types
 write_obs_seq  closed file iasi_obs_seq.out
 
 --------------------------------------
 Finished ... at YYYY MM DD HH MM SS = 
                 2012  5  4 18 48 16
 --------------------------------------
 
 
 --------------------------------------
 Starting ... at YYYY MM DD HH MM SS = 
                 2012  5  4 18 49 24
 Program iasi_ascii_to_obs
 --------------------------------------
 
 set_nml_output Echo NML values to log file only
 location_mod: Ignoring vertical when computing distances; horizontal only
 write_obs_seq  opening formatted file iasi_obs_seq.out
 Assimilate_these_obs_types
 Evaluate_these_obs_types
 write_obs_seq  closed file iasi_obs_seq.out
 
 --------------------------------------
 Finished ... at YYYY MM DD HH MM SS = 
                 2012  5  4 18 50 14
 --------------------------------------
 
 
 --------------------------------------
 Starting ... at YYYY MM DD HH MM SS = 
                 2012  5 21 10 31 42
 Program iasi_ascii_to_obs
 --------------------------------------
 
 set_nml_output Echo NML values to log file only
 location_mod: Ignoring vertical when computing distances; horizontal only
 write_obs_seq  opening formatted file iasi_obs_seq.out
 Assimilate_these_obs_types
 Evaluate_these_obs_types
 write_obs_seq  closed file iasi_obs_seq.out
 
 --------------------------------------
 Finished ... at YYYY MM DD HH MM SS = 
                 2012  5 21 10 33 22
 --------------------------------------
 
 
 --------------------------------------
 Starting ... at YYYY MM DD HH MM SS = 
                 2012  5 22 12 43 22
 Program iasi_ascii_to_obs
 --------------------------------------
 
 set_nml_output Echo NML values to log file only
 location_mod: Ignoring vertical when computing distances; horizontal only
 write_obs_seq  opening formatted file iasi_obs_seq.out
 Assimilate_these_obs_types
 Evaluate_these_obs_types
 write_obs_seq  closed file iasi_obs_seq.out
 
 --------------------------------------
 Finished ... at YYYY MM DD HH MM SS = 
                 2012  5 22 12 44 18
 --------------------------------------
 
 
 --------------------------------------
 Starting ... at YYYY MM DD HH MM SS = 
                 2012  5 26 12 58 37
 Program iasi_ascii_to_obs
 --------------------------------------
 
 set_nml_output Echo NML values to log file only
 location_mod: Ignoring vertical when computing distances; horizontal only
 write_obs_seq  opening formatted file iasi_obs_seq.out
 Assimilate_these_obs_types
 Evaluate_these_obs_types
 write_obs_seq  closed file iasi_obs_seq.out
 
 --------------------------------------
 Finished ... at YYYY MM DD HH MM SS = 
                 2012  5 26 12 59 18
 --------------------------------------
 
 
 --------------------------------------
 Starting ... at YYYY MM DD HH MM SS = 
                 2012  5 30 23 30 16
 Program iasi_ascii_to_obs
 --------------------------------------
 
 set_nml_output Echo NML values to log file only
 location_mod: Ignoring vertical when computing distances; horizontal only
 write_obs_seq  opening formatted file iasi_obs_seq.out
 Assimilate_these_obs_types
 Evaluate_these_obs_types
 write_obs_seq  closed file iasi_obs_seq.out
 
 --------------------------------------
 Finished ... at YYYY MM DD HH MM SS = 
                 2012  5 30 23 31 23
 --------------------------------------
 
 
 --------------------------------------
 Starting ... at YYYY MM DD HH MM SS = 
                 2012  6  5 13 19 49
 Program iasi_ascii_to_obs
 --------------------------------------
 
 set_nml_output Echo NML values to log file only
 location_mod: Ignoring vertical when computing distances; horizontal only
 write_obs_seq  opening formatted file iasi_obs_seq.out
 Assimilate_these_obs_types
 Evaluate_these_obs_types
 write_obs_seq  closed file iasi_obs_seq.out
 
 --------------------------------------
 Finished ... at YYYY MM DD HH MM SS = 
                 2012  6  5 13 20 44
 --------------------------------------
 
 
 --------------------------------------
 Starting ... at YYYY MM DD HH MM SS = 
                 2012  6  5 13 34 54
 Program iasi_ascii_to_obs
 --------------------------------------
 
 set_nml_output Echo NML values to log file only
 location_mod: Ignoring vertical when computing distances; horizontal only
 write_obs_seq  opening formatted file iasi_obs_seq.out
 Assimilate_these_obs_types
 Evaluate_these_obs_types
 write_obs_seq  closed file iasi_obs_seq.out
 
 --------------------------------------
 Finished ... at YYYY MM DD HH MM SS = 
                 2012  6  5 13 35 47
 --------------------------------------
 
 
 --------------------------------------
 Starting ... at YYYY MM DD HH MM SS = 
                 2012  6  8 13  8 59
 Program iasi_ascii_to_obs
 --------------------------------------
 
 set_nml_output Echo NML values to log file only
 location_mod: Ignoring vertical when computing distances; horizontal only
 write_obs_seq  opening formatted file iasi_obs_seq.out
 Assimilate_these_obs_types
 Evaluate_these_obs_types
 write_obs_seq  closed file iasi_obs_seq.out
 
 --------------------------------------
 Finished ... at YYYY MM DD HH MM SS = 
                 2012  6  8 13 10  8
 --------------------------------------
 
 
 --------------------------------------
 Starting ... at YYYY MM DD HH MM SS = 
                 2012  6 10  0 27 14
 Program iasi_ascii_to_obs
 --------------------------------------
 
 set_nml_output Echo NML values to log file only
 location_mod: Ignoring vertical when computing distances; horizontal only
 write_obs_seq  opening formatted file iasi_obs_seq.out
 Assimilate_these_obs_types
 Evaluate_these_obs_types
 write_obs_seq  closed file iasi_obs_seq.out
 
 --------------------------------------
 Finished ... at YYYY MM DD HH MM SS = 
                 2012  6 10  0 28 15
 --------------------------------------
 
 
 --------------------------------------
 Starting ... at YYYY MM DD HH MM SS = 
                 2012  6 10  0 36  6
 Program iasi_ascii_to_obs
 --------------------------------------
 
 set_nml_output Echo NML values to log file only
 location_mod: Ignoring vertical when computing distances; horizontal only
 write_obs_seq  opening formatted file iasi_obs_seq.out
 Assimilate_these_obs_types
 Evaluate_these_obs_types
 write_obs_seq  closed file iasi_obs_seq.out
 
 --------------------------------------
 Finished ... at YYYY MM DD HH MM SS = 
                 2012  6 10  0 37  9
 --------------------------------------
 
 
 --------------------------------------
 Starting ... at YYYY MM DD HH MM SS = 
                 2012  6 10  0 41  4
 Program iasi_ascii_to_obs
 --------------------------------------
 
 set_nml_output Echo NML values to log file only
 location_mod: Ignoring vertical when computing distances; horizontal only
 write_obs_seq  opening formatted file iasi_obs_seq.out
 Assimilate_these_obs_types
 Evaluate_these_obs_types
 write_obs_seq  closed file iasi_obs_seq.out
 
 --------------------------------------
 Finished ... at YYYY MM DD HH MM SS = 
                 2012  6 10  0 42  6
 --------------------------------------
 
 
 --------------------------------------
 Starting ... at YYYY MM DD HH MM SS = 
                 2012  6 10  0 44 41
 Program iasi_ascii_to_obs
 --------------------------------------
 
 set_nml_output Echo NML values to log file only
 location_mod: Ignoring vertical when computing distances; horizontal only
 write_obs_seq  opening formatted file iasi_obs_seq.out
 Assimilate_these_obs_types
 Evaluate_these_obs_types
 write_obs_seq  closed file iasi_obs_seq.out
 
 --------------------------------------
 Finished ... at YYYY MM DD HH MM SS = 
                 2012  6 10  0 45 39
 --------------------------------------
 
 
 --------------------------------------
 Starting ... at YYYY MM DD HH MM SS = 
                 2012  6 10  0 47 44
 Program iasi_ascii_to_obs
 --------------------------------------
 
 set_nml_output Echo NML values to log file only
 location_mod: Ignoring vertical when computing distances; horizontal only
 write_obs_seq  opening formatted file iasi_obs_seq.out
 Assimilate_these_obs_types
 Evaluate_these_obs_types
 write_obs_seq  closed file iasi_obs_seq.out
 
 --------------------------------------
 Finished ... at YYYY MM DD HH MM SS = 
                 2012  6 10  0 48 41
 --------------------------------------
 
