 obs_sequence
obs_kind_definitions
          27
           1 RADIOSONDE_U_WIND_COMPONENT     
           2 RADIOSONDE_V_WIND_COMPONENT     
           3 RADIOSONDE_SURFACE_PRESSURE     
           4 RADIOSONDE_TEMPERATURE          
           5 RADIOSONDE_SPECIFIC_HUMIDITY    
           6 AIRCRAFT_U_WIND_COMPONENT       
           7 AIRCRAFT_V_WIND_COMPONENT       
           8 AIRCRAFT_TEMPERATURE            
           9 ACARS_U_WIND_COMPONENT          
          10 ACARS_V_WIND_COMPONENT          
          11 ACARS_TEMPERATURE               
          12 MARINE_SFC_U_WIND_COMPONENT     
          13 MARINE_SFC_V_WIND_COMPONENT     
          14 MARINE_SFC_TEMPERATURE          
          15 MARINE_SFC_SPECIFIC_HUMIDITY    
          16 LAND_SFC_U_WIND_COMPONENT       
          17 LAND_SFC_V_WIND_COMPONENT       
          18 LAND_SFC_TEMPERATURE            
          19 LAND_SFC_SPECIFIC_HUMIDITY      
          20 SAT_U_WIND_COMPONENT            
          21 SAT_V_WIND_COMPONENT            
          22 ATOV_TEMPERATURE                
          23 AIRS_TEMPERATURE                
          24 AIRS_SPECIFIC_HUMIDITY          
          25 CLOUD_FRACTION                  
          26 CLOUD_LIQUID_WATER              
          27 CLOUD_ICE                       
  num_copies:            2  num_qc:            1
  num_obs:           11  max_num_obs:           11
observations                                                                                                                     
truth                                                                                                                            
qc                                                                                                                               
  first:            1  last:           11
 OBS            1
   284.893460536463     
   284.929748535156     
  0.000000000000000E+000
          -1           2          -1
obdef
loc3d
       3.03250957534015      -0.54713129922808      20.00000000000000        1
kind
     -736940
     0     139338
  1.000000000000000E-003
 OBS            2
   286.342114496622     
   286.354248046875     
  0.000000000000000E+000
           1           3          -1
obdef
loc3d
       3.03250957534015      -0.54713129922808      21.00000000000000        1
kind
     -736941
     0     139338
  1.000000000000000E-003
 OBS            3
   283.984917184698     
   283.956329345703     
  0.000000000000000E+000
           2           4          -1
obdef
loc3d
       3.03250957534015      -0.58243006802799      20.00000000000000        1
kind
     -733484
     0     139338
  1.000000000000000E-003
 OBS            4
   285.389911176116     
   285.378875732422     
  0.000000000000000E+000
           3           5          -1
obdef
loc3d
       3.03250957534015      -0.58243006802799      21.00000000000000        1
kind
     -733485
     0     139338
  1.000000000000000E-003
 OBS            5
   283.367990601235     
   283.351379394531     
  0.000000000000000E+000
           4           6          -1
obdef
loc3d
       3.07614280664001      -0.58243006802799      20.00000000000000        1
kind
     -733508
     0     139338
  1.000000000000000E-003
 OBS            6
   284.744586867223     
   284.772888183594     
  0.000000000000000E+000
           5           7          -1
obdef
loc3d
       3.07614280664001      -0.58243006802799      21.00000000000000        1
kind
     -733509
     0     139338
  1.000000000000000E-003
 OBS            7
   284.437324607699     
   284.461914062500     
  0.000000000000000E+000
           6           8          -1
obdef
loc3d
       3.07614280664001      -0.54713129922808      20.00000000000000        1
kind
     -736964
     0     139338
  1.000000000000000E-003
 OBS            8
   285.861127505778     
   285.884918212891     
  0.000000000000000E+000
           7           9          -1
obdef
loc3d
       3.07614280664001      -0.54713129922808      21.00000000000000        1
kind
     -736965
     0     139338
  1.000000000000000E-003
 OBS            9
   282.339375281228     
   282.337410609998     
  0.000000000000000E+000
           8          10          -1
obdef
loc3d
       3.05432619099008      -0.56478854594536   94680.00000000000000        2
kind
           4
     0     139338
  1.000000000000000E-003
 OBS           10
   283.039130123138     
   283.033794289783     
  0.000000000000000E+000
           9          11          -1
obdef
loc3d
       3.05432619099008      -0.56478854594536   95500.00000000000000        2
kind
           4
     0     139338
  1.000000000000000E-003
 OBS           11
   283.759380580649     
   283.723668208853     
  0.000000000000000E+000
          10          -1          -1
obdef
loc3d
       3.05432619099008      -0.56478854594536   96310.00000000000000        2
kind
           4
     0     139338
  1.000000000000000E-003
