 obs_sequence
obs_kind_definitions
           2
           9 MODIS_LEAF_AREA_INDEX           
          21 MODIS_FPAR                      
  num_copies:            1  num_qc:            1
  num_obs:           58  max_num_obs:           58
observation                                                     
MODIS QC                                                        
  first:            1  last:           58
 OBS            1
  0.32000000000000001     
   0.0000000000000000     
          -1           2          -1
obdef
loc3d
     5.023267026749920        0.7423234374582282         0.000000000000000     -1
kind
          21
     0     145788
  6.55360000000000014E-004
 OBS            2
  0.60000000000000009     
   0.0000000000000000     
           1           3          -1
obdef
loc3d
     5.023267026749920        0.7423234374582282         0.000000000000000     -1
kind
           9
     0     145788
  1.00000000000000019E-002
 OBS            3
  0.47000000000000003     
   0.0000000000000000     
           2           4          -1
obdef
loc3d
     5.023267026749920        0.7423234374582282         0.000000000000000     -1
kind
          21
     0     145820
  1.41376000000000002E-003
 OBS            4
   1.0000000000000000     
   0.0000000000000000     
           3           5          -1
obdef
loc3d
     5.023267026749920        0.7423234374582282         0.000000000000000     -1
kind
           9
     0     145820
  1.00000000000000019E-002
 OBS            5
  0.37000000000000000     
   0.0000000000000000     
           4           6          -1
obdef
loc3d
     5.023267026749920        0.7423234374582282         0.000000000000000     -1
kind
          21
     0     145836
  6.70810000000000200E-004
 OBS            6
  0.80000000000000004     
   0.0000000000000000     
           5           7          -1
obdef
loc3d
     5.023267026749920        0.7423234374582282         0.000000000000000     -1
kind
           9
     0     145836
  1.00000000000000019E-002
 OBS            7
  0.47999999999999998     
   0.0000000000000000     
           6           8          -1
obdef
loc3d
     5.023267026749920        0.7423234374582282         0.000000000000000     -1
kind
          21
     0     145852
  1.12896000000000025E-003
 OBS            8
   1.2000000000000002     
   0.0000000000000000     
           7           9          -1
obdef
loc3d
     5.023267026749920        0.7423234374582282         0.000000000000000     -1
kind
           9
     0     145852
  1.00000000000000019E-002
 OBS            9
  0.48999999999999999     
   0.0000000000000000     
           8          10          -1
obdef
loc3d
     5.023267026749920        0.7423234374582282         0.000000000000000     -1
kind
          21
     0     145860
  1.17649000000000030E-003
 OBS           10
   1.3000000000000000     
   0.0000000000000000     
           9          11          -1
obdef
loc3d
     5.023267026749920        0.7423234374582282         0.000000000000000     -1
kind
           9
     0     145860
  1.00000000000000019E-002
 OBS           11
  0.67000000000000004     
   0.0000000000000000     
          10          12          -1
obdef
loc3d
     5.023267026749920        0.7423234374582282         0.000000000000000     -1
kind
          21
     0     145868
  4.04010000000000003E-004
 OBS           12
   2.1000000000000001     
   0.0000000000000000     
          11          13          -1
obdef
loc3d
     5.023267026749920        0.7423234374582282         0.000000000000000     -1
kind
           9
     0     145868
  1.00000000000000019E-002
 OBS           13
  0.93000000000000005     
   0.0000000000000000     
          12          14          -1
obdef
loc3d
     5.023267026749920        0.7423234374582282         0.000000000000000     -1
kind
          21
     0     145876
  8.64900000000000206E-005
 OBS           14
   6.1000000000000005     
   0.0000000000000000     
          13          15          -1
obdef
loc3d
     5.023267026749920        0.7423234374582282         0.000000000000000     -1
kind
           9
     0     145876
  1.00000000000000019E-002
 OBS           15
  0.84999999999999998     
   0.0000000000000000     
          14          16          -1
obdef
loc3d
     5.023267026749920        0.7423234374582282         0.000000000000000     -1
kind
          21
     0     145884
  3.54025000000000043E-003
 OBS           16
   4.8000000000000007     
   0.0000000000000000     
          15          17          -1
obdef
loc3d
     5.023267026749920        0.7423234374582282         0.000000000000000     -1
kind
           9
     0     145884
  1.00000000000000019E-002
 OBS           17
  0.83000000000000007     
   0.0000000000000000     
          16          18          -1
obdef
loc3d
     5.023267026749920        0.7423234374582282         0.000000000000000     -1
kind
          21
     0     145892
  5.58009000000000022E-003
 OBS           18
   4.5000000000000000     
   0.0000000000000000     
          17          19          -1
obdef
loc3d
     5.023267026749920        0.7423234374582282         0.000000000000000     -1
kind
           9
     0     145892
  1.00000000000000019E-002
 OBS           19
  0.85999999999999999     
   0.0000000000000000     
          18          20          -1
obdef
loc3d
     5.023267026749920        0.7423234374582282         0.000000000000000     -1
kind
          21
     0     145900
  2.66256000000000001E-003
 OBS           20
   4.9000000000000004     
   0.0000000000000000     
          19          21          -1
obdef
loc3d
     5.023267026749920        0.7423234374582282         0.000000000000000     -1
kind
           9
     0     145900
  1.00000000000000019E-002
 OBS           21
  0.93000000000000005     
   0.0000000000000000     
          20          22          -1
obdef
loc3d
     5.023267026749920        0.7423234374582282         0.000000000000000     -1
kind
          21
     0     145908
   0.0000000000000000     
 OBS           22
   6.5000000000000000     
   0.0000000000000000     
          21          23          -1
obdef
loc3d
     5.023267026749920        0.7423234374582282         0.000000000000000     -1
kind
           9
     0     145908
  1.00000000000000019E-002
 OBS           23
  0.45000000000000001     
   0.0000000000000000     
          22          24          -1
obdef
loc3d
     5.023267026749920        0.7423234374582282         0.000000000000000     -1
kind
          21
     0     145916
  9.92250000000000510E-004
 OBS           24
   1.2000000000000002     
   0.0000000000000000     
          23          25          -1
obdef
loc3d
     5.023267026749920        0.7423234374582282         0.000000000000000     -1
kind
           9
     0     145916
  1.00000000000000019E-002
 OBS           25
  0.83999999999999997     
   0.0000000000000000     
          24          26          -1
obdef
loc3d
     5.023267026749920        0.7423234374582282         0.000000000000000     -1
kind
          21
     0     145924
  4.51583999999999926E-003
 OBS           26
   4.6000000000000005     
   0.0000000000000000     
          25          27          -1
obdef
loc3d
     5.023267026749920        0.7423234374582282         0.000000000000000     -1
kind
           9
     0     145924
  1.00000000000000019E-002
 OBS           27
  0.87000000000000000     
   0.0000000000000000     
          26          28          -1
obdef
loc3d
     5.023267026749920        0.7423234374582282         0.000000000000000     -1
kind
          21
     0     145932
  2.72483999999999964E-003
 OBS           28
   4.8000000000000007     
   0.0000000000000000     
          27          29          -1
obdef
loc3d
     5.023267026749920        0.7423234374582282         0.000000000000000     -1
kind
           9
     0     145932
  1.00000000000000019E-002
 OBS           29
  0.89000000000000001     
   0.0000000000000000     
          28          30          -1
obdef
loc3d
     5.023267026749920        0.7423234374582282         0.000000000000000     -1
kind
          21
     0     145964
  1.98025000000000024E-003
 OBS           30
   4.6000000000000005     
   0.0000000000000000     
          29          31          -1
obdef
loc3d
     5.023267026749920        0.7423234374582282         0.000000000000000     -1
kind
           9
     0     145964
  1.00000000000000019E-002
 OBS           31
  0.91000000000000003     
   0.0000000000000000     
          30          32          -1
obdef
loc3d
     5.023267026749920        0.7423234374582282         0.000000000000000     -1
kind
          21
     0     145980
  1.32496000000000003E-003
 OBS           32
   5.0000000000000000     
   0.0000000000000000     
          31          33          -1
obdef
loc3d
     5.023267026749920        0.7423234374582282         0.000000000000000     -1
kind
           9
     0     145980
  1.00000000000000019E-002
 OBS           33
  0.90000000000000002     
   0.0000000000000000     
          32          34          -1
obdef
loc3d
     5.023267026749920        0.7423234374582282         0.000000000000000     -1
kind
          21
     0     145988
  2.02500000000000032E-003
 OBS           34
   4.8000000000000007     
   0.0000000000000000     
          33          35          -1
obdef
loc3d
     5.023267026749920        0.7423234374582282         0.000000000000000     -1
kind
           9
     0     145988
  1.00000000000000019E-002
 OBS           35
  0.88000000000000000     
   0.0000000000000000     
          34          36          -1
obdef
loc3d
     5.023267026749920        0.7423234374582282         0.000000000000000     -1
kind
          21
     0     145996
  2.78783999999999976E-003
 OBS           36
   4.5000000000000000     
   0.0000000000000000     
          35          37          -1
obdef
loc3d
     5.023267026749920        0.7423234374582282         0.000000000000000     -1
kind
           9
     0     145996
  1.00000000000000019E-002
 OBS           37
  0.89000000000000001     
   0.0000000000000000     
          36          38          -1
obdef
loc3d
     5.023267026749920        0.7423234374582282         0.000000000000000     -1
kind
          21
     0     146004
  2.85155999999999951E-003
 OBS           38
   4.6000000000000005     
   0.0000000000000000     
          37          39          -1
obdef
loc3d
     5.023267026749920        0.7423234374582282         0.000000000000000     -1
kind
           9
     0     146004
  1.00000000000000019E-002
 OBS           39
  0.71999999999999997     
   0.0000000000000000     
          38          40          -1
obdef
loc3d
     5.023267026749920        0.7423234374582282         0.000000000000000     -1
kind
          21
     0     146012
  2.54016000000000007E-003
 OBS           40
   2.2000000000000002     
   0.0000000000000000     
          39          41          -1
obdef
loc3d
     5.023267026749920        0.7423234374582282         0.000000000000000     -1
kind
           9
     0     146012
  1.00000000000000019E-002
 OBS           41
  0.64000000000000001     
   0.0000000000000000     
          40          42          -1
obdef
loc3d
     5.023267026749920        0.7423234374582282         0.000000000000000     -1
kind
          21
     0     146020
  2.62144000000000005E-003
 OBS           42
   1.2000000000000002     
   0.0000000000000000     
          41          43          -1
obdef
loc3d
     5.023267026749920        0.7423234374582282         0.000000000000000     -1
kind
           9
     0     146020
  1.00000000000000019E-002
 OBS           43
  0.53000000000000003     
   0.0000000000000000     
          42          44          -1
obdef
loc3d
     5.023267026749920        0.7423234374582282         0.000000000000000     -1
kind
          21
     0     146028
  1.79776000000000003E-003
 OBS           44
  0.90000000000000002     
   0.0000000000000000     
          43          45          -1
obdef
loc3d
     5.023267026749920        0.7423234374582282         0.000000000000000     -1
kind
           9
     0     146028
  1.00000000000000019E-002
 OBS           45
  0.52000000000000002     
   0.0000000000000000     
          44          46          -1
obdef
loc3d
     5.023267026749920        0.7423234374582282         0.000000000000000     -1
kind
          21
     0     146036
  1.73056000000000034E-003
 OBS           46
  0.90000000000000002     
   0.0000000000000000     
          45          47          -1
obdef
loc3d
     5.023267026749920        0.7423234374582282         0.000000000000000     -1
kind
           9
     0     146036
  1.00000000000000019E-002
 OBS           47
  0.48999999999999999     
   0.0000000000000000     
          46          48          -1
obdef
loc3d
     5.023267026749920        0.7423234374582282         0.000000000000000     -1
kind
          21
     0     146044
  1.17649000000000030E-003
 OBS           48
  0.80000000000000004     
   0.0000000000000000     
          47          49          -1
obdef
loc3d
     5.023267026749920        0.7423234374582282         0.000000000000000     -1
kind
           9
     0     146044
  1.00000000000000019E-002
 OBS           49
  0.51000000000000001     
   0.0000000000000000     
          48          50          -1
obdef
loc3d
     5.023267026749920        0.7423234374582282         0.000000000000000     -1
kind
          21
     0     146052
  1.27449000000000008E-003
 OBS           50
  0.90000000000000002     
   0.0000000000000000     
          49          51          -1
obdef
loc3d
     5.023267026749920        0.7423234374582282         0.000000000000000     -1
kind
           9
     0     146052
  1.00000000000000019E-002
 OBS           51
  0.45000000000000001     
   0.0000000000000000     
          50          52          -1
obdef
loc3d
     5.023267026749920        0.7423234374582282         0.000000000000000     -1
kind
          21
     0     146060
  9.92250000000000510E-004
 OBS           52
  0.70000000000000007     
   0.0000000000000000     
          51          53          -1
obdef
loc3d
     5.023267026749920        0.7423234374582282         0.000000000000000     -1
kind
           9
     0     146060
  1.00000000000000019E-002
 OBS           53
  0.47000000000000003     
   0.0000000000000000     
          52          54          -1
obdef
loc3d
     5.023267026749920        0.7423234374582282         0.000000000000000     -1
kind
          21
     0     146068
  7.95240000000000009E-004
 OBS           54
  0.70000000000000007     
   0.0000000000000000     
          53          55          -1
obdef
loc3d
     5.023267026749920        0.7423234374582282         0.000000000000000     -1
kind
           9
     0     146068
  1.00000000000000019E-002
 OBS           55
  0.50000000000000000     
   0.0000000000000000     
          54          56          -1
obdef
loc3d
     5.023267026749920        0.7423234374582282         0.000000000000000     -1
kind
          21
     0     146076
  1.22500000000000018E-003
 OBS           56
  0.80000000000000004     
   0.0000000000000000     
          55          57          -1
obdef
loc3d
     5.023267026749920        0.7423234374582282         0.000000000000000     -1
kind
           9
     0     146076
  1.00000000000000019E-002
 OBS           57
  0.33000000000000002     
   0.0000000000000000     
          56          58          -1
obdef
loc3d
     5.023267026749920        0.7423234374582282         0.000000000000000     -1
kind
          21
     0     146084
  5.33610000000000117E-004
 OBS           58
  0.50000000000000000     
   0.0000000000000000     
          57          -1          -1
obdef
loc3d
     5.023267026749920        0.7423234374582282         0.000000000000000     -1
kind
           9
     0     146084
  1.00000000000000019E-002
