  num_copies:  2  num_qc:  1
  num_obs:  300  max_num_obs:  300
observations                                                                                                                     
truth                                                                                                                            
Quality Control                                                                                                                  
  first:  1  last:  300
 OBS  1
 -8.829482909557219
 -5.583785635700480
 0.000000000000000E+00
 -1 2 -1
obdef
loc1d
 0.000000000000000E+00
kind
 -1
           0            0
 8.000000000000000
 OBS  2
 -0.7286668749228975
 0.3565908520807170
 0.000000000000000E+00
 1 3 -1
obdef
loc1d
 0.3333333432674408
kind
 -2
           0            0
 8.000000000000000
 OBS  3
 33.40956852705077
 30.85259447416420
 0.000000000000000E+00
 2 4 -1
obdef
loc1d
 0.6666666865348816
kind
 -3
           0            0
 8.000000000000000
 OBS  4
 -1.835776695387668
 -2.822816785826585
 0.000000000000000E+00
 3 5 -1
obdef
loc1d
 0.000000000000000E+00
kind
 -1
       21600            0
 8.000000000000000
 OBS  5
 1.986423670334351
 0.5006721751901323
 0.000000000000000E+00
 4 6 -1
obdef
loc1d
 0.3333333432674408
kind
 -2
       21600            0
 8.000000000000000
 OBS  6
 23.64119335395949
 26.17254004424105
 0.000000000000000E+00
 5 7 -1
obdef
loc1d
 0.6666666865348816
kind
 -3
       21600            0
 8.000000000000000
 OBS  7
 -3.632919012221456
 -1.433571313670523
 0.000000000000000E+00
 6 8 -1
obdef
loc1d
 0.000000000000000E+00
kind
 -1
       43200            0
 8.000000000000000
 OBS  8
 -2.083685781283050
 4.421975219125394E-02
 0.000000000000000E+00
 7 9 -1
obdef
loc1d
 0.3333333432674408
kind
 -2
       43200            0
 8.000000000000000
 OBS  9
 22.44477945995397
 22.26905392308518
 0.000000000000000E+00
 8 10 -1
obdef
loc1d
 0.6666666865348816
kind
 -3
       43200            0
 8.000000000000000
 OBS  10
 -0.4096726894006894
 -0.8869241333844142
 0.000000000000000E+00
 9 11 -1
obdef
loc1d
 0.000000000000000E+00
kind
 -1
       64800            0
 8.000000000000000
 OBS  11
 2.766907377250004
 -0.4273042616733120
 0.000000000000000E+00
 10 12 -1
obdef
loc1d
 0.3333333432674408
kind
 -2
       64800            0
 8.000000000000000
 OBS  12
 16.30737999611314
 18.98788777798545
 0.000000000000000E+00
 11 13 -1
obdef
loc1d
 0.6666666865348816
kind
 -3
       64800            0
 8.000000000000000
 OBS  13
 0.7527646659453907
 -0.7940815415800614
 0.000000000000000E+00
 12 14 -1
obdef
loc1d
 0.000000000000000E+00
kind
 -1
           0            1
 8.000000000000000
 OBS  14
 4.122666504325786
 -0.8947542012929892
 0.000000000000000E+00
 13 15 -1
obdef
loc1d
 0.3333333432674408
kind
 -2
           0            1
 8.000000000000000
 OBS  15
 17.58986939290744
 16.21028987423090
 0.000000000000000E+00
 14 16 -1
obdef
loc1d
 0.6666666865348816
kind
 -3
           0            1
 8.000000000000000
 OBS  16
 0.4951663356175255
 -0.9812665489324290
 0.000000000000000E+00
 15 17 -1
obdef
loc1d
 0.000000000000000E+00
kind
 -1
       21600            1
 8.000000000000000
 OBS  17
 1.121280053591459
 -1.501458685604558
 0.000000000000000E+00
 16 18 -1
obdef
loc1d
 0.3333333432674408
kind
 -2
       21600            1
 8.000000000000000
 OBS  18
 15.23230973113047
 13.87142817700693
 0.000000000000000E+00
 17 19 -1
obdef
loc1d
 0.6666666865348816
kind
 -3
       21600            1
 8.000000000000000
 OBS  19
 -0.2202605984118888
 -1.435471843125327
 0.000000000000000E+00
 18 20 -1
obdef
loc1d
 0.000000000000000E+00
kind
 -1
       43200            1
 8.000000000000000
 OBS  20
 -0.3352494704291722
 -2.462352731439067
 0.000000000000000E+00
 19 21 -1
obdef
loc1d
 0.3333333432674408
kind
 -2
       43200            1
 8.000000000000000
 OBS  21
 12.46126723000161
 11.95140942485131
 0.000000000000000E+00
 20 22 -1
obdef
loc1d
 0.6666666865348816
kind
 -3
       43200            1
 8.000000000000000
 OBS  22
 -2.660612477892574
 -2.271321136452424
 0.000000000000000E+00
 21 23 -1
obdef
loc1d
 0.000000000000000E+00
kind
 -1
       64800            1
 8.000000000000000
 OBS  23
 -6.010103884409276
 -4.103866318266374
 0.000000000000000E+00
 22 24 -1
obdef
loc1d
 0.3333333432674408
kind
 -2
       64800            1
 8.000000000000000
 OBS  24
 14.49465422711595
 10.51732875302231
 0.000000000000000E+00
 23 25 -1
obdef
loc1d
 0.6666666865348816
kind
 -3
       64800            1
 8.000000000000000
 OBS  25
 -0.1648077759746993
 -3.742835352323564
 0.000000000000000E+00
 24 26 -1
obdef
loc1d
 0.000000000000000E+00
kind
 -1
           0            2
 8.000000000000000
 OBS  26
 -7.118488715370202
 -6.938640541454298
 0.000000000000000E+00
 25 27 -1
obdef
loc1d
 0.3333333432674408
kind
 -2
           0            2
 8.000000000000000
 OBS  27
 5.888410122809988
 9.872258022854218
 0.000000000000000E+00
 26 28 -1
obdef
loc1d
 0.6666666865348816
kind
 -3
           0            2
 8.000000000000000
 OBS  28
 -6.357478478421064
 -6.262403473569925
 0.000000000000000E+00
 27 29 -1
obdef
loc1d
 0.000000000000000E+00
kind
 -1
       21600            2
 8.000000000000000
 OBS  29
 -14.02814279092272
 -11.60320067896132
 0.000000000000000E+00
 28 30 -1
obdef
loc1d
 0.3333333432674408
kind
 -2
       21600            2
 8.000000000000000
 OBS  30
 11.91652436841447
 10.96928214523092
 0.000000000000000E+00
 29 31 -1
obdef
loc1d
 0.6666666865348816
kind
 -3
       21600            2
 8.000000000000000
 OBS  31
 -8.676027034449282
 -10.21111728706370
 0.000000000000000E+00
 30 32 -1
obdef
loc1d
 0.000000000000000E+00
kind
 -1
       43200            2
 8.000000000000000
 OBS  32
 -23.17840887793837
 -17.88644709012996
 0.000000000000000E+00
 31 33 -1
obdef
loc1d
 0.3333333432674408
kind
 -2
       43200            2
 8.000000000000000
 OBS  33
 15.27479104098566
 16.16106200748148
 0.000000000000000E+00
 32 34 -1
obdef
loc1d
 0.6666666865348816
kind
 -3
       43200            2
 8.000000000000000
 OBS  34
 -10.99735923624177
 -14.80713166726190
 0.000000000000000E+00
 33 35 -1
obdef
loc1d
 0.000000000000000E+00
kind
 -1
       64800            2
 8.000000000000000
 OBS  35
 -17.10133148832738
 -21.24737730488329
 0.000000000000000E+00
 34 36 -1
obdef
loc1d
 0.3333333432674408
kind
 -2
       64800            2
 8.000000000000000
 OBS  36
 24.42654935430861
 28.05076958662449
 0.000000000000000E+00
 35 37 -1
obdef
loc1d
 0.6666666865348816
kind
 -3
       64800            2
 8.000000000000000
 OBS  37
 -13.07822267444724
 -16.25345518242271
 0.000000000000000E+00
 36 38 -1
obdef
loc1d
 0.000000000000000E+00
kind
 -1
           0            3
 8.000000000000000
 OBS  38
 -13.11585651777984
 -13.51218289247227
 0.000000000000000E+00
 37 39 -1
obdef
loc1d
 0.3333333432674408
kind
 -2
           0            3
 8.000000000000000
 OBS  39
 39.72717748051082
 40.15459583699894
 0.000000000000000E+00
 38 40 -1
obdef
loc1d
 0.6666666865348816
kind
 -3
           0            3
 8.000000000000000
 OBS  40
 -13.42954078197294
 -11.87529277948763
 0.000000000000000E+00
 39 41 -1
obdef
loc1d
 0.000000000000000E+00
kind
 -1
       21600            3
 8.000000000000000
 OBS  41
 -1.700983340051391
 -1.598792946488820
 0.000000000000000E+00
 40 42 -1
obdef
loc1d
 0.3333333432674408
kind
 -2
       21600            3
 8.000000000000000
 OBS  42
 42.74038897010790
 40.07994420432784
 0.000000000000000E+00
 41 43 -1
obdef
loc1d
 0.6666666865348816
kind
 -3
       21600            3
 8.000000000000000
 OBS  43
 -6.376368291428744
 -5.769386321634349
 0.000000000000000E+00
 42 44 -1
obdef
loc1d
 0.000000000000000E+00
kind
 -1
       43200            3
 8.000000000000000
 OBS  44
 -3.007533008414774
 3.212894901383240
 0.000000000000000E+00
 43 45 -1
obdef
loc1d
 0.3333333432674408
kind
 -2
       43200            3
 8.000000000000000
 OBS  45
 36.01672267253896
 33.57845567059708
 0.000000000000000E+00
 44 46 -1
obdef
loc1d
 0.6666666865348816
kind
 -3
       43200            3
 8.000000000000000
 OBS  46
 -0.3513655263421922
 -1.536260048243453
 0.000000000000000E+00
 45 47 -1
obdef
loc1d
 0.000000000000000E+00
kind
 -1
       64800            3
 8.000000000000000
 OBS  47
 0.8837332261173794
 3.663554274036843
 0.000000000000000E+00
 46 48 -1
obdef
loc1d
 0.3333333432674408
kind
 -2
       64800            3
 8.000000000000000
 OBS  48
 27.28691403886472
 27.94379462862380
 0.000000000000000E+00
 47 49 -1
obdef
loc1d
 0.6666666865348816
kind
 -3
       64800            3
 8.000000000000000
 OBS  49
 -3.126608078047116
 0.7478804363435747
 0.000000000000000E+00
 48 50 -1
obdef
loc1d
 0.000000000000000E+00
kind
 -1
           0            4
 8.000000000000000
 OBS  50
 0.5117673165122909
 3.465780354900569
 0.000000000000000E+00
 49 51 -1
obdef
loc1d
 0.3333333432674408
kind
 -2
           0            4
 8.000000000000000
 OBS  51
 27.36013930967077
 23.76487316608208
 0.000000000000000E+00
 50 52 -1
obdef
loc1d
 0.6666666865348816
kind
 -3
           0            4
 8.000000000000000
 OBS  52
 -0.7320625810315855
 2.023899725609731
 0.000000000000000E+00
 51 53 -1
obdef
loc1d
 0.000000000000000E+00
kind
 -1
       21600            4
 8.000000000000000
 OBS  53
 6.451409567850009
 3.783661946441649
 0.000000000000000E+00
 52 54 -1
obdef
loc1d
 0.3333333432674408
kind
 -2
       21600            4
 8.000000000000000
 OBS  54
 20.37094435983918
 20.54095401970891
 0.000000000000000E+00
 53 55 -1
obdef
loc1d
 0.6666666865348816
kind
 -3
       21600            4
 8.000000000000000
 OBS  55
 3.655451955079561
 3.054648297607501
 0.000000000000000E+00
 54 56 -1
obdef
loc1d
 0.000000000000000E+00
kind
 -1
       43200            4
 8.000000000000000
 OBS  56
 3.574808788584946
 4.872226269434412
 0.000000000000000E+00
 55 57 -1
obdef
loc1d
 0.3333333432674408
kind
 -2
       43200            4
 8.000000000000000
 OBS  57
 22.06088115893581
 18.11327633635768
 0.000000000000000E+00
 56 58 -1
obdef
loc1d
 0.6666666865348816
kind
 -3
       43200            4
 8.000000000000000
 OBS  58
 1.603146111519858
 4.334942487495553
 0.000000000000000E+00
 57 59 -1
obdef
loc1d
 0.000000000000000E+00
kind
 -1
       64800            4
 8.000000000000000
 OBS  59
 6.720459835186572
 6.887693870380208
 0.000000000000000E+00
 58 60 -1
obdef
loc1d
 0.3333333432674408
kind
 -2
       64800            4
 8.000000000000000
 OBS  60
 13.52742216198946
 16.63299730155838
 0.000000000000000E+00
 59 61 -1
obdef
loc1d
 0.6666666865348816
kind
 -3
       64800            4
 8.000000000000000
 OBS  61
 5.710892089389132
 6.214601460493515
 0.000000000000000E+00
 60 62 -1
obdef
loc1d
 0.000000000000000E+00
kind
 -1
           0            5
 8.000000000000000
 OBS  62
 14.44272358401073
 9.992706792476312
 0.000000000000000E+00
 61 63 -1
obdef
loc1d
 0.3333333432674408
kind
 -2
           0            5
 8.000000000000000
 OBS  63
 16.82113782888629
 16.63695026374130
 0.000000000000000E+00
 62 64 -1
obdef
loc1d
 0.6666666865348816
kind
 -3
           0            5
 8.000000000000000
 OBS  64
 13.53432505425848
 8.878357670391663
 0.000000000000000E+00
 63 65 -1
obdef
loc1d
 0.000000000000000E+00
kind
 -1
       21600            5
 8.000000000000000
 OBS  65
 13.24416585905809
 13.89101464240269
 0.000000000000000E+00
 64 66 -1
obdef
loc1d
 0.3333333432674408
kind
 -2
       21600            5
 8.000000000000000
 OBS  66
 16.96339176945508
 19.21886577884657
 0.000000000000000E+00
 65 67 -1
obdef
loc1d
 0.6666666865348816
kind
 -3
       21600            5
 8.000000000000000
 OBS  67
 10.30650847686439
 11.93218091519920
 0.000000000000000E+00
 66 68 -1
obdef
loc1d
 0.000000000000000E+00
kind
 -1
       43200            5
 8.000000000000000
 OBS  68
 22.52040784414454
 16.60342686431486
 0.000000000000000E+00
 67 69 -1
obdef
loc1d
 0.3333333432674408
kind
 -2
       43200            5
 8.000000000000000
 OBS  69
 20.06721069325932
 25.43884693340472
 0.000000000000000E+00
 68 70 -1
obdef
loc1d
 0.6666666865348816
kind
 -3
       43200            5
 8.000000000000000
 OBS  70
 10.81084791330262
 13.73947962360872
 0.000000000000000E+00
 69 71 -1
obdef
loc1d
 0.000000000000000E+00
kind
 -1
       64800            5
 8.000000000000000
 OBS  71
 19.47005511445898
 14.41706606935250
 0.000000000000000E+00
 70 72 -1
obdef
loc1d
 0.3333333432674408
kind
 -2
       64800            5
 8.000000000000000
 OBS  72
 35.77609829051997
 33.27760481578628
 0.000000000000000E+00
 71 73 -1
obdef
loc1d
 0.6666666865348816
kind
 -3
       64800            5
 8.000000000000000
 OBS  73
 8.806862198421378
 12.43639290724687
 0.000000000000000E+00
 72 74 -1
obdef
loc1d
 0.000000000000000E+00
kind
 -1
           0            6
 8.000000000000000
 OBS  74
 6.148893417832555
 7.694671298402447
 0.000000000000000E+00
 73 75 -1
obdef
loc1d
 0.3333333432674408
kind
 -2
           0            6
 8.000000000000000
 OBS  75
 36.69414045178694
 36.63579691638050
 0.000000000000000E+00
 74 76 -1
obdef
loc1d
 0.6666666865348816
kind
 -3
           0            6
 8.000000000000000
 OBS  76
 12.85960162767322
 8.835288573366917
 0.000000000000000E+00
 75 77 -1
obdef
loc1d
 0.000000000000000E+00
kind
 -1
       21600            6
 8.000000000000000
 OBS  77
 4.925925467849199
 2.398632971647325
 0.000000000000000E+00
 76 78 -1
obdef
loc1d
 0.3333333432674408
kind
 -2
       21600            6
 8.000000000000000
 OBS  78
 35.36786920666143
 34.06518806741589
 0.000000000000000E+00
 77 79 -1
obdef
loc1d
 0.6666666865348816
kind
 -3
       21600            6
 8.000000000000000
 OBS  79
 5.845184654524783
 5.382903193012067
 0.000000000000000E+00
 78 80 -1
obdef
loc1d
 0.000000000000000E+00
kind
 -1
       43200            6
 8.000000000000000
 OBS  80
 3.002517264937173
 0.6274272493055497
 0.000000000000000E+00
 79 81 -1
obdef
loc1d
 0.3333333432674408
kind
 -2
       43200            6
 8.000000000000000
 OBS  81
 29.03723119775148
 29.53725260030919
 0.000000000000000E+00
 80 82 -1
obdef
loc1d
 0.6666666865348816
kind
 -3
       43200            6
 8.000000000000000
 OBS  82
 4.249182817870545
 3.220366401322243
 0.000000000000000E+00
 81 83 -1
obdef
loc1d
 0.000000000000000E+00
kind
 -1
       64800            6
 8.000000000000000
 OBS  83
 1.050216151293762
 0.7033895735519187
 0.000000000000000E+00
 82 84 -1
obdef
loc1d
 0.3333333432674408
kind
 -2
       64800            6
 8.000000000000000
 OBS  84
 24.72314825406964
 25.30290997550676
 0.000000000000000E+00
 83 85 -1
obdef
loc1d
 0.6666666865348816
kind
 -3
       64800            6
 8.000000000000000
 OBS  85
 5.251627974626436
 2.235534648060529
 0.000000000000000E+00
 84 86 -1
obdef
loc1d
 0.000000000000000E+00
kind
 -1
           0            7
 8.000000000000000
 OBS  86
 -2.379770794121805
 1.345870909378618
 0.000000000000000E+00
 85 87 -1
obdef
loc1d
 0.3333333432674408
kind
 -2
           0            7
 8.000000000000000
 OBS  87
 24.79700844404091
 21.70619605700295
 0.000000000000000E+00
 86 88 -1
obdef
loc1d
 0.6666666865348816
kind
 -3
           0            7
 8.000000000000000
 OBS  88
 1.824723161317449
 2.042288068141798
 0.000000000000000E+00
 87 89 -1
obdef
loc1d
 0.000000000000000E+00
kind
 -1
       21600            7
 8.000000000000000
 OBS  89
 5.268520017452076
 2.217772138542737
 0.000000000000000E+00
 88 90 -1
obdef
loc1d
 0.3333333432674408
kind
 -2
       21600            7
 8.000000000000000
 OBS  90
 15.98945460793832
 18.70086555410962
 0.000000000000000E+00
 89 91 -1
obdef
loc1d
 0.6666666865348816
kind
 -3
       21600            7
 8.000000000000000
 OBS  91
 1.024898358168930
 2.405893965872190
 0.000000000000000E+00
 90 92 -1
obdef
loc1d
 0.000000000000000E+00
kind
 -1
       43200            7
 8.000000000000000
 OBS  92
 6.997682468022981
 3.436608721529693
 0.000000000000000E+00
 91 93 -1
obdef
loc1d
 0.3333333432674408
kind
 -2
       43200            7
 8.000000000000000
 OBS  93
 15.04450974993032
 16.27768115682230
 0.000000000000000E+00
 92 94 -1
obdef
loc1d
 0.6666666865348816
kind
 -3
       43200            7
 8.000000000000000
 OBS  94
 5.090920588147709
 3.304146369956210
 0.000000000000000E+00
 93 95 -1
obdef
loc1d
 0.000000000000000E+00
kind
 -1
       64800            7
 8.000000000000000
 OBS  95
 0.5710726206354506
 5.315699071606383
 0.000000000000000E+00
 94 96 -1
obdef
loc1d
 0.3333333432674408
kind
 -2
       64800            7
 8.000000000000000
 OBS  96
 13.36982335636387
 14.55497556734258
 0.000000000000000E+00
 95 97 -1
obdef
loc1d
 0.6666666865348816
kind
 -3
       64800            7
 8.000000000000000
 OBS  97
 5.501796504261778
 4.896305728545041
 0.000000000000000E+00
 96 98 -1
obdef
loc1d
 0.000000000000000E+00
kind
 -1
           0            8
 8.000000000000000
 OBS  98
 10.13680930551506
 8.275548404176035
 0.000000000000000E+00
 97 99 -1
obdef
loc1d
 0.3333333432674408
kind
 -2
           0            8
 8.000000000000000
 OBS  99
 7.433039102421201
 13.93593045316259
 0.000000000000000E+00
 98 100 -1
obdef
loc1d
 0.6666666865348816
kind
 -3
           0            8
 8.000000000000000
 OBS  100
 2.614948599632084
 7.442082670492901
 0.000000000000000E+00
 99 101 -1
obdef
loc1d
 0.000000000000000E+00
kind
 -1
       21600            8
 8.000000000000000
 OBS  101
 14.91124344884970
 12.58213238481893
 0.000000000000000E+00
 100 102 -1
obdef
loc1d
 0.3333333432674408
kind
 -2
       21600            8
 8.000000000000000
 OBS  102
 18.95369302657532
 15.44581909248845
 0.000000000000000E+00
 101 103 -1
obdef
loc1d
 0.6666666865348816
kind
 -3
       21600            8
 8.000000000000000
 OBS  103
 15.12456175027087
 10.95501452287491
 0.000000000000000E+00
 102 104 -1
obdef
loc1d
 0.000000000000000E+00
kind
 -1
       43200            8
 8.000000000000000
 OBS  104
 17.77937263310754
 17.20125567163919
 0.000000000000000E+00
 103 105 -1
obdef
loc1d
 0.3333333432674408
kind
 -2
       43200            8
 8.000000000000000
 OBS  105
 20.82835131790231
 20.91119529099339
 0.000000000000000E+00
 104 106 -1
obdef
loc1d
 0.6666666865348816
kind
 -3
       43200            8
 8.000000000000000
 OBS  106
 17.01625239807091
 14.20136247167396
 0.000000000000000E+00
 105 107 -1
obdef
loc1d
 0.000000000000000E+00
kind
 -1
       64800            8
 8.000000000000000
 OBS  107
 19.54209515616671
 17.80144698259252
 0.000000000000000E+00
 106 108 -1
obdef
loc1d
 0.3333333432674408
kind
 -2
       64800            8
 8.000000000000000
 OBS  108
 30.42694436278655
 30.66079253432826
 0.000000000000000E+00
 107 109 -1
obdef
loc1d
 0.6666666865348816
kind
 -3
       64800            8
 8.000000000000000
 OBS  109
 11.68421525324152
 14.30869527493163
 0.000000000000000E+00
 108 110 -1
obdef
loc1d
 0.000000000000000E+00
kind
 -1
           0            9
 8.000000000000000
 OBS  110
 6.261796245479971
 10.74085884868294
 0.000000000000000E+00
 109 111 -1
obdef
loc1d
 0.3333333432674408
kind
 -2
           0            9
 8.000000000000000
 OBS  111
 39.77972577028753
 38.07753141650433
 0.000000000000000E+00
 110 112 -1
obdef
loc1d
 0.6666666865348816
kind
 -3
           0            9
 8.000000000000000
 OBS  112
 10.25749762594190
 10.52655829975202
 0.000000000000000E+00
 111 113 -1
obdef
loc1d
 0.000000000000000E+00
kind
 -1
       21600            9
 8.000000000000000
 OBS  113
 2.892836482739692
 2.604792662693028
 0.000000000000000E+00
 112 114 -1
obdef
loc1d
 0.3333333432674408
kind
 -2
       21600            9
 8.000000000000000
 OBS  114
 35.08233555279055
 36.95560339418940
 0.000000000000000E+00
 113 115 -1
obdef
loc1d
 0.6666666865348816
kind
 -3
       21600            9
 8.000000000000000
 OBS  115
 4.853042190957574
 5.950161960010288
 0.000000000000000E+00
 114 116 -1
obdef
loc1d
 0.000000000000000E+00
kind
 -1
       43200            9
 8.000000000000000
 OBS  116
 -0.7691994856599585
 -0.7209078465561246
 0.000000000000000E+00
 115 117 -1
obdef
loc1d
 0.3333333432674408
kind
 -2
       43200            9
 8.000000000000000
 OBS  117
 33.59626702456828
 31.78817349341283
 0.000000000000000E+00
 116 118 -1
obdef
loc1d
 0.6666666865348816
kind
 -3
       43200            9
 8.000000000000000
 OBS  118
 3.182454353195590
 2.800968375831554
 0.000000000000000E+00
 117 119 -1
obdef
loc1d
 0.000000000000000E+00
kind
 -1
       64800            9
 8.000000000000000
 OBS  119
 -0.5852694952799229
 -1.057095717670057
 0.000000000000000E+00
 118 120 -1
obdef
loc1d
 0.3333333432674408
kind
 -2
       64800            9
 8.000000000000000
 OBS  120
 32.64597700660519
 26.85506150325874
 0.000000000000000E+00
 119 121 -1
obdef
loc1d
 0.6666666865348816
kind
 -3
       64800            9
 8.000000000000000
 OBS  121
 0.8131277340955309
 1.152764792495438
 0.000000000000000E+00
 120 122 -1
obdef
loc1d
 0.000000000000000E+00
kind
 -1
           0           10
 8.000000000000000
 OBS  122
 1.996968839361656
 -0.6758204443645699
 0.000000000000000E+00
 121 123 -1
obdef
loc1d
 0.3333333432674408
kind
 -2
           0           10
 8.000000000000000
 OBS  123
 25.91001845828234
 22.79242413731082
 0.000000000000000E+00
 122 124 -1
obdef
loc1d
 0.6666666865348816
kind
 -3
           0           10
 8.000000000000000
 OBS  124
 2.406481619256585
 0.4154492914284622
 0.000000000000000E+00
 123 125 -1
obdef
loc1d
 0.000000000000000E+00
kind
 -1
       21600           10
 8.000000000000000
 OBS  125
 -1.753488712620620
 -0.3550198100699004
 0.000000000000000E+00
 124 126 -1
obdef
loc1d
 0.3333333432674408
kind
 -2
       21600           10
 8.000000000000000
 OBS  126
 14.38748560868657
 19.40190250325882
 0.000000000000000E+00
 125 127 -1
obdef
loc1d
 0.6666666865348816
kind
 -3
       21600           10
 8.000000000000000
 OBS  127
 4.446013929471562
 0.1130080563623743
 0.000000000000000E+00
 126 128 -1
obdef
loc1d
 0.000000000000000E+00
kind
 -1
       43200           10
 8.000000000000000
 OBS  128
 3.997981693624802
 -0.1985454896627868
 0.000000000000000E+00
 127 129 -1
obdef
loc1d
 0.3333333432674408
kind
 -2
       43200           10
 8.000000000000000
 OBS  129
 16.43210393423204
 16.52987773830223
 0.000000000000000E+00
 128 130 -1
obdef
loc1d
 0.6666666865348816
kind
 -3
       43200           10
 8.000000000000000
 OBS  130
 -2.538619951817665
 -1.387158935986308E-02
 0.000000000000000E+00
 129 131 -1
obdef
loc1d
 0.000000000000000E+00
kind
 -1
       64800           10
 8.000000000000000
 OBS  131
 1.516113195771657
 -0.1587259952168224
 0.000000000000000E+00
 130 132 -1
obdef
loc1d
 0.3333333432674408
kind
 -2
       64800           10
 8.000000000000000
 OBS  132
 9.451791127441778
 14.08571188085591
 0.000000000000000E+00
 131 133 -1
obdef
loc1d
 0.6666666865348816
kind
 -3
       64800           10
 8.000000000000000
 OBS  133
 2.841089230524223
 -8.564757609169155E-02
 0.000000000000000E+00
 132 134 -1
obdef
loc1d
 0.000000000000000E+00
kind
 -1
           0           11
 8.000000000000000
 OBS  134
 1.041739258205894
 -0.1956014018722644
 0.000000000000000E+00
 133 135 -1
obdef
loc1d
 0.3333333432674408
kind
 -2
           0           11
 8.000000000000000
 OBS  135
 10.52201799156374
 12.00379715617703
 0.000000000000000E+00
 134 136 -1
obdef
loc1d
 0.6666666865348816
kind
 -3
           0           11
 8.000000000000000
 OBS  136
 -0.2807685547874040
 -0.1589964729699199
 0.000000000000000E+00
 135 137 -1
obdef
loc1d
 0.000000000000000E+00
kind
 -1
       21600           11
 8.000000000000000
 OBS  137
 3.277283670132087
 -0.3039487539278550
 0.000000000000000E+00
 136 138 -1
obdef
loc1d
 0.3333333432674408
kind
 -2
       21600           11
 8.000000000000000
 OBS  138
 10.68562887315835
 10.23084280187855
 0.000000000000000E+00
 137 139 -1
obdef
loc1d
 0.6666666865348816
kind
 -3
       21600           11
 8.000000000000000
 OBS  139
 -1.289310106162441
 -0.2716258905396625
 0.000000000000000E+00
 138 140 -1
obdef
loc1d
 0.000000000000000E+00
kind
 -1
       43200           11
 8.000000000000000
 OBS  140
 0.5107290863584878
 -0.5148274723851379
 0.000000000000000E+00
 139 141 -1
obdef
loc1d
 0.3333333432674408
kind
 -2
       43200           11
 8.000000000000000
 OBS  141
 7.962824166539623
 8.723138290662504
 0.000000000000000E+00
 140 142 -1
obdef
loc1d
 0.6666666865348816
kind
 -3
       43200           11
 8.000000000000000
 OBS  142
 2.097557943462651
 -0.4690504502190506
 0.000000000000000E+00
 141 143 -1
obdef
loc1d
 0.000000000000000E+00
kind
 -1
       64800           11
 8.000000000000000
 OBS  143
 -5.255602724767422
 -0.9056548930947648
 0.000000000000000E+00
 142 144 -1
obdef
loc1d
 0.3333333432674408
kind
 -2
       64800           11
 8.000000000000000
 OBS  144
 4.152378799599838
 7.447866455341975
 0.000000000000000E+00
 143 145 -1
obdef
loc1d
 0.6666666865348816
kind
 -3
       64800           11
 8.000000000000000
 OBS  145
 1.545438586043063
 -0.8286296668970190
 0.000000000000000E+00
 144 146 -1
obdef
loc1d
 0.000000000000000E+00
kind
 -1
           0           12
 8.000000000000000
 OBS  146
 4.107262166941132
 -1.631161938955246
 0.000000000000000E+00
 145 147 -1
obdef
loc1d
 0.3333333432674408
kind
 -2
           0           12
 8.000000000000000
 OBS  147
 9.872102394059613
 6.391645267784573
 0.000000000000000E+00
 146 148 -1
obdef
loc1d
 0.6666666865348816
kind
 -3
           0           12
 8.000000000000000
 OBS  148
 0.2384852363740113
 -1.494471851717187
 0.000000000000000E+00
 147 149 -1
obdef
loc1d
 0.000000000000000E+00
kind
 -1
       21600           12
 8.000000000000000
 OBS  149
 0.4088427857924879
 -2.987876745800047
 0.000000000000000E+00
 148 150 -1
obdef
loc1d
 0.3333333432674408
kind
 -2
       21600           12
 8.000000000000000
 OBS  150
 6.504705817013409
 5.592889573556331
 0.000000000000000E+00
 149 151 -1
obdef
loc1d
 0.6666666865348816
kind
 -3
       21600           12
 8.000000000000000
 OBS  151
 -5.326868487233160
 -2.736984794703902
 0.000000000000000E+00
 150 152 -1
obdef
loc1d
 0.000000000000000E+00
kind
 -1
       43200           12
 8.000000000000000
 OBS  152
 -4.782932114702853
 -5.524527326374008
 0.000000000000000E+00
 151 153 -1
obdef
loc1d
 0.3333333432674408
kind
 -2
       43200           12
 8.000000000000000
 OBS  153
 2.734906300297198
 5.257002574853239
 0.000000000000000E+00
 152 154 -1
obdef
loc1d
 0.6666666865348816
kind
 -3
       43200           12
 8.000000000000000
 OBS  154
 -5.593350709131830
 -5.038410983462601
 0.000000000000000E+00
 153 155 -1
obdef
loc1d
 0.000000000000000E+00
kind
 -1
       64800           12
 8.000000000000000
 OBS  155
 -8.213867488655113
 -10.13644512586194
 0.000000000000000E+00
 154 156 -1
obdef
loc1d
 0.3333333432674408
kind
 -2
       64800           12
 8.000000000000000
 OBS  156
 3.567927598609938
 6.145866351639782
 0.000000000000000E+00
 155 157 -1
obdef
loc1d
 0.6666666865348816
kind
 -3
       64800           12
 8.000000000000000
 OBS  157
 -14.54022056926946
 -9.075811554873642
 0.000000000000000E+00
 156 158 -1
obdef
loc1d
 0.000000000000000E+00
kind
 -1
           0           13
 8.000000000000000
 OBS  158
 -19.55470536354663
 -17.52155313058186
 0.000000000000000E+00
 157 159 -1
obdef
loc1d
 0.3333333432674408
kind
 -2
           0           13
 8.000000000000000
 OBS  159
 12.55017050136705
 10.65503618719896
 0.000000000000000E+00
 158 160 -1
obdef
loc1d
 0.6666666865348816
kind
 -3
           0           13
 8.000000000000000
 OBS  160
 -14.03982621520516
 -14.78959709967302
 0.000000000000000E+00
 159 161 -1
obdef
loc1d
 0.000000000000000E+00
kind
 -1
       21600           13
 8.000000000000000
 OBS  161
 -22.15344815678464
 -24.26892235028783
 0.000000000000000E+00
 160 162 -1
obdef
loc1d
 0.3333333432674408
kind
 -2
       21600           13
 8.000000000000000
 OBS  162
 18.96222958121493
 23.50709909806033
 0.000000000000000E+00
 161 163 -1
obdef
loc1d
 0.6666666865348816
kind
 -3
       21600           13
 8.000000000000000
 OBS  163
 -19.29075467674317
 -18.16995494542450
 0.000000000000000E+00
 162 164 -1
obdef
loc1d
 0.000000000000000E+00
kind
 -1
       43200           13
 8.000000000000000
 OBS  164
 -10.85227366485007
 -17.65929639913116
 0.000000000000000E+00
 163 165 -1
obdef
loc1d
 0.3333333432674408
kind
 -2
       43200           13
 8.000000000000000
 OBS  165
 42.01162395906140
 41.26022552771908
 0.000000000000000E+00
 164 166 -1
obdef
loc1d
 0.6666666865348816
kind
 -3
       43200           13
 8.000000000000000
 OBS  166
 -16.59573283368388
 -13.67027131429456
 0.000000000000000E+00
 165 167 -1
obdef
loc1d
 0.000000000000000E+00
kind
 -1
       64800           13
 8.000000000000000
 OBS  167
 1.115984418748887
 -1.045166929610063
 0.000000000000000E+00
 166 168 -1
obdef
loc1d
 0.3333333432674408
kind
 -2
       64800           13
 8.000000000000000
 OBS  168
 37.80943837883463
 43.64661449722654
 0.000000000000000E+00
 167 169 -1
obdef
loc1d
 0.6666666865348816
kind
 -3
       64800           13
 8.000000000000000
 OBS  169
 -1.617823365843158
 -5.821878013349076
 0.000000000000000E+00
 168 170 -1
obdef
loc1d
 0.000000000000000E+00
kind
 -1
           0           14
 8.000000000000000
 OBS  170
 0.2454987168745015
 5.923752576464098
 0.000000000000000E+00
 169 171 -1
obdef
loc1d
 0.3333333432674408
kind
 -2
           0           14
 8.000000000000000
 OBS  171
 32.94175564719215
 35.60661744861966
 0.000000000000000E+00
 170 172 -1
obdef
loc1d
 0.6666666865348816
kind
 -3
           0           14
 8.000000000000000
 OBS  172
 2.106252183813234
 -0.3044061443140488
 0.000000000000000E+00
 171 173 -1
obdef
loc1d
 0.000000000000000E+00
kind
 -1
       21600           14
 8.000000000000000
 OBS  173
 6.272011414150808
 6.431565931059317
 0.000000000000000E+00
 172 174 -1
obdef
loc1d
 0.3333333432674408
kind
 -2
       21600           14
 8.000000000000000
 OBS  174
 28.20866324591821
 29.38931328611205
 0.000000000000000E+00
 173 175 -1
obdef
loc1d
 0.6666666865348816
kind
 -3
       21600           14
 8.000000000000000
 OBS  175
 -0.3889310360124432
 2.648998172496366
 0.000000000000000E+00
 174 176 -1
obdef
loc1d
 0.000000000000000E+00
kind
 -1
       43200           14
 8.000000000000000
 OBS  176
 4.639197376731104
 6.171865055394250
 0.000000000000000E+00
 175 177 -1
obdef
loc1d
 0.3333333432674408
kind
 -2
       43200           14
 8.000000000000000
 OBS  177
 25.82597863404813
 25.52058851336259
 0.000000000000000E+00
 176 178 -1
obdef
loc1d
 0.6666666865348816
kind
 -3
       43200           14
 8.000000000000000
 OBS  178
 8.672889210425456
 4.315854833339392
 0.000000000000000E+00
 177 179 -1
obdef
loc1d
 0.000000000000000E+00
kind
 -1
       64800           14
 8.000000000000000
 OBS  179
 5.232565500429250
 6.630856527565257
 0.000000000000000E+00
 178 180 -1
obdef
loc1d
 0.3333333432674408
kind
 -2
       64800           14
 8.000000000000000
 OBS  180
 22.42822980772551
 23.00379990062233
 0.000000000000000E+00
 179 181 -1
obdef
loc1d
 0.6666666865348816
kind
 -3
       64800           14
 8.000000000000000
 OBS  181
 8.164961177008903
 5.653765348181091
 0.000000000000000E+00
 180 182 -1
obdef
loc1d
 0.000000000000000E+00
kind
 -1
           0           15
 8.000000000000000
 OBS  182
 7.522448851234795
 7.940927671839766
 0.000000000000000E+00
 181 183 -1
obdef
loc1d
 0.3333333432674408
kind
 -2
           0           15
 8.000000000000000
 OBS  183
 23.05314723545711
 21.61856958554198
 0.000000000000000E+00
 182 184 -1
obdef
loc1d
 0.6666666865348816
kind
 -3
           0           15
 8.000000000000000
 OBS  184
 9.651021882089292
 7.155356642107864
 0.000000000000000E+00
 183 185 -1
obdef
loc1d
 0.000000000000000E+00
kind
 -1
       21600           15
 8.000000000000000
 OBS  185
 12.09757270225794
 9.907303358966569
 0.000000000000000E+00
 184 186 -1
obdef
loc1d
 0.3333333432674408
kind
 -2
       21600           15
 8.000000000000000
 OBS  186
 16.56757629517543
 21.59857550484849
 0.000000000000000E+00
 185 187 -1
obdef
loc1d
 0.6666666865348816
kind
 -3
       21600           15
 8.000000000000000
 OBS  187
 11.25045790070212
 8.925456257551797
 0.000000000000000E+00
 186 188 -1
obdef
loc1d
 0.000000000000000E+00
kind
 -1
       43200           15
 8.000000000000000
 OBS  188
 11.52579429769310
 11.97744395088690
 0.000000000000000E+00
 187 189 -1
obdef
loc1d
 0.3333333432674408
kind
 -2
       43200           15
 8.000000000000000
 OBS  189
 25.92454749059758
 23.33322939510397
 0.000000000000000E+00
 188 190 -1
obdef
loc1d
 0.6666666865348816
kind
 -3
       43200           15
 8.000000000000000
 OBS  190
 6.851348442062277
 10.62369141244645
 0.000000000000000E+00
 189 191 -1
obdef
loc1d
 0.000000000000000E+00
kind
 -1
       64800           15
 8.000000000000000
 OBS  191
 14.58791436170265
 12.98679734174022
 0.000000000000000E+00
 190 192 -1
obdef
loc1d
 0.3333333432674408
kind
 -2
       64800           15
 8.000000000000000
 OBS  192
 31.48218995977346
 26.79172062883713
 0.000000000000000E+00
 191 193 -1
obdef
loc1d
 0.6666666865348816
kind
 -3
       64800           15
 8.000000000000000
 OBS  193
 8.766625952779004
 11.46854027484386
 0.000000000000000E+00
 192 194 -1
obdef
loc1d
 0.000000000000000E+00
kind
 -1
           0           16
 8.000000000000000
 OBS  194
 13.41795433261159
 11.70146146265564
 0.000000000000000E+00
 193 195 -1
obdef
loc1d
 0.3333333432674408
kind
 -2
           0           16
 8.000000000000000
 OBS  195
 32.68817529559597
 30.59803726205675
 0.000000000000000E+00
 194 196 -1
obdef
loc1d
 0.6666666865348816
kind
 -3
           0           16
 8.000000000000000
 OBS  196
 11.14716794623595
 10.82323400899926
 0.000000000000000E+00
 195 197 -1
obdef
loc1d
 0.000000000000000E+00
kind
 -1
       21600           16
 8.000000000000000
 OBS  197
 12.21535878384475
 8.545928037681691
 0.000000000000000E+00
 196 198 -1
obdef
loc1d
 0.3333333432674408
kind
 -2
       21600           16
 8.000000000000000
 OBS  198
 34.13730179689979
 32.43386883408263
 0.000000000000000E+00
 197 199 -1
obdef
loc1d
 0.6666666865348816
kind
 -3
       21600           16
 8.000000000000000
 OBS  199
 7.581881333107453
 9.020398610337519
 0.000000000000000E+00
 198 200 -1
obdef
loc1d
 0.000000000000000E+00
kind
 -1
       43200           16
 8.000000000000000
 OBS  200
 7.414264555501461
 5.618474206245684
 0.000000000000000E+00
 199 201 -1
obdef
loc1d
 0.3333333432674408
kind
 -2
       43200           16
 8.000000000000000
 OBS  201
 36.69705081163076
 31.49337072524468
 0.000000000000000E+00
 200 202 -1
obdef
loc1d
 0.6666666865348816
kind
 -3
       43200           16
 8.000000000000000
 OBS  202
 9.573924728002904
 7.071828675861186
 0.000000000000000E+00
 201 203 -1
obdef
loc1d
 0.000000000000000E+00
kind
 -1
       64800           16
 8.000000000000000
 OBS  203
 5.846759026452451
 4.200056626021883
 0.000000000000000E+00
 202 204 -1
obdef
loc1d
 0.3333333432674408
kind
 -2
       64800           16
 8.000000000000000
 OBS  204
 29.82284671151960
 28.95491001037927
 0.000000000000000E+00
 203 205 -1
obdef
loc1d
 0.6666666865348816
kind
 -3
       64800           16
 8.000000000000000
 OBS  205
 8.826160496425743
 5.715898925750199
 0.000000000000000E+00
 204 206 -1
obdef
loc1d
 0.000000000000000E+00
kind
 -1
           0           17
 8.000000000000000
 OBS  206
 5.325541105906365
 4.118626957618174
 0.000000000000000E+00
 205 207 -1
obdef
loc1d
 0.3333333432674408
kind
 -2
           0           17
 8.000000000000000
 OBS  207
 28.36949121686047
 26.09609167303454
 0.000000000000000E+00
 206 208 -1
obdef
loc1d
 0.6666666865348816
kind
 -3
           0           17
 8.000000000000000
 OBS  208
 5.803034534604106
 5.159493504798037
 0.000000000000000E+00
 207 209 -1
obdef
loc1d
 0.000000000000000E+00
kind
 -1
       21600           17
 8.000000000000000
 OBS  209
 -1.823809740459260
 4.880703707979073
 0.000000000000000E+00
 208 210 -1
obdef
loc1d
 0.3333333432674408
kind
 -2
       21600           17
 8.000000000000000
 OBS  210
 24.60563824551562
 23.55879575867574
 0.000000000000000E+00
 209 211 -1
obdef
loc1d
 0.6666666865348816
kind
 -3
       21600           17
 8.000000000000000
 OBS  211
 3.461923638462071
 5.352495711737340
 0.000000000000000E+00
 210 212 -1
obdef
loc1d
 0.000000000000000E+00
kind
 -1
       43200           17
 8.000000000000000
 OBS  212
 2.061817745839252
 6.251461895080997
 0.000000000000000E+00
 211 213 -1
obdef
loc1d
 0.3333333432674408
kind
 -2
       43200           17
 8.000000000000000
 OBS  213
 20.12193182093940
 21.67177345265544
 0.000000000000000E+00
 212 214 -1
obdef
loc1d
 0.6666666865348816
kind
 -3
       43200           17
 8.000000000000000
 OBS  214
 3.430606483523762
 6.218784548645090
 0.000000000000000E+00
 213 215 -1
obdef
loc1d
 0.000000000000000E+00
kind
 -1
       64800           17
 8.000000000000000
 OBS  215
 12.05277393257834
 8.191773729247929
 0.000000000000000E+00
 214 216 -1
obdef
loc1d
 0.3333333432674408
kind
 -2
       64800           17
 8.000000000000000
 OBS  216
 17.72793641073286
 20.76772402562999
 0.000000000000000E+00
 215 217 -1
obdef
loc1d
 0.6666666865348816
kind
 -3
       64800           17
 8.000000000000000
 OBS  217
 4.288140226067624
 7.690446696500766
 0.000000000000000E+00
 216 218 -1
obdef
loc1d
 0.000000000000000E+00
kind
 -1
           0           18
 8.000000000000000
 OBS  218
 11.65024077158676
 10.57134173572767
 0.000000000000000E+00
 217 219 -1
obdef
loc1d
 0.3333333432674408
kind
 -2
           0           18
 8.000000000000000
 OBS  219
 18.78752011697781
 21.32162878412671
 0.000000000000000E+00
 218 220 -1
obdef
loc1d
 0.6666666865348816
kind
 -3
           0           18
 8.000000000000000
 OBS  220
 9.015224771826142
 9.560999234484578
 0.000000000000000E+00
 219 221 -1
obdef
loc1d
 0.000000000000000E+00
kind
 -1
       21600           18
 8.000000000000000
 OBS  221
 12.61482258628924
 12.74151706545245
 0.000000000000000E+00
 220 222 -1
obdef
loc1d
 0.3333333432674408
kind
 -2
       21600           18
 8.000000000000000
 OBS  222
 23.34215353426761
 23.81810057397555
 0.000000000000000E+00
 221 223 -1
obdef
loc1d
 0.6666666865348816
kind
 -3
       21600           18
 8.000000000000000
 OBS  223
 9.323481142979817
 11.22610387545140
 0.000000000000000E+00
 222 224 -1
obdef
loc1d
 0.000000000000000E+00
kind
 -1
       43200           18
 8.000000000000000
 OBS  224
 13.51915507468083
 13.28195091412062
 0.000000000000000E+00
 223 225 -1
obdef
loc1d
 0.3333333432674408
kind
 -2
       43200           18
 8.000000000000000
 OBS  225
 30.38702621000824
 27.98826502040224
 0.000000000000000E+00
 224 226 -1
obdef
loc1d
 0.6666666865348816
kind
 -3
       43200           18
 8.000000000000000
 OBS  226
 11.61415792767002
 11.70996637160375
 0.000000000000000E+00
 225 227 -1
obdef
loc1d
 0.000000000000000E+00
kind
 -1
       64800           18
 8.000000000000000
 OBS  227
 11.40470239378416
 11.08958846963202
 0.000000000000000E+00
 226 228 -1
obdef
loc1d
 0.3333333432674408
kind
 -2
       64800           18
 8.000000000000000
 OBS  228
 30.98952569302310
 31.82359064993921
 0.000000000000000E+00
 227 229 -1
obdef
loc1d
 0.6666666865348816
kind
 -3
       64800           18
 8.000000000000000
 OBS  229
 11.76288711934403
 10.51857777613038
 0.000000000000000E+00
 228 230 -1
obdef
loc1d
 0.000000000000000E+00
kind
 -1
           0           19
 8.000000000000000
 OBS  230
 10.51598604828586
 7.405798303789727
 0.000000000000000E+00
 229 231 -1
obdef
loc1d
 0.3333333432674408
kind
 -2
           0           19
 8.000000000000000
 OBS  231
 29.66088846959977
 32.87570846977292
 0.000000000000000E+00
 230 232 -1
obdef
loc1d
 0.6666666865348816
kind
 -3
           0           19
 8.000000000000000
 OBS  232
 4.605161685793439
 8.364376898472869
 0.000000000000000E+00
 231 233 -1
obdef
loc1d
 0.000000000000000E+00
kind
 -1
       21600           19
 8.000000000000000
 OBS  233
 6.154099082685477
 4.661526091278890
 0.000000000000000E+00
 232 234 -1
obdef
loc1d
 0.3333333432674408
kind
 -2
       21600           19
 8.000000000000000
 OBS  234
 28.21682874946627
 31.10347655941738
 0.000000000000000E+00
 233 235 -1
obdef
loc1d
 0.6666666865348816
kind
 -3
       21600           19
 8.000000000000000
 OBS  235
 4.818698584774264
 6.384615421857072
 0.000000000000000E+00
 234 236 -1
obdef
loc1d
 0.000000000000000E+00
kind
 -1
       43200           19
 8.000000000000000
 OBS  236
 0.5345961800854129
 3.659812180586615
 0.000000000000000E+00
 235 237 -1
obdef
loc1d
 0.3333333432674408
kind
 -2
       43200           19
 8.000000000000000
 OBS  237
 25.38398164604756
 28.13566358634790
 0.000000000000000E+00
 236 238 -1
obdef
loc1d
 0.6666666865348816
kind
 -3
       43200           19
 8.000000000000000
 OBS  238
 2.569143977733451
 5.178931612281234
 0.000000000000000E+00
 237 239 -1
obdef
loc1d
 0.000000000000000E+00
kind
 -1
       64800           19
 8.000000000000000
 OBS  239
 8.581057889119275
 3.893658650816782
 0.000000000000000E+00
 238 240 -1
obdef
loc1d
 0.3333333432674408
kind
 -2
       64800           19
 8.000000000000000
 OBS  240
 28.93709011914596
 25.14128386376099
 0.000000000000000E+00
 239 241 -1
obdef
loc1d
 0.6666666865348816
kind
 -3
       64800           19
 8.000000000000000
 OBS  241
 4.859373331656974
 4.817624692664532
 0.000000000000000E+00
 240 242 -1
obdef
loc1d
 0.000000000000000E+00
kind
 -1
           0           20
 8.000000000000000
 OBS  242
 7.154888761145069
 4.864685848477792
 0.000000000000000E+00
 241 243 -1
obdef
loc1d
 0.3333333432674408
kind
 -2
           0           20
 8.000000000000000
 OBS  243
 21.27699250060254
 22.60704882223679
 0.000000000000000E+00
 242 244 -1
obdef
loc1d
 0.6666666865348816
kind
 -3
           0           20
 8.000000000000000
 OBS  244
 4.151214105568049
 5.203651402029285
 0.000000000000000E+00
 243 245 -1
obdef
loc1d
 0.000000000000000E+00
kind
 -1
       21600           20
 8.000000000000000
 OBS  245
 7.881922882128307
 6.423946836177091
 0.000000000000000E+00
 244 246 -1
obdef
loc1d
 0.3333333432674408
kind
 -2
       21600           20
 8.000000000000000
 OBS  246
 21.81685236503211
 20.80978725082726
 0.000000000000000E+00
 245 247 -1
obdef
loc1d
 0.6666666865348816
kind
 -3
       21600           20
 8.000000000000000
 OBS  247
 7.623539011471100
 6.269119997457976
 0.000000000000000E+00
 246 248 -1
obdef
loc1d
 0.000000000000000E+00
kind
 -1
       43200           20
 8.000000000000000
 OBS  248
 9.278252807318745
 8.589992886259282
 0.000000000000000E+00
 247 249 -1
obdef
loc1d
 0.3333333432674408
kind
 -2
       43200           20
 8.000000000000000
 OBS  249
 23.69658202459960
 20.10690564762312
 0.000000000000000E+00
 248 250 -1
obdef
loc1d
 0.6666666865348816
kind
 -3
       43200           20
 8.000000000000000
 OBS  250
 10.35418231893631
 7.958619045681505
 0.000000000000000E+00
 249 251 -1
obdef
loc1d
 0.000000000000000E+00
kind
 -1
       64800           20
 8.000000000000000
 OBS  251
 9.456460260774959
 11.20745976271498
 0.000000000000000E+00
 250 252 -1
obdef
loc1d
 0.3333333432674408
kind
 -2
       64800           20
 8.000000000000000
 OBS  252
 22.27393709716562
 21.05302414078415
 0.000000000000000E+00
 251 253 -1
obdef
loc1d
 0.6666666865348816
kind
 -3
       64800           20
 8.000000000000000
 OBS  253
 9.187114840045073
 10.02300002708965
 0.000000000000000E+00
 252 254 -1
obdef
loc1d
 0.000000000000000E+00
kind
 -1
           0           21
 8.000000000000000
 OBS  254
 11.47891468464844
 13.43523268785021
 0.000000000000000E+00
 253 255 -1
obdef
loc1d
 0.3333333432674408
kind
 -2
           0           21
 8.000000000000000
 OBS  255
 27.13735908835222
 24.18384797906808
 0.000000000000000E+00
 254 256 -1
obdef
loc1d
 0.6666666865348816
kind
 -3
           0           21
 8.000000000000000
 OBS  256
 14.90938391678826
 11.70719224660302
 0.000000000000000E+00
 255 257 -1
obdef
loc1d
 0.000000000000000E+00
kind
 -1
       21600           21
 8.000000000000000
 OBS  257
 11.12705542615330
 13.54052145664172
 0.000000000000000E+00
 256 258 -1
obdef
loc1d
 0.3333333432674408
kind
 -2
       21600           21
 8.000000000000000
 OBS  258
 25.76142318448768
 28.97755928760688
 0.000000000000000E+00
 257 259 -1
obdef
loc1d
 0.6666666865348816
kind
 -3
       21600           21
 8.000000000000000
 OBS  259
 8.946604897674396
 11.89300906255214
 0.000000000000000E+00
 258 260 -1
obdef
loc1d
 0.000000000000000E+00
kind
 -1
       43200           21
 8.000000000000000
 OBS  260
 13.49459045627705
 10.55320378402491
 0.000000000000000E+00
 259 261 -1
obdef
loc1d
 0.3333333432674408
kind
 -2
       43200           21
 8.000000000000000
 OBS  261
 35.96715911857002
 32.81406375238895
 0.000000000000000E+00
 260 262 -1
obdef
loc1d
 0.6666666865348816
kind
 -3
       43200           21
 8.000000000000000
 OBS  262
 9.882065502299767
 10.24959427891534
 0.000000000000000E+00
 261 263 -1
obdef
loc1d
 0.000000000000000E+00
kind
 -1
       64800           21
 8.000000000000000
 OBS  263
 10.61476152209892
 6.462691219663655
 0.000000000000000E+00
 262 264 -1
obdef
loc1d
 0.3333333432674408
kind
 -2
       64800           21
 8.000000000000000
 OBS  264
 40.95263268627922
 33.20621691830453
 0.000000000000000E+00
 263 265 -1
obdef
loc1d
 0.6666666865348816
kind
 -3
       64800           21
 8.000000000000000
 OBS  265
 12.68992267063404
 7.816877265501284
 0.000000000000000E+00
 264 266 -1
obdef
loc1d
 0.000000000000000E+00
kind
 -1
           0           22
 8.000000000000000
 OBS  266
 0.6752021337619962
 3.876081803371292
 0.000000000000000E+00
 265 267 -1
obdef
loc1d
 0.3333333432674408
kind
 -2
           0           22
 8.000000000000000
 OBS  267
 32.34517569157509
 30.79948314056714
 0.000000000000000E+00
 266 268 -1
obdef
loc1d
 0.6666666865348816
kind
 -3
           0           22
 8.000000000000000
 OBS  268
 5.426201807304436
 5.804000984714367
 0.000000000000000E+00
 267 269 -1
obdef
loc1d
 0.000000000000000E+00
kind
 -1
       21600           22
 8.000000000000000
 OBS  269
 11.17814228193061
 3.164402920804624
 0.000000000000000E+00
 268 270 -1
obdef
loc1d
 0.3333333432674408
kind
 -2
       21600           22
 8.000000000000000
 OBS  270
 29.07615302124872
 27.50932697990372
 0.000000000000000E+00
 269 271 -1
obdef
loc1d
 0.6666666865348816
kind
 -3
       21600           22
 8.000000000000000
 OBS  271
 -0.1764481033551659
 4.689857100868503
 0.000000000000000E+00
 270 272 -1
obdef
loc1d
 0.000000000000000E+00
kind
 -1
       43200           22
 8.000000000000000
 OBS  272
 6.027347157065623
 3.594613520108281
 0.000000000000000E+00
 271 273 -1
obdef
loc1d
 0.3333333432674408
kind
 -2
       43200           22
 8.000000000000000
 OBS  273
 24.87318308157555
 24.38616114220075
 0.000000000000000E+00
 272 274 -1
obdef
loc1d
 0.6666666865348816
kind
 -3
       43200           22
 8.000000000000000
 OBS  274
 2.387639042542557
 4.445491976700692
 0.000000000000000E+00
 273 275 -1
obdef
loc1d
 0.000000000000000E+00
kind
 -1
       64800           22
 8.000000000000000
 OBS  275
 -1.130711868172201
 4.684921113427778
 0.000000000000000E+00
 274 276 -1
obdef
loc1d
 0.3333333432674408
kind
 -2
       64800           22
 8.000000000000000
 OBS  276
 22.79419553464442
 21.80246006375448
 0.000000000000000E+00
 275 277 -1
obdef
loc1d
 0.6666666865348816
kind
 -3
       64800           22
 8.000000000000000
 OBS  277
 4.538875356107529
 4.945436562414553
 0.000000000000000E+00
 276 278 -1
obdef
loc1d
 0.000000000000000E+00
kind
 -1
           0           23
 8.000000000000000
 OBS  278
 6.730376167945489
 6.358302390665829
 0.000000000000000E+00
 277 279 -1
obdef
loc1d
 0.3333333432674408
kind
 -2
           0           23
 8.000000000000000
 OBS  279
 20.56555399165131
 19.99588492355669
 0.000000000000000E+00
 278 280 -1
obdef
loc1d
 0.6666666865348816
kind
 -3
           0           23
 8.000000000000000
 OBS  280
 3.010708960190888
 6.137080349405112
 0.000000000000000E+00
 279 281 -1
obdef
loc1d
 0.000000000000000E+00
kind
 -1
       21600           23
 8.000000000000000
 OBS  281
 4.778857212624650
 8.695439314958803
 0.000000000000000E+00
 280 282 -1
obdef
loc1d
 0.3333333432674408
kind
 -2
       21600           23
 8.000000000000000
 OBS  282
 17.47759427450061
 19.33907951634846
 0.000000000000000E+00
 281 283 -1
obdef
loc1d
 0.6666666865348816
kind
 -3
       21600           23
 8.000000000000000
 OBS  283
 6.126887380336033
 7.993852877452365
 0.000000000000000E+00
 282 284 -1
obdef
loc1d
 0.000000000000000E+00
kind
 -1
       43200           23
 8.000000000000000
 OBS  284
 16.99857755200631
 11.56511480822448
 0.000000000000000E+00
 283 285 -1
obdef
loc1d
 0.3333333432674408
kind
 -2
       43200           23
 8.000000000000000
 OBS  285
 20.96422477566948
 20.46481729746177
 0.000000000000000E+00
 284 286 -1
obdef
loc1d
 0.6666666865348816
kind
 -3
       43200           23
 8.000000000000000
 OBS  286
 11.16179960329779
 10.26593612475372
 0.000000000000000E+00
 285 287 -1
obdef
loc1d
 0.000000000000000E+00
kind
 -1
       64800           23
 8.000000000000000
 OBS  287
 15.50430471242925
 14.01813180003535
 0.000000000000000E+00
 286 288 -1
obdef
loc1d
 0.3333333432674408
kind
 -2
       64800           23
 8.000000000000000
 OBS  288
 23.30951354568370
 24.03189130688749
 0.000000000000000E+00
 287 289 -1
obdef
loc1d
 0.6666666865348816
kind
 -3
       64800           23
 8.000000000000000
 OBS  289
 9.997004413267359
 12.09317751924919
 0.000000000000000E+00
 288 290 -1
obdef
loc1d
 0.000000000000000E+00
kind
 -1
           0           24
 8.000000000000000
 OBS  290
 11.80383905707143
 13.99929271912931
 0.000000000000000E+00
 289 291 -1
obdef
loc1d
 0.3333333432674408
kind
 -2
           0           24
 8.000000000000000
 OBS  291
 27.98964675481624
 29.45339196250395
 0.000000000000000E+00
 290 292 -1
obdef
loc1d
 0.6666666865348816
kind
 -3
           0           24
 8.000000000000000
 OBS  292
 10.83417043107887
 12.17709338898662
 0.000000000000000E+00
 291 293 -1
obdef
loc1d
 0.000000000000000E+00
kind
 -1
       21600           24
 8.000000000000000
 OBS  293
 10.43467558934840
 10.43094622702280
 0.000000000000000E+00
 292 294 -1
obdef
loc1d
 0.3333333432674408
kind
 -2
       21600           24
 8.000000000000000
 OBS  294
 27.91146002845386
 33.58995291520843
 0.000000000000000E+00
 293 295 -1
obdef
loc1d
 0.6666666865348816
kind
 -3
       21600           24
 8.000000000000000
 OBS  295
 12.43195260215479
 10.21603864484155
 0.000000000000000E+00
 294 296 -1
obdef
loc1d
 0.000000000000000E+00
kind
 -1
       43200           24
 8.000000000000000
 OBS  296
 6.340545864653199
 5.865772673399034
 0.000000000000000E+00
 295 297 -1
obdef
loc1d
 0.3333333432674408
kind
 -2
       43200           24
 8.000000000000000
 OBS  297
 34.24200914761963
 33.68644195669711
 0.000000000000000E+00
 296 298 -1
obdef
loc1d
 0.6666666865348816
kind
 -3
       43200           24
 8.000000000000000
 OBS  298
 8.302316571423498
 7.502205533514323
 0.000000000000000E+00
 297 299 -1
obdef
loc1d
 0.000000000000000E+00
kind
 -1
       64800           24
 8.000000000000000
 OBS  299
 -0.6641644721642352
 3.220626156993336
 0.000000000000000E+00
 298 300 -1
obdef
loc1d
 0.3333333432674408
kind
 -2
       64800           24
 8.000000000000000
 OBS  300
 32.91186175394063
 30.84038326199989
 0.000000000000000E+00
 299 -1 -1
obdef
loc1d
 0.6666666865348816
kind
 -3
       64800           24
 8.000000000000000
