 obs_sequence
obs_kind_definitions
 1
 1 RAW_STATE_VARIABLE              
  num_copies:  2  num_qc:  1
  num_obs:  200  max_num_obs:  200
observations                                                    
truth                                                           
Quality Control                                                 
  first:  1  last:  200
 OBS  1
 76.7069613475815117
 76.7184366203416204
 0.000000000000000000E+00
 -1 2 -1
obdef
loc1d
   0.0000000000000000
kind
 1
     0          1
 0.100000000000000005E-03
 OBS  2
 76.6219264652335852
 76.6257634307240778
 0.000000000000000000E+00
 1 3 -1
obdef
loc1d
   0.0000000000000000
kind
 1
     0          2
 0.100000000000000005E-03
 OBS  3
 76.5395287797252024
 76.5304885112646360
 0.000000000000000000E+00
 2 4 -1
obdef
loc1d
   0.0000000000000000
kind
 1
     0          3
 0.100000000000000005E-03
 OBS  4
 76.4359732294142020
 76.4324835157079434
 0.000000000000000000E+00
 3 5 -1
obdef
loc1d
   0.0000000000000000
kind
 1
     0          4
 0.100000000000000005E-03
 OBS  5
 76.3368608765556047
 76.3316079517687314
 0.000000000000000000E+00
 4 6 -1
obdef
loc1d
   0.0000000000000000
kind
 1
     0          5
 0.100000000000000005E-03
 OBS  6
 76.2187677618353945
 76.2277174238865598
 0.000000000000000000E+00
 5 7 -1
obdef
loc1d
   0.0000000000000000
kind
 1
     0          6
 0.100000000000000005E-03
 OBS  7
 76.1128918022055103
 76.1206676705646714
 0.000000000000000000E+00
 6 8 -1
obdef
loc1d
   0.0000000000000000
kind
 1
     0          7
 0.100000000000000005E-03
 OBS  8
 76.0027930058094370
 76.0103162879716621
 0.000000000000000000E+00
 7 9 -1
obdef
loc1d
   0.0000000000000000
kind
 1
     0          8
 0.100000000000000005E-03
 OBS  9
 75.8971447552353027
 75.8965234716415580
 0.000000000000000000E+00
 8 10 -1
obdef
loc1d
   0.0000000000000000
kind
 1
     0          9
 0.100000000000000005E-03
 OBS  10
 75.7808397331023258
 75.7791523944404730
 0.000000000000000000E+00
 9 11 -1
obdef
loc1d
   0.0000000000000000
kind
 1
     0         10
 0.100000000000000005E-03
 OBS  11
 75.6693627242106714
 75.6580694806585399
 0.000000000000000000E+00
 10 12 -1
obdef
loc1d
   0.0000000000000000
kind
 1
     0         11
 0.100000000000000005E-03
 OBS  12
 75.5236676539312555
 75.5331446800791753
 0.000000000000000000E+00
 11 13 -1
obdef
loc1d
   0.0000000000000000
kind
 1
     0         12
 0.100000000000000005E-03
 OBS  13
 75.4097207059488142
 75.4042517787348459
 0.000000000000000000E+00
 12 14 -1
obdef
loc1d
   0.0000000000000000
kind
 1
     0         13
 0.100000000000000005E-03
 OBS  14
 75.2890080151204160
 75.2712687540953738
 0.000000000000000000E+00
 13 15 -1
obdef
loc1d
   0.0000000000000000
kind
 1
     0         14
 0.100000000000000005E-03
 OBS  15
 75.1389557203857663
 75.1340781702215565
 0.000000000000000000E+00
 14 16 -1
obdef
loc1d
   0.0000000000000000
kind
 1
     0         15
 0.100000000000000005E-03
 OBS  16
 74.9977875820045341
 74.9925676034813762
 0.000000000000000000E+00
 15 17 -1
obdef
loc1d
   0.0000000000000000
kind
 1
     0         16
 0.100000000000000005E-03
 OBS  17
 74.8559028699972515
 74.8466300882584221
 0.000000000000000000E+00
 16 18 -1
obdef
loc1d
   0.0000000000000000
kind
 1
     0         17
 0.100000000000000005E-03
 OBS  18
 74.7009760149619808
 74.6961645720854222
 0.000000000000000000E+00
 17 19 -1
obdef
loc1d
   0.0000000000000000
kind
 1
     0         18
 0.100000000000000005E-03
 OBS  19
 74.5453727908911787
 74.5410763703326182
 0.000000000000000000E+00
 18 20 -1
obdef
loc1d
   0.0000000000000000
kind
 1
     0         19
 0.100000000000000005E-03
 OBS  20
 74.3887980572675644
 74.3812776115668441
 0.000000000000000000E+00
 19 21 -1
obdef
loc1d
   0.0000000000000000
kind
 1
     0         20
 0.100000000000000005E-03
 OBS  21
 74.2184902850993353
 74.2166876655420253
 0.000000000000000000E+00
 20 22 -1
obdef
loc1d
   0.0000000000000000
kind
 1
     0         21
 0.100000000000000005E-03
 OBS  22
 74.0458571940835100
 74.0472335468204506
 0.000000000000000000E+00
 21 23 -1
obdef
loc1d
   0.0000000000000000
kind
 1
     0         22
 0.100000000000000005E-03
 OBS  23
 73.8661107200478710
 73.8728502875957389
 0.000000000000000000E+00
 22 24 -1
obdef
loc1d
   0.0000000000000000
kind
 1
     0         23
 0.100000000000000005E-03
 OBS  24
 73.7075432433307753
 73.6934812742621830
 0.000000000000000000E+00
 23 25 -1
obdef
loc1d
   0.0000000000000000
kind
 1
     0         24
 0.100000000000000005E-03
 OBS  25
 73.5217287805796218
 73.5090785427670710
 0.000000000000000000E+00
 24 26 -1
obdef
loc1d
   0.0000000000000000
kind
 1
     0         25
 0.100000000000000005E-03
 OBS  26
 73.3189671692043561
 73.3196030285211577
 0.000000000000000000E+00
 25 27 -1
obdef
loc1d
   0.0000000000000000
kind
 1
     0         26
 0.100000000000000005E-03
 OBS  27
 73.1109397379090780
 73.1250247672357574
 0.000000000000000000E+00
 26 28 -1
obdef
loc1d
   0.0000000000000000
kind
 1
     0         27
 0.100000000000000005E-03
 OBS  28
 72.9249869026563289
 72.9253230435595867
 0.000000000000000000E+00
 27 29 -1
obdef
loc1d
   0.0000000000000000
kind
 1
     0         28
 0.100000000000000005E-03
 OBS  29
 72.7119130200374855
 72.7204864850942556
 0.000000000000000000E+00
 28 30 -1
obdef
loc1d
   0.0000000000000000
kind
 1
     0         29
 0.100000000000000005E-03
 OBS  30
 72.5138621068040550
 72.5105130998068574
 0.000000000000000000E+00
 29 31 -1
obdef
loc1d
   0.0000000000000000
kind
 1
     0         30
 0.100000000000000005E-03
 OBS  31
 72.3008376191328637
 72.2954102554960798
 0.000000000000000000E+00
 30 32 -1
obdef
loc1d
   0.0000000000000000
kind
 1
     0         31
 0.100000000000000005E-03
 OBS  32
 72.0564846902145462
 72.0751946005442363
 0.000000000000000000E+00
 31 33 -1
obdef
loc1d
   0.0000000000000000
kind
 1
     0         32
 0.100000000000000005E-03
 OBS  33
 71.8467584846449796
 71.8498919256968662
 0.000000000000000000E+00
 32 34 -1
obdef
loc1d
   0.0000000000000000
kind
 1
     0         33
 0.100000000000000005E-03
 OBS  34
 71.6330065468457491
 71.6195369672419844
 0.000000000000000000E+00
 33 35 -1
obdef
loc1d
   0.0000000000000000
kind
 1
     0         34
 0.100000000000000005E-03
 OBS  35
 71.3988316380146983
 71.3841731524547214
 0.000000000000000000E+00
 34 36 -1
obdef
loc1d
   0.0000000000000000
kind
 1
     0         35
 0.100000000000000005E-03
 OBS  36
 71.1310387352506268
 71.1438522887645490
 0.000000000000000000E+00
 35 37 -1
obdef
loc1d
   0.0000000000000000
kind
 1
     0         36
 0.100000000000000005E-03
 OBS  37
 70.9098603408117185
 70.8986341986205559
 0.000000000000000000E+00
 36 38 -1
obdef
loc1d
   0.0000000000000000
kind
 1
     0         37
 0.100000000000000005E-03
 OBS  38
 70.6499875278644680
 70.6485863025289262
 0.000000000000000000E+00
 37 39 -1
obdef
loc1d
   0.0000000000000000
kind
 1
     0         38
 0.100000000000000005E-03
 OBS  39
 70.3922720011683936
 70.3937831532597755
 0.000000000000000000E+00
 38 40 -1
obdef
loc1d
   0.0000000000000000
kind
 1
     0         39
 0.100000000000000005E-03
 OBS  40
 70.1288108281322593
 70.1343059246432716
 0.000000000000000000E+00
 39 41 -1
obdef
loc1d
   0.0000000000000000
kind
 1
     0         40
 0.100000000000000005E-03
 OBS  41
 69.8698805612330602
 69.8702418588343619
 0.000000000000000000E+00
 40 42 -1
obdef
loc1d
   0.0000000000000000
kind
 1
     0         41
 0.100000000000000005E-03
 OBS  42
 69.6110897689992640
 69.6016836763249813
 0.000000000000000000E+00
 41 43 -1
obdef
loc1d
   0.0000000000000000
kind
 1
     0         42
 0.100000000000000005E-03
 OBS  43
 69.3265829479354210
 69.3287289532699162
 0.000000000000000000E+00
 42 44 -1
obdef
loc1d
   0.0000000000000000
kind
 1
     0         43
 0.100000000000000005E-03
 OBS  44
 69.0294869373371398
 69.0514794711216382
 0.000000000000000000E+00
 43 45 -1
obdef
loc1d
   0.0000000000000000
kind
 1
     0         44
 0.100000000000000005E-03
 OBS  45
 68.7786611193100725
 68.7700405436529962
 0.000000000000000000E+00
 44 46 -1
obdef
loc1d
   0.0000000000000000
kind
 1
     0         45
 0.100000000000000005E-03
 OBS  46
 68.4887095616036277
 68.4845203268464928
 0.000000000000000000E+00
 45 47 -1
obdef
loc1d
   0.0000000000000000
kind
 1
     0         46
 0.100000000000000005E-03
 OBS  47
 68.1852009655621600
 68.1950291171295078
 0.000000000000000000E+00
 46 48 -1
obdef
loc1d
   0.0000000000000000
kind
 1
     0         47
 0.100000000000000005E-03
 OBS  48
 67.8993562199632095
 67.9016786435604587
 0.000000000000000000E+00
 47 49 -1
obdef
loc1d
   0.0000000000000000
kind
 1
     0         48
 0.100000000000000005E-03
 OBS  49
 67.5908829741635060
 67.6045813596742846
 0.000000000000000000E+00
 48 50 -1
obdef
loc1d
   0.0000000000000000
kind
 1
     0         49
 0.100000000000000005E-03
 OBS  50
 67.2934057272307058
 67.3038497404864984
 0.000000000000000000E+00
 49 51 -1
obdef
loc1d
   0.0000000000000000
kind
 1
     0         50
 0.100000000000000005E-03
 OBS  51
 67.0123067756254187
 66.9995955902739126
 0.000000000000000000E+00
 50 52 -1
obdef
loc1d
   0.0000000000000000
kind
 1
     0         51
 0.100000000000000005E-03
 OBS  52
 66.6821855681294835
 66.6919293663080879
 0.000000000000000000E+00
 51 53 -1
obdef
loc1d
   0.0000000000000000
kind
 1
     0         52
 0.100000000000000005E-03
 OBS  53
 66.3903914359053005
 66.3809595237373458
 0.000000000000000000E+00
 52 54 -1
obdef
loc1d
   0.0000000000000000
kind
 1
     0         53
 0.100000000000000005E-03
 OBS  54
 66.0661908112721932
 66.0667918861889945
 0.000000000000000000E+00
 53 55 -1
obdef
loc1d
   0.0000000000000000
kind
 1
     0         54
 0.100000000000000005E-03
 OBS  55
 65.7516532083304952
 65.7495290466286946
 0.000000000000000000E+00
 54 56 -1
obdef
loc1d
   0.0000000000000000
kind
 1
     0         55
 0.100000000000000005E-03
 OBS  56
 65.4246827385614012
 65.4292698020550887
 0.000000000000000000E+00
 55 57 -1
obdef
loc1d
   0.0000000000000000
kind
 1
     0         56
 0.100000000000000005E-03
 OBS  57
 65.1200655164315094
 65.1061086257340662
 0.000000000000000000E+00
 56 58 -1
obdef
loc1d
   0.0000000000000000
kind
 1
     0         57
 0.100000000000000005E-03
 OBS  58
 64.7704768206019281
 64.7801351793132909
 0.000000000000000000E+00
 57 59 -1
obdef
loc1d
   0.0000000000000000
kind
 1
     0         58
 0.100000000000000005E-03
 OBS  59
 64.4508426056997052
 64.4514338673013611
 0.000000000000000000E+00
 58 60 -1
obdef
loc1d
   0.0000000000000000
kind
 1
     0         59
 0.100000000000000005E-03
 OBS  60
 64.1091035688480702
 64.1200834350514413
 0.000000000000000000E+00
 59 61 -1
obdef
loc1d
   0.0000000000000000
kind
 1
     0         60
 0.100000000000000005E-03
 OBS  61
 63.7843757296619529
 63.7861566112222320
 0.000000000000000000E+00
 60 62 -1
obdef
loc1d
   0.0000000000000000
kind
 1
     0         61
 0.100000000000000005E-03
 OBS  62
 63.4654529798160709
 63.4497197945676277
 0.000000000000000000E+00
 61 63 -1
obdef
loc1d
   0.0000000000000000
kind
 1
     0         62
 0.100000000000000005E-03
 OBS  63
 63.1114839858890804
 63.1108327845074584
 0.000000000000000000E+00
 62 64 -1
obdef
loc1d
   0.0000000000000000
kind
 1
     0         63
 0.100000000000000005E-03
 OBS  64
 62.7860098845234447
 62.7695485539728679
 0.000000000000000000E+00
 63 65 -1
obdef
loc1d
   0.0000000000000000
kind
 1
     0         64
 0.100000000000000005E-03
 OBS  65
 62.4236261068737761
 62.4259130626792995
 0.000000000000000000E+00
 64 66 -1
obdef
loc1d
   0.0000000000000000
kind
 1
     0         65
 0.100000000000000005E-03
 OBS  66
 62.0719908031941543
 62.0799651080283112
 0.000000000000000000E+00
 65 67 -1
obdef
loc1d
   0.0000000000000000
kind
 1
     0         66
 0.100000000000000005E-03
 OBS  67
 61.7259885903817818
 61.7317362104074547
 0.000000000000000000E+00
 66 68 -1
obdef
loc1d
   0.0000000000000000
kind
 1
     0         67
 0.100000000000000005E-03
 OBS  68
 61.4021702162681393
 61.3812505293931920
 0.000000000000000000E+00
 67 69 -1
obdef
loc1d
   0.0000000000000000
kind
 1
     0         68
 0.100000000000000005E-03
 OBS  69
 61.0095332044217642
 61.0285248064791332
 0.000000000000000000E+00
 68 70 -1
obdef
loc1d
   0.0000000000000000
kind
 1
     0         69
 0.100000000000000005E-03
 OBS  70
 60.6632140534120836
 60.6735683301218600
 0.000000000000000000E+00
 69 71 -1
obdef
loc1d
   0.0000000000000000
kind
 1
     0         70
 0.100000000000000005E-03
 OBS  71
 60.3342479323278340
 60.3163829182325557
 0.000000000000000000E+00
 70 72 -1
obdef
loc1d
   0.0000000000000000
kind
 1
     0         71
 0.100000000000000005E-03
 OBS  72
 59.9657964219346979
 59.9569629135410267
 0.000000000000000000E+00
 71 73 -1
obdef
loc1d
   0.0000000000000000
kind
 1
     0         72
 0.100000000000000005E-03
 OBS  73
 59.5824628577772515
 59.5952951866609268
 0.000000000000000000E+00
 72 74 -1
obdef
loc1d
   0.0000000000000000
kind
 1
     0         73
 0.100000000000000005E-03
 OBS  74
 59.2258939922917307
 59.2313591423995263
 0.000000000000000000E+00
 73 75 -1
obdef
loc1d
   0.0000000000000000
kind
 1
     0         74
 0.100000000000000005E-03
 OBS  75
 58.8653330000008665
 58.8651267244532477
 0.000000000000000000E+00
 74 76 -1
obdef
loc1d
   0.0000000000000000
kind
 1
     0         75
 0.100000000000000005E-03
 OBS  76
 58.5107905097483538
 58.4965624144967649
 0.000000000000000000E+00
 75 77 -1
obdef
loc1d
   0.0000000000000000
kind
 1
     0         76
 0.100000000000000005E-03
 OBS  77
 58.1345585497025894
 58.1256232213920612
 0.000000000000000000E+00
 76 78 -1
obdef
loc1d
   0.0000000000000000
kind
 1
     0         77
 0.100000000000000005E-03
 OBS  78
 57.7568643309160521
 57.7522586575796311
 0.000000000000000000E+00
 77 79 -1
obdef
loc1d
   0.0000000000000000
kind
 1
     0         78
 0.100000000000000005E-03
 OBS  79
 57.3780451115193344
 57.3764106997380736
 0.000000000000000000E+00
 78 80 -1
obdef
loc1d
   0.0000000000000000
kind
 1
     0         79
 0.100000000000000005E-03
 OBS  80
 57.0064109432551263
 56.9980137319752203
 0.000000000000000000E+00
 79 81 -1
obdef
loc1d
   0.0000000000000000
kind
 1
     0         80
 0.100000000000000005E-03
 OBS  81
 56.6152266278446135
 56.6169944704670485
 0.000000000000000000E+00
 80 82 -1
obdef
loc1d
   0.0000000000000000
kind
 1
     0         81
 0.100000000000000005E-03
 OBS  82
 56.2369092853428256
 56.2332718700191379
 0.000000000000000000E+00
 81 83 -1
obdef
loc1d
   0.0000000000000000
kind
 1
     0         82
 0.100000000000000005E-03
 OBS  83
 55.8479832306699393
 55.8467570135448526
 0.000000000000000000E+00
 82 84 -1
obdef
loc1d
   0.0000000000000000
kind
 1
     0         83
 0.100000000000000005E-03
 OBS  84
 55.4553032204192036
 55.4573529876427074
 0.000000000000000000E+00
 83 85 -1
obdef
loc1d
   0.0000000000000000
kind
 1
     0         84
 0.100000000000000005E-03
 OBS  85
 55.0756182482218648
 55.0649547480023358
 0.000000000000000000E+00
 84 86 -1
obdef
loc1d
   0.0000000000000000
kind
 1
     0         85
 0.100000000000000005E-03
 OBS  86
 54.6562768483668151
 54.6694489809308948
 0.000000000000000000E+00
 85 87 -1
obdef
loc1d
   0.0000000000000000
kind
 1
     0         86
 0.100000000000000005E-03
 OBS  87
 54.2816416399909087
 54.2707139679996615
 0.000000000000000000E+00
 86 88 -1
obdef
loc1d
   0.0000000000000000
kind
 1
     0         87
 0.100000000000000005E-03
 OBS  88
 53.8678502554402883
 53.8686194635451088
 0.000000000000000000E+00
 87 89 -1
obdef
loc1d
   0.0000000000000000
kind
 1
     0         88
 0.100000000000000005E-03
 OBS  89
 53.4738126182497950
 53.4630265956854558
 0.000000000000000000E+00
 88 90 -1
obdef
loc1d
   0.0000000000000000
kind
 1
     0         89
 0.100000000000000005E-03
 OBS  90
 53.0442015181620050
 53.0537878034951120
 0.000000000000000000E+00
 89 91 -1
obdef
loc1d
   0.0000000000000000
kind
 1
     0         90
 0.100000000000000005E-03
 OBS  91
 52.6358642681146094
 52.6407468249095913
 0.000000000000000000E+00
 90 92 -1
obdef
loc1d
   0.0000000000000000
kind
 1
     0         91
 0.100000000000000005E-03
 OBS  92
 52.2363290481435669
 52.2237387511713109
 0.000000000000000000E+00
 91 93 -1
obdef
loc1d
   0.0000000000000000
kind
 1
     0         92
 0.100000000000000005E-03
 OBS  93
 51.7982302454251737
 51.8025901647460643
 0.000000000000000000E+00
 92 94 -1
obdef
loc1d
   0.0000000000000000
kind
 1
     0         93
 0.100000000000000005E-03
 OBS  94
 51.3834365799535888
 51.3771193791229237
 0.000000000000000000E+00
 93 95 -1
obdef
loc1d
   0.0000000000000000
kind
 1
     0         94
 0.100000000000000005E-03
 OBS  95
 50.9303620109361361
 50.9471367986245269
 0.000000000000000000E+00
 94 96 -1
obdef
loc1d
   0.0000000000000000
kind
 1
     0         95
 0.100000000000000005E-03
 OBS  96
 50.5082552717893378
 50.5124454176149413
 0.000000000000000000E+00
 95 97 -1
obdef
loc1d
   0.0000000000000000
kind
 1
     0         96
 0.100000000000000005E-03
 OBS  97
 50.0749822102606004
 50.0728414770933270
 0.000000000000000000E+00
 96 98 -1
obdef
loc1d
   0.0000000000000000
kind
 1
     0         97
 0.100000000000000005E-03
 OBS  98
 49.6346958470570598
 49.6281152960325898
 0.000000000000000000E+00
 97 99 -1
obdef
loc1d
   0.0000000000000000
kind
 1
     0         98
 0.100000000000000005E-03
 OBS  99
 49.1550611001918085
 49.1780522930489497
 0.000000000000000000E+00
 98 100 -1
obdef
loc1d
   0.0000000000000000
kind
 1
     0         99
 0.100000000000000005E-03
 OBS  100
 48.7053677158087552
 48.7224342119847691
 0.000000000000000000E+00
 99 101 -1
obdef
loc1d
   0.0000000000000000
kind
 1
     0        100
 0.100000000000000005E-03
 OBS  101
 48.2692752120862991
 48.2610405609487358
 0.000000000000000000E+00
 100 102 -1
obdef
loc1d
   0.0000000000000000
kind
 1
     0        101
 0.100000000000000005E-03
 OBS  102
 47.8060524787182075
 47.7936502714865057
 0.000000000000000000E+00
 101 103 -1
obdef
loc1d
   0.0000000000000000
kind
 1
     0        102
 0.100000000000000005E-03
 OBS  103
 47.3347851552253758
 47.3200435796305285
 0.000000000000000000E+00
 102 104 -1
obdef
loc1d
   0.0000000000000000
kind
 1
     0        103
 0.100000000000000005E-03
 OBS  104
 46.8420480775238133
 46.8400041254049455
 0.000000000000000000E+00
 103 105 -1
obdef
loc1d
   0.0000000000000000
kind
 1
     0        104
 0.100000000000000005E-03
 OBS  105
 46.3530283647178862
 46.3533212623936492
 0.000000000000000000E+00
 104 106 -1
obdef
loc1d
   0.0000000000000000
kind
 1
     0        105
 0.100000000000000005E-03
 OBS  106
 45.8697447008803181
 45.8597925621040758
 0.000000000000000000E+00
 105 107 -1
obdef
loc1d
   0.0000000000000000
kind
 1
     0        106
 0.100000000000000005E-03
 OBS  107
 45.3653806134709257
 45.3592264928349564
 0.000000000000000000E+00
 106 108 -1
obdef
loc1d
   0.0000000000000000
kind
 1
     0        107
 0.100000000000000005E-03
 OBS  108
 44.8506184684265818
 44.8514452465659090
 0.000000000000000000E+00
 107 109 -1
obdef
loc1d
   0.0000000000000000
kind
 1
     0        108
 0.100000000000000005E-03
 OBS  109
 44.3270087425645656
 44.3362876806666932
 0.000000000000000000E+00
 108 110 -1
obdef
loc1d
   0.0000000000000000
kind
 1
     0        109
 0.100000000000000005E-03
 OBS  110
 43.7977764599514359
 43.8136123376518540
 0.000000000000000000E+00
 109 111 -1
obdef
loc1d
   0.0000000000000000
kind
 1
     0        110
 0.100000000000000005E-03
 OBS  111
 43.2893186653313009
 43.2833004994790116
 0.000000000000000000E+00
 110 112 -1
obdef
loc1d
   0.0000000000000000
kind
 1
     0        111
 0.100000000000000005E-03
 OBS  112
 42.7443079582656082
 42.7452592314006168
 0.000000000000000000E+00
 111 113 -1
obdef
loc1d
   0.0000000000000000
kind
 1
     0        112
 0.100000000000000005E-03
 OBS  113
 42.2004427541660689
 42.1994243654739023
 0.000000000000000000E+00
 112 114 -1
obdef
loc1d
   0.0000000000000000
kind
 1
     0        113
 0.100000000000000005E-03
 OBS  114
 41.6391403725204370
 41.6457633744885953
 0.000000000000000000E+00
 113 115 -1
obdef
loc1d
   0.0000000000000000
kind
 1
     0        114
 0.100000000000000005E-03
 OBS  115
 41.0803991807207183
 41.0842780848630724
 0.000000000000000000E+00
 114 116 -1
obdef
loc1d
   0.0000000000000000
kind
 1
     0        115
 0.100000000000000005E-03
 OBS  116
 40.5148364431121166
 40.5150071798395430
 0.000000000000000000E+00
 115 117 -1
obdef
loc1d
   0.0000000000000000
kind
 1
     0        116
 0.100000000000000005E-03
 OBS  117
 39.9444210217919746
 39.9380284458074755
 0.000000000000000000E+00
 116 118 -1
obdef
loc1d
   0.0000000000000000
kind
 1
     0        117
 0.100000000000000005E-03
 OBS  118
 39.3548094759587386
 39.3534607193511334
 0.000000000000000000E+00
 117 119 -1
obdef
loc1d
   0.0000000000000000
kind
 1
     0        118
 0.100000000000000005E-03
 OBS  119
 38.7631336535670741
 38.7614654959601026
 0.000000000000000000E+00
 118 120 -1
obdef
loc1d
   0.0000000000000000
kind
 1
     0        119
 0.100000000000000005E-03
 OBS  120
 38.1827221478833394
 38.1622481697748697
 0.000000000000000000E+00
 119 121 -1
obdef
loc1d
   0.0000000000000000
kind
 1
     0        120
 0.100000000000000005E-03
 OBS  121
 37.5548580794977340
 37.5560588778334150
 0.000000000000000000E+00
 120 122 -1
obdef
loc1d
   0.0000000000000000
kind
 1
     0        121
 0.100000000000000005E-03
 OBS  122
 36.9526426688974610
 36.9431929317614305
 0.000000000000000000E+00
 121 123 -1
obdef
loc1d
   0.0000000000000000
kind
 1
     0        122
 0.100000000000000005E-03
 OBS  123
 36.3350131869281512
 36.3239908265014151
 0.000000000000000000E+00
 122 124 -1
obdef
loc1d
   0.0000000000000000
kind
 1
     0        123
 0.100000000000000005E-03
 OBS  124
 35.7058771856298307
 35.6988378233269827
 0.000000000000000000E+00
 123 125 -1
obdef
loc1d
   0.0000000000000000
kind
 1
     0        124
 0.100000000000000005E-03
 OBS  125
 35.0632187780899116
 35.0681631123112751
 0.000000000000000000E+00
 124 126 -1
obdef
loc1d
   0.0000000000000000
kind
 1
     0        125
 0.100000000000000005E-03
 OBS  126
 34.4147099253864681
 34.4324385663357120
 0.000000000000000000E+00
 125 127 -1
obdef
loc1d
   0.0000000000000000
kind
 1
     0        126
 0.100000000000000005E-03
 OBS  127
 33.8074965942606767
 33.7921771050816915
 0.000000000000000000E+00
 126 128 -1
obdef
loc1d
   0.0000000000000000
kind
 1
     0        127
 0.100000000000000005E-03
 OBS  128
 33.1627676570742551
 33.1479306929305721
 0.000000000000000000E+00
 127 129 -1
obdef
loc1d
   0.0000000000000000
kind
 1
     0        128
 0.100000000000000005E-03
 OBS  129
 32.4999423176561493
 32.5002880002555514
 0.000000000000000000E+00
 128 130 -1
obdef
loc1d
   0.0000000000000000
kind
 1
     0        129
 0.100000000000000005E-03
 OBS  130
 31.8409454268473482
 31.8498717602867671
 0.000000000000000000E+00
 129 131 -1
obdef
loc1d
   0.0000000000000000
kind
 1
     0        130
 0.100000000000000005E-03
 OBS  131
 31.2032573078341144
 31.1973358570873884
 0.000000000000000000E+00
 130 132 -1
obdef
loc1d
   0.0000000000000000
kind
 1
     0        131
 0.100000000000000005E-03
 OBS  132
 30.5269787982799805
 30.5433621822210810
 0.000000000000000000E+00
 131 133 -1
obdef
loc1d
   0.0000000000000000
kind
 1
     0        132
 0.100000000000000005E-03
 OBS  133
 29.8990048755583651
 29.8886572983448318
 0.000000000000000000E+00
 132 134 -1
obdef
loc1d
   0.0000000000000000
kind
 1
     0        133
 0.100000000000000005E-03
 OBS  134
 29.2383236077214441
 29.2339489478645476
 0.000000000000000000E+00
 133 135 -1
obdef
loc1d
   0.0000000000000000
kind
 1
     0        134
 0.100000000000000005E-03
 OBS  135
 28.5747435640286227
 28.5799824445062178
 0.000000000000000000E+00
 134 136 -1
obdef
loc1d
   0.0000000000000000
kind
 1
     0        135
 0.100000000000000005E-03
 OBS  136
 27.9270864556719260
 27.9275169849959894
 0.000000000000000000E+00
 135 137 -1
obdef
loc1d
   0.0000000000000000
kind
 1
     0        136
 0.100000000000000005E-03
 OBS  137
 27.2899834832732573
 27.2773219146129691
 0.000000000000000000E+00
 136 138 -1
obdef
loc1d
   0.0000000000000000
kind
 1
     0        137
 0.100000000000000005E-03
 OBS  138
 26.6317808928276740
 26.6301729812527199
 0.000000000000000000E+00
 137 139 -1
obdef
loc1d
   0.0000000000000000
kind
 1
     0        138
 0.100000000000000005E-03
 OBS  139
 25.9832505504357272
 25.9868486074855944
 0.000000000000000000E+00
 138 140 -1
obdef
loc1d
   0.0000000000000000
kind
 1
     0        139
 0.100000000000000005E-03
 OBS  140
 25.3517520998650632
 25.3481262098791724
 0.000000000000000000E+00
 139 141 -1
obdef
loc1d
   0.0000000000000000
kind
 1
     0        140
 0.100000000000000005E-03
 OBS  141
 24.7120904754437341
 24.7147785918087308
 0.000000000000000000E+00
 140 142 -1
obdef
loc1d
   0.0000000000000000
kind
 1
     0        141
 0.100000000000000005E-03
 OBS  142
 24.0966447648109678
 24.0875704338118553
 0.000000000000000000E+00
 141 143 -1
obdef
loc1d
   0.0000000000000000
kind
 1
     0        142
 0.100000000000000005E-03
 OBS  143
 23.4518755146156082
 23.4672549026635267
 0.000000000000000000E+00
 142 144 -1
obdef
loc1d
   0.0000000000000000
kind
 1
     0        143
 0.100000000000000005E-03
 OBS  144
 22.8429190913691578
 22.8545703997126175
 0.000000000000000000E+00
 143 145 -1
obdef
loc1d
   0.0000000000000000
kind
 1
     0        144
 0.100000000000000005E-03
 OBS  145
 22.2586310640265417
 22.2502374652232753
 0.000000000000000000E+00
 144 146 -1
obdef
loc1d
   0.0000000000000000
kind
 1
     0        145
 0.100000000000000005E-03
 OBS  146
 21.6752442479674023
 21.6549558549743857
 0.000000000000000000E+00
 145 147 -1
obdef
loc1d
   0.0000000000000000
kind
 1
     0        146
 0.100000000000000005E-03
 OBS  147
 21.0817070774055750
 21.0694018032274855
 0.000000000000000000E+00
 146 148 -1
obdef
loc1d
   0.0000000000000000
kind
 1
     0        147
 0.100000000000000005E-03
 OBS  148
 20.5003524121004688
 20.4942254835579973
 0.000000000000000000E+00
 147 149 -1
obdef
loc1d
   0.0000000000000000
kind
 1
     0        148
 0.100000000000000005E-03
 OBS  149
 19.9420578954689844
 19.9300486783960942
 0.000000000000000000E+00
 148 150 -1
obdef
loc1d
   0.0000000000000000
kind
 1
     0        149
 0.100000000000000005E-03
 OBS  150
 19.3806864242254875
 19.3774626669807652
 0.000000000000000000E+00
 149 151 -1
obdef
loc1d
   0.0000000000000000
kind
 1
     0        150
 0.100000000000000005E-03
 OBS  151
 18.8278697160220965
 18.8370263376294567
 0.000000000000000000E+00
 150 152 -1
obdef
loc1d
   0.0000000000000000
kind
 1
     0        151
 0.100000000000000005E-03
 OBS  152
 18.3118864663755758
 18.3092645313602347
 0.000000000000000000E+00
 151 153 -1
obdef
loc1d
   0.0000000000000000
kind
 1
     0        152
 0.100000000000000005E-03
 OBS  153
 17.7857496633174605
 17.7946666202101795
 0.000000000000000000E+00
 152 154 -1
obdef
loc1d
   0.0000000000000000
kind
 1
     0        153
 0.100000000000000005E-03
 OBS  154
 17.2917233150790999
 17.2936853232949517
 0.000000000000000000E+00
 153 155 -1
obdef
loc1d
   0.0000000000000000
kind
 1
     0        154
 0.100000000000000005E-03
 OBS  155
 16.8135330994475609
 16.8067357610244272
 0.000000000000000000E+00
 154 156 -1
obdef
loc1d
   0.0000000000000000
kind
 1
     0        155
 0.100000000000000005E-03
 OBS  156
 16.3250803575336434
 16.3341947474023996
 0.000000000000000000E+00
 155 157 -1
obdef
loc1d
   0.0000000000000000
kind
 1
     0        156
 0.100000000000000005E-03
 OBS  157
 15.8570807141997836
 15.8764003175460644
 0.000000000000000000E+00
 156 158 -1
obdef
loc1d
   0.0000000000000000
kind
 1
     0        157
 0.100000000000000005E-03
 OBS  158
 15.4264632082628381
 15.4336514869184072
 0.000000000000000000E+00
 157 159 -1
obdef
loc1d
   0.0000000000000000
kind
 1
     0        158
 0.100000000000000005E-03
 OBS  159
 15.0129085480249600
 15.0062082364009228
 0.000000000000000000E+00
 158 160 -1
obdef
loc1d
   0.0000000000000000
kind
 1
     0        159
 0.100000000000000005E-03
 OBS  160
 14.5969425570652280
 14.5942917166815107
 0.000000000000000000E+00
 159 161 -1
obdef
loc1d
   0.0000000000000000
kind
 1
     0        160
 0.100000000000000005E-03
 OBS  161
 14.2055639941955789
 14.1980846634573226
 0.000000000000000000E+00
 160 162 -1
obdef
loc1d
   0.0000000000000000
kind
 1
     0        161
 0.100000000000000005E-03
 OBS  162
 13.8016634726430958
 13.8177320129179435
 0.000000000000000000E+00
 161 163 -1
obdef
loc1d
   0.0000000000000000
kind
 1
     0        162
 0.100000000000000005E-03
 OBS  163
 13.4493790824101787
 13.4533417078620161
 0.000000000000000000E+00
 162 164 -1
obdef
loc1d
   0.0000000000000000
kind
 1
     0        163
 0.100000000000000005E-03
 OBS  164
 13.1290521406233758
 13.1049856809478698
 0.000000000000000000E+00
 163 165 -1
obdef
loc1d
   0.0000000000000000
kind
 1
     0        164
 0.100000000000000005E-03
 OBS  165
 12.7753575975999478
 12.7727010029690717
 0.000000000000000000E+00
 164 166 -1
obdef
loc1d
   0.0000000000000000
kind
 1
     0        165
 0.100000000000000005E-03
 OBS  166
 12.4461481130495528
 12.4564911814418551
 0.000000000000000000E+00
 165 167 -1
obdef
loc1d
   0.0000000000000000
kind
 1
     0        166
 0.100000000000000005E-03
 OBS  167
 12.1639684196346511
 12.1563275957666761
 0.000000000000000000E+00
 166 168 -1
obdef
loc1d
   0.0000000000000000
kind
 1
     0        167
 0.100000000000000005E-03
 OBS  168
 11.8515135184921743
 11.8721510525736491
 0.000000000000000000E+00
 167 169 -1
obdef
loc1d
   0.0000000000000000
kind
 1
     0        168
 0.100000000000000005E-03
 OBS  169
 11.6187370247802466
 11.6038734470315958
 0.000000000000000000E+00
 168 170 -1
obdef
loc1d
   0.0000000000000000
kind
 1
     0        169
 0.100000000000000005E-03
 OBS  170
 11.3313038548493736
 11.3513795138964468
 0.000000000000000000E+00
 169 171 -1
obdef
loc1d
   0.0000000000000000
kind
 1
     0        170
 0.100000000000000005E-03
 OBS  171
 11.1051069430389138
 11.1145286522924849
 0.000000000000000000E+00
 170 172 -1
obdef
loc1d
   0.0000000000000000
kind
 1
     0        171
 0.100000000000000005E-03
 OBS  172
 10.9016797731434316
 10.8931568088887190
 0.000000000000000000E+00
 171 173 -1
obdef
loc1d
   0.0000000000000000
kind
 1
     0        172
 0.100000000000000005E-03
 OBS  173
 10.6865142943908698
 10.6870784047952441
 0.000000000000000000E+00
 172 174 -1
obdef
loc1d
   0.0000000000000000
kind
 1
     0        173
 0.100000000000000005E-03
 OBS  174
 10.4919140615762885
 10.4960882898244350
 0.000000000000000000E+00
 173 175 -1
obdef
loc1d
   0.0000000000000000
kind
 1
     0        174
 0.100000000000000005E-03
 OBS  175
 10.3092230095635404
 10.3199637112840463
 0.000000000000000000E+00
 174 176 -1
obdef
loc1d
   0.0000000000000000
kind
 1
     0        175
 0.100000000000000005E-03
 OBS  176
 10.1530474837104734
 10.1584662822549134
 0.000000000000000000E+00
 175 177 -1
obdef
loc1d
   0.0000000000000000
kind
 1
     0        176
 0.100000000000000005E-03
 OBS  177
 10.0124236541978213
 10.0113439370716009
 0.000000000000000000E+00
 176 178 -1
obdef
loc1d
   0.0000000000000000
kind
 1
     0        177
 0.100000000000000005E-03
 OBS  178
 9.89373730391196382
 9.87833286114246079
 0.000000000000000000E+00
 177 179 -1
obdef
loc1d
   0.0000000000000000
kind
 1
     0        178
 0.100000000000000005E-03
 OBS  179
 9.75421567899368647
 9.75915938433048780
 0.000000000000000000E+00
 178 180 -1
obdef
loc1d
   0.0000000000000000
kind
 1
     0        179
 0.100000000000000005E-03
 OBS  180
 9.65150687897066639
 9.65354182654934334
 0.000000000000000000E+00
 179 181 -1
obdef
loc1d
   0.0000000000000000
kind
 1
     0        180
 0.100000000000000005E-03
 OBS  181
 9.57007070470078069
 9.56119228670352328
 0.000000000000000000E+00
 180 182 -1
obdef
loc1d
   0.0000000000000000
kind
 1
     0        181
 0.100000000000000005E-03
 OBS  182
 9.48033881981559468
 9.48181836587475857
 0.000000000000000000E+00
 181 183 -1
obdef
loc1d
   0.0000000000000000
kind
 1
     0        182
 0.100000000000000005E-03
 OBS  183
 9.42019681502503836
 9.41512481710307014
 0.000000000000000000E+00
 182 184 -1
obdef
loc1d
   0.0000000000000000
kind
 1
     0        183
 0.100000000000000005E-03
 OBS  184
 9.36963862438194006
 9.36081511530812804
 0.000000000000000000E+00
 183 185 -1
obdef
loc1d
   0.0000000000000000
kind
 1
     0        184
 0.100000000000000005E-03
 OBS  185
 9.32633671282070154
 9.31859294129436933
 0.000000000000000000E+00
 184 186 -1
obdef
loc1d
   0.0000000000000000
kind
 1
     0        185
 0.100000000000000005E-03
 OBS  186
 9.27037630673372881
 9.28816357502024914
 0.000000000000000000E+00
 185 187 -1
obdef
loc1d
   0.0000000000000000
kind
 1
     0        186
 0.100000000000000005E-03
 OBS  187
 9.27745531630945131
 9.26923519416874342
 0.000000000000000000E+00
 186 188 -1
obdef
loc1d
   0.0000000000000000
kind
 1
     0        187
 0.100000000000000005E-03
 OBS  188
 9.25992325250668991
 9.26152007516915887
 0.000000000000000000E+00
 187 189 -1
obdef
loc1d
   0.0000000000000000
kind
 1
     0        188
 0.100000000000000005E-03
 OBS  189
 9.27389738692762222
 9.26473569393994723
 0.000000000000000000E+00
 188 190 -1
obdef
loc1d
   0.0000000000000000
kind
 1
     0        189
 0.100000000000000005E-03
 OBS  190
 9.26526847870042225
 9.27860572517702309
 0.000000000000000000E+00
 189 191 -1
obdef
loc1d
   0.0000000000000000
kind
 1
     0        190
 0.100000000000000005E-03
 OBS  191
 9.30852174293753265
 9.30286093942608971
 0.000000000000000000E+00
 190 192 -1
obdef
loc1d
   0.0000000000000000
kind
 1
     0        191
 0.100000000000000005E-03
 OBS  192
 9.35382331076948681
 9.33723999741522448
 0.000000000000000000E+00
 191 193 -1
obdef
loc1d
   0.0000000000000000
kind
 1
     0        192
 0.100000000000000005E-03
 OBS  193
 9.37193743302932347
 9.38149014272590875
 0.000000000000000000E+00
 192 194 -1
obdef
loc1d
   0.0000000000000000
kind
 1
     0        193
 0.100000000000000005E-03
 OBS  194
 9.44143651218426250
 9.43536779344324117
 0.000000000000000000E+00
 193 195 -1
obdef
loc1d
   0.0000000000000000
kind
 1
     0        194
 0.100000000000000005E-03
 OBS  195
 9.50602878846832411
 9.49863903458266634
 0.000000000000000000E+00
 194 196 -1
obdef
loc1d
   0.0000000000000000
kind
 1
     0        195
 0.100000000000000005E-03
 OBS  196
 9.57222529286913648
 9.57108001345075365
 0.000000000000000000E+00
 195 197 -1
obdef
loc1d
   0.0000000000000000
kind
 1
     0        196
 0.100000000000000005E-03
 OBS  197
 9.66545063688059436
 9.65247724006206198
 0.000000000000000000E+00
 196 198 -1
obdef
loc1d
   0.0000000000000000
kind
 1
     0        197
 0.100000000000000005E-03
 OBS  198
 9.74865034098827543
 9.74262779599175133
 0.000000000000000000E+00
 197 199 -1
obdef
loc1d
   0.0000000000000000
kind
 1
     0        198
 0.100000000000000005E-03
 OBS  199
 9.83625352789752760
 9.84133945450544445
 0.000000000000000000E+00
 198 200 -1
obdef
loc1d
   0.0000000000000000
kind
 1
     0        199
 0.100000000000000005E-03
 OBS  200
 9.95477979317210604
 9.94843071550436520
 0.000000000000000000E+00
 199 -1 -1
obdef
loc1d
   0.0000000000000000
kind
 1
     0        200
 0.100000000000000005E-03
