 obs_sequence
obs_kind_definitions
           1
          21 AMSRE_BRIGHTNESS_T              
  num_copies:            0  num_qc:            0
  num_obs:           20  max_num_obs:           20
  first:            1  last:           20
 OBS            1
          -1           2          -1
obdef
loc3d
     4.230154508058656        0.8321729873508963         0.000000000000000     -1
kind
          21
 amsr-e
   37.50     54.00  V
 igbp
      23
     0     147195
   20.0000000000000     
 OBS            2
           1           3          -1
obdef
loc3d
     4.230154508058656        0.8321729873508963         0.000000000000000     -1
kind
          21
 amsr-e
   37.50     54.00  H
 igbp
      23
     0     147195
   20.0000000000000     
 OBS            3
           2           4          -1
obdef
loc3d
     4.376762165226181        0.8478809506188453         0.000000000000000     -1
kind
          21
 amsr-e
   37.50     54.00  V
 igbp
      23
     0     147195
   20.0000000000000     
 OBS            4
           3           5          -1
obdef
loc3d
     4.376762165226181        0.8478809506188453         0.000000000000000     -1
kind
          21
 amsr-e
   37.50     54.00  H
 igbp
      23
     0     147195
   20.0000000000000     
 OBS            5
           4           6          -1
obdef
loc3d
     4.391597463868132        0.7508406442079606         0.000000000000000     -1
kind
          21
 amsr-e
   37.50     54.00  V
 igbp
      23
     0     147195
   20.0000000000000     
 OBS            6
           5           7          -1
obdef
loc3d
     4.391597463868132        0.7508406442079606         0.000000000000000     -1
kind
          21
 amsr-e
   37.50     54.00  H
 igbp
      23
     0     147195
   20.0000000000000     
 OBS            7
           6           8          -1
obdef
loc3d
     4.379903757879770        0.6798057436517914         0.000000000000000     -1
kind
          21
 amsr-e
   37.50     54.00  V
 igbp
      23
     0     147195
   20.0000000000000     
 OBS            8
           7           9          -1
obdef
loc3d
     4.379903757879770        0.6798057436517914         0.000000000000000     -1
kind
          21
 amsr-e
   37.50     54.00  H
 igbp
      23
     0     147195
   20.0000000000000     
 OBS            9
           8          10          -1
obdef
loc3d
     4.393517326045326        0.6148794954776022         0.000000000000000     -1
kind
          21
 amsr-e
   37.50     54.00  V
 igbp
      23
     0     147195
   20.0000000000000     
 OBS           10
           9          11          -1
obdef
loc3d
     4.393517326045326        0.6148794954776022         0.000000000000000     -1
kind
          21
 amsr-e
   37.50     54.00  H
 igbp
      23
     0     147195
   20.0000000000000     
 OBS           11
          10          12          -1
obdef
loc3d
     4.619013865402993        0.7117452689632876         0.000000000000000     -1
kind
          21
 amsr-e
   37.50     54.00  V
 igbp
      23
     0     147195
   20.0000000000000     
 OBS           12
          11          13          -1
obdef
loc3d
     4.619013865402993        0.7117452689632876         0.000000000000000     -1
kind
          21
 amsr-e
   37.50     54.00  H
 igbp
      23
     0     147195
   20.0000000000000     
 OBS           13
          12          14          -1
obdef
loc3d
     4.749913559302567        0.7278022980816354         0.000000000000000     -1
kind
          21
 amsr-e
   37.50     54.00  V
 igbp
      23
     0     147195
   20.0000000000000     
 OBS           14
          13          15          -1
obdef
loc3d
     4.749913559302567        0.7278022980816354         0.000000000000000     -1
kind
          21
 amsr-e
   37.50     54.00  H
 igbp
      23
     0     147195
   20.0000000000000     
 OBS           15
          14          16          -1
obdef
loc3d
     4.772079240802896        0.7159340591680741         0.000000000000000     -1
kind
          21
 amsr-e
   37.50     54.00  V
 igbp
      23
     0     147195
   20.0000000000000     
 OBS           16
          15          17          -1
obdef
loc3d
     4.772079240802896        0.7159340591680741         0.000000000000000     -1
kind
          21
 amsr-e
   37.50     54.00  H
 igbp
      23
     0     147195
   20.0000000000000     
 OBS           17
          16          18          -1
obdef
loc3d
     4.905596928580462        0.6710790973918198         0.000000000000000     -1
kind
          21
 amsr-e
   37.50     54.00  V
 igbp
      23
     0     147195
   20.0000000000000     
 OBS           18
          17          19          -1
obdef
loc3d
     4.905596928580462        0.6710790973918198         0.000000000000000     -1
kind
          21
 amsr-e
   37.50     54.00  H
 igbp
      23
     0     147195
   20.0000000000000     
 OBS           19
          18          20          -1
obdef
loc3d
     4.984136744920207        0.7063347482821052         0.000000000000000     -1
kind
          21
 amsr-e
   37.50     54.00  V
 igbp
      23
     0     147195
   20.0000000000000     
 OBS           20
          19          -1          -1
obdef
loc3d
     4.984136744920207        0.7063347482821052         0.000000000000000     -1
kind
          21
 amsr-e
   37.50     54.00  H
 igbp
      23
     0     147195
   20.0000000000000     
