 obs_sequence
obs_kind_definitions
           3
           1 VELOCITY                        
           2 TRACER_CONCENTRATION            
           3 TRACER_SOURCE                   
  num_copies:            0  num_qc:            0
  num_obs:           20  max_num_obs:           20
  first:            1  last:           20
 OBS            1
          -1           2          -1
obdef
loc1d
  5.000000000000000E-002
kind
           1
     0          0
   16.01000     
 OBS            2
           1           3          -1
obdef
loc1d
  0.150000000000000     
kind
           1
     0          0
   16.01000     
 OBS            3
           2           4          -1
obdef
loc1d
  0.250000000000000     
kind
           1
     0          0
   16.01000     
 OBS            4
           3           5          -1
obdef
loc1d
  0.350000000000000     
kind
           1
     0          0
   16.01000     
 OBS            5
           4           6          -1
obdef
loc1d
  0.450000000000000     
kind
           1
     0          0
   16.01000     
 OBS            6
           5           7          -1
obdef
loc1d
  0.550000000000000     
kind
           1
     0          0
   16.01000     
 OBS            7
           6           8          -1
obdef
loc1d
  0.650000000000000     
kind
           1
     0          0
   16.01000     
 OBS            8
           7           9          -1
obdef
loc1d
  0.750000000000000     
kind
           1
     0          0
   16.01000     
 OBS            9
           8          10          -1
obdef
loc1d
  0.850000000000000     
kind
           1
     0          0
   16.01000     
 OBS           10
           9          11          -1
obdef
loc1d
  0.950000000000000     
kind
           1
     0          0
   16.01000     
 OBS           11
          10          12          -1
obdef
loc1d
  5.000000000000000E-002
kind
           2
     0          0
   1000.200000000000     
 OBS           12
          11          13          -1
obdef
loc1d
  0.150000000000000     
kind
           2
     0          0
   1000.200000000000     
 OBS           13
          12          14          -1
obdef
loc1d
  0.250000000000000     
kind
           2
     0          0
   1000.200000000000     
 OBS           14
          13          15          -1
obdef
loc1d
  0.350000000000000     
kind
           2
     0          0
   1000.200000000000     
 OBS           15
          14          16          -1
obdef
loc1d
  0.450000000000000     
kind
           2
     0          0
   1000.200000000000     
 OBS           16
          15          17          -1
obdef
loc1d
  0.550000000000000     
kind
           2
     0          0
   1000.200000000000     
 OBS           17
          16          18          -1
obdef
loc1d
  0.650000000000000     
kind
           2
     0          0
   1000.200000000000     
 OBS           18
          17          19          -1
obdef
loc1d
  0.750000000000000     
kind
           2
     0          0
   1000.200000000000     
 OBS           19
          18          20          -1
obdef
loc1d
  0.850000000000000     
kind
           2
     0          0
   1000.200000000000     
 OBS           20
          19          -1          -1
obdef
loc1d
  0.950000000000000     
kind
           2
     0          0
   1000.200000000000     
