 obs_sequence
obs_type_definitions
           0
  num_copies:            2  num_qc:            1
  num_obs:           15  max_num_obs:           15
observations                                                    
truth                                                           
Quality Control                                                 
  first:            1  last:           15
 OBS            1
   1.5550552250651206     
  0.57764969235130070     
   0.0000000000000000     
          -1           2          -1
obdef
loc1d
   0.5000000000000000
kind
          -5
     0          1
  0.50000000000000000     
 OBS            2
  0.90066834931003292     
  0.30047988296891687     
   0.0000000000000000     
           1           3          -1
obdef
loc1d
   0.5000000000000000
kind
          -6
     0          1
  0.29999999999999999     
 OBS            3
   332.04521140436549     
   332.12052020582382     
   0.0000000000000000     
           2           4          -1
obdef
loc1d
   0.5000000000000000
kind
          -7
     0          1
   1.0000000000000000E-002
 OBS            4
   1.2957274103345058     
  0.66709604449775439     
   0.0000000000000000     
           3           5          -1
obdef
loc1d
   0.5000000000000000
kind
          -5
     0          2
  0.50000000000000000     
 OBS            5
 -0.28483908888387055     
  0.30103267079449658     
   0.0000000000000000     
           4           6          -1
obdef
loc1d
   0.5000000000000000
kind
          -6
     0          2
  0.29999999999999999     
 OBS            6
   664.18897402952678     
   664.13657445350088     
   0.0000000000000000     
           5           7          -1
obdef
loc1d
   0.5000000000000000
kind
          -7
     0          2
   1.0000000000000000E-002
 OBS            7
   1.2510430688864891     
  0.76733890921198655     
   0.0000000000000000     
           6           8          -1
obdef
loc1d
   0.5000000000000000
kind
          -5
     0          3
  0.50000000000000000     
 OBS            8
  0.14649035752369940     
  0.30165218527115972     
   0.0000000000000000     
           7           9          -1
obdef
loc1d
   0.5000000000000000
kind
          -6
     0          3
  0.29999999999999999     
 OBS            9
   996.25575565683448     
   996.14816275897965     
   0.0000000000000000     
           8          10          -1
obdef
loc1d
   0.5000000000000000
kind
          -7
     0          3
   1.0000000000000000E-002
 OBS           10
   1.5062181726711423     
  0.87797602399919394     
   0.0000000000000000     
           9          11          -1
obdef
loc1d
   0.5000000000000000
kind
          -5
     0          4
  0.50000000000000000     
 OBS           11
  0.54462279403932623     
  0.30233594243716233     
   0.0000000000000000     
          10          12          -1
obdef
loc1d
   0.5000000000000000
kind
          -6
     0          4
  0.29999999999999999     
 OBS           12
   1327.9926698239965     
   1328.1552851235194     
   0.0000000000000000     
          11          13          -1
obdef
loc1d
   0.5000000000000000
kind
          -7
     0          4
   1.0000000000000000E-002
 OBS           13
   1.3441050859614210     
  0.99898224420578696     
   0.0000000000000000     
          12          14          -1
obdef
loc1d
   0.5000000000000000
kind
          -5
     0          5
  0.50000000000000000     
 OBS           14
  0.96724285779869490     
  0.30308378852289997     
   0.0000000000000000     
          13          15          -1
obdef
loc1d
   0.5000000000000000
kind
          -6
     0          5
  0.29999999999999999     
 OBS           15
   1660.0844485052482     
   1660.1579415388080     
   0.0000000000000000     
          14          -1          -1
obdef
loc1d
   0.5000000000000000
kind
          -7
     0          5
   1.0000000000000000E-002
