 obs_sequence
obs_type_definitions
           2
           1 RAW_STATE_VARIABLE             
           2 RAW_TRACER_CONCENTRATION       
  num_copies:            0  num_qc:            0
  num_obs:           80  max_num_obs:           80
  first:            1  last:           80
 OBS            1
          -1           2          -1
obdef
loc1d
   0.0976320288609713
kind
           1
     0          0
   1.0000000000000000     
 OBS            2
           1           3          -1
obdef
loc1d
   0.1116066654212773
kind
           1
     0          0
   1.0000000000000000     
 OBS            3
           2           4          -1
obdef
loc1d
   0.9123828439041972
kind
           1
     0          0
   1.0000000000000000     
 OBS            4
           3           5          -1
obdef
loc1d
   0.5626933739986271
kind
           1
     0          0
   1.0000000000000000     
 OBS            5
           4           6          -1
obdef
loc1d
   0.7890353025868535
kind
           1
     0          0
   1.0000000000000000     
 OBS            6
           5           7          -1
obdef
loc1d
   0.5263213068246841
kind
           1
     0          0
   1.0000000000000000     
 OBS            7
           6           8          -1
obdef
loc1d
   0.7800035974942148
kind
           1
     0          0
   1.0000000000000000     
 OBS            8
           7           9          -1
obdef
loc1d
   0.7706147418357432
kind
           1
     0          0
   1.0000000000000000     
 OBS            9
           8          10          -1
obdef
loc1d
   0.0179396776948124
kind
           1
     0          0
   1.0000000000000000     
 OBS           10
           9          11          -1
obdef
loc1d
   0.2835616543889046
kind
           1
     0          0
   1.0000000000000000     
 OBS           11
          10          12          -1
obdef
loc1d
   0.9695059356745332
kind
           1
     0          0
   1.0000000000000000     
 OBS           12
          11          13          -1
obdef
loc1d
   0.5043860960286111
kind
           1
     0          0
   1.0000000000000000     
 OBS           13
          12          14          -1
obdef
loc1d
   0.5931753483600914
kind
           1
     0          0
   1.0000000000000000     
 OBS           14
          13          15          -1
obdef
loc1d
   0.6954989682417363
kind
           1
     0          0
   1.0000000000000000     
 OBS           15
          14          16          -1
obdef
loc1d
   0.1461171533446759
kind
           1
     0          0
   1.0000000000000000     
 OBS           16
          15          17          -1
obdef
loc1d
   0.6993279927410185
kind
           1
     0          0
   1.0000000000000000     
 OBS           17
          16          18          -1
obdef
loc1d
   0.9093750778120011
kind
           1
     0          0
   1.0000000000000000     
 OBS           18
          17          19          -1
obdef
loc1d
   0.1707513660658151
kind
           1
     0          0
   1.0000000000000000     
 OBS           19
          18          20          -1
obdef
loc1d
   0.5537363118492067
kind
           1
     0          0
   1.0000000000000000     
 OBS           20
          19          21          -1
obdef
loc1d
   0.6530454361345619
kind
           1
     0          0
   1.0000000000000000     
 OBS           21
          20          22          -1
obdef
loc1d
   0.9845555552747101
kind
           1
     0          0
   1.0000000000000000     
 OBS           22
          21          23          -1
obdef
loc1d
   0.8209010860882699
kind
           1
     0          0
   1.0000000000000000     
 OBS           23
          22          24          -1
obdef
loc1d
   0.4142464431934059
kind
           1
     0          0
   1.0000000000000000     
 OBS           24
          23          25          -1
obdef
loc1d
   0.7773397949058563
kind
           1
     0          0
   1.0000000000000000     
 OBS           25
          24          26          -1
obdef
loc1d
   0.3242004385683686
kind
           1
     0          0
   1.0000000000000000     
 OBS           26
          25          27          -1
obdef
loc1d
   0.4713136872742325
kind
           1
     0          0
   1.0000000000000000     
 OBS           27
          26          28          -1
obdef
loc1d
   0.1817673651967198
kind
           1
     0          0
   1.0000000000000000     
 OBS           28
          27          29          -1
obdef
loc1d
   0.2835416896268725
kind
           1
     0          0
   1.0000000000000000     
 OBS           29
          28          30          -1
obdef
loc1d
   0.9335337514057755
kind
           1
     0          0
   1.0000000000000000     
 OBS           30
          29          31          -1
obdef
loc1d
   0.3832693956792355
kind
           1
     0          0
   1.0000000000000000     
 OBS           31
          30          32          -1
obdef
loc1d
   0.8238800743129104
kind
           1
     0          0
   1.0000000000000000     
 OBS           32
          31          33          -1
obdef
loc1d
   0.4898871537297964
kind
           1
     0          0
   1.0000000000000000     
 OBS           33
          32          34          -1
obdef
loc1d
   0.8883492252789438
kind
           1
     0          0
   1.0000000000000000     
 OBS           34
          33          35          -1
obdef
loc1d
   0.9057112971786410
kind
           1
     0          0
   1.0000000000000000     
 OBS           35
          34          36          -1
obdef
loc1d
   0.4898857744410634
kind
           1
     0          0
   1.0000000000000000     
 OBS           36
          35          37          -1
obdef
loc1d
   0.3196016876026988
kind
           1
     0          0
   1.0000000000000000     
 OBS           37
          36          38          -1
obdef
loc1d
   0.2062372625805438
kind
           1
     0          0
   1.0000000000000000     
 OBS           38
          37          39          -1
obdef
loc1d
   0.6204372851643711
kind
           1
     0          0
   1.0000000000000000     
 OBS           39
          38          40          -1
obdef
loc1d
   0.9872079889755696
kind
           1
     0          0
   1.0000000000000000     
 OBS           40
          39          41          -1
obdef
loc1d
   0.7832315480336547
kind
           1
     0          0
   1.0000000000000000     
 OBS           41
          40          42          -1
obdef
loc1d
   0.2470830387901515
kind
           2
     0          0
   1.0000000000000000     
 OBS           42
          41          43          -1
obdef
loc1d
   0.6481108425650746
kind
           2
     0          0
   1.0000000000000000     
 OBS           43
          42          44          -1
obdef
loc1d
   0.6176380498800427
kind
           2
     0          0
   1.0000000000000000     
 OBS           44
          43          45          -1
obdef
loc1d
   0.3734439897816628
kind
           2
     0          0
   1.0000000000000000     
 OBS           45
          44          46          -1
obdef
loc1d
   0.7747280353214592
kind
           2
     0          0
   1.0000000000000000     
 OBS           46
          45          47          -1
obdef
loc1d
   0.9950832596514374
kind
           2
     0          0
   1.0000000000000000     
 OBS           47
          46          48          -1
obdef
loc1d
   0.5805200894828886
kind
           2
     0          0
   1.0000000000000000     
 OBS           48
          47          49          -1
obdef
loc1d
   0.9984450873453170
kind
           2
     0          0
   1.0000000000000000     
 OBS           49
          48          50          -1
obdef
loc1d
   0.0312828563619405
kind
           2
     0          0
   1.0000000000000000     
 OBS           50
          49          51          -1
obdef
loc1d
   0.1951624753419310
kind
           2
     0          0
   1.0000000000000000     
 OBS           51
          50          52          -1
obdef
loc1d
   0.6005460862070322
kind
           2
     0          0
   1.0000000000000000     
 OBS           52
          51          53          -1
obdef
loc1d
   0.4926797056104988
kind
           2
     0          0
   1.0000000000000000     
 OBS           53
          52          54          -1
obdef
loc1d
   0.5116357998922467
kind
           2
     0          0
   1.0000000000000000     
 OBS           54
          53          55          -1
obdef
loc1d
   0.2768701212480664
kind
           2
     0          0
   1.0000000000000000     
 OBS           55
          54          56          -1
obdef
loc1d
   0.8788080920930952
kind
           2
     0          0
   1.0000000000000000     
 OBS           56
          55          57          -1
obdef
loc1d
   0.2032086655963212
kind
           2
     0          0
   1.0000000000000000     
 OBS           57
          56          58          -1
obdef
loc1d
   0.1070751887746155
kind
           2
     0          0
   1.0000000000000000     
 OBS           58
          57          59          -1
obdef
loc1d
   0.8286793979350477
kind
           2
     0          0
   1.0000000000000000     
 OBS           59
          58          60          -1
obdef
loc1d
   0.4392097257077694
kind
           2
     0          0
   1.0000000000000000     
 OBS           60
          59          61          -1
obdef
loc1d
   0.6464654051233083
kind
           2
     0          0
   1.0000000000000000     
 OBS           61
          60          62          -1
obdef
loc1d
   0.8183175723534077
kind
           2
     0          0
   1.0000000000000000     
 OBS           62
          61          63          -1
obdef
loc1d
   0.9642269145697355
kind
           2
     0          0
   1.0000000000000000     
 OBS           63
          62          64          -1
obdef
loc1d
   0.4777065007947385
kind
           2
     0          0
   1.0000000000000000     
 OBS           64
          63          65          -1
obdef
loc1d
   0.9984249055851251
kind
           2
     0          0
   1.0000000000000000     
 OBS           65
          64          66          -1
obdef
loc1d
   0.7873477137181908
kind
           2
     0          0
   1.0000000000000000     
 OBS           66
          65          67          -1
obdef
loc1d
   0.5588578921742737
kind
           2
     0          0
   1.0000000000000000     
 OBS           67
          66          68          -1
obdef
loc1d
   0.5914539615623653
kind
           2
     0          0
   1.0000000000000000     
 OBS           68
          67          69          -1
obdef
loc1d
   0.5167387181427330
kind
           2
     0          0
   1.0000000000000000     
 OBS           69
          68          70          -1
obdef
loc1d
   0.0054628646466881
kind
           2
     0          0
   1.0000000000000000     
 OBS           70
          69          71          -1
obdef
loc1d
   0.0897253933362663
kind
           2
     0          0
   1.0000000000000000     
 OBS           71
          70          72          -1
obdef
loc1d
   0.0393625292927027
kind
           2
     0          0
   1.0000000000000000     
 OBS           72
          71          73          -1
obdef
loc1d
   0.7075677399989218
kind
           2
     0          0
   1.0000000000000000     
 OBS           73
          72          74          -1
obdef
loc1d
   0.3661330656614155
kind
           2
     0          0
   1.0000000000000000     
 OBS           74
          73          75          -1
obdef
loc1d
   0.4302613988984376
kind
           2
     0          0
   1.0000000000000000     
 OBS           75
          74          76          -1
obdef
loc1d
   0.6409605965018272
kind
           2
     0          0
   1.0000000000000000     
 OBS           76
          75          77          -1
obdef
loc1d
   0.6270243159960955
kind
           2
     0          0
   1.0000000000000000     
 OBS           77
          76          78          -1
obdef
loc1d
   0.3483619103208184
kind
           2
     0          0
   1.0000000000000000     
 OBS           78
          77          79          -1
obdef
loc1d
   0.7830707014072686
kind
           2
     0          0
   1.0000000000000000     
 OBS           79
          78          80          -1
obdef
loc1d
   0.1856060065329075
kind
           2
     0          0
   1.0000000000000000     
 OBS           80
          79          -1          -1
obdef
loc1d
   0.0405321624130011
kind
           2
     0          0
   1.0000000000000000     
