 obs_sequence
obs_type_definitions
           3
           1 RAW_STATE_VARIABLE             
           2 RAW_TRACER_CONCENTRATION       
           3 RAW_TRACER_SOURCE              
  num_copies:            2  num_qc:            0
  num_obs:            3  max_num_obs:            3
obs                                                             
obs                                                             
  first:            1  last:            3
 OBS            1
   2.0000000000000000     
   4.0000000000000000     
          -1           2          -1
obdef
loc1d
   0.0976320288609713
kind
           1
     0          0
   1.0000000000000000     
 OBS            2
  0.40000000000000002     
  0.29999999999999999     
           1           3          -1
obdef
loc1d
   0.1116066654212773
kind
           2
     0          0
   1.0000000000000000     
 OBS            3
   100.00000000000000     
   0.0000000000000000     
           2          -1          -1
obdef
loc1d
   0.0000000000000000
kind
           3
     0          0
   1.0000000000000000     
