 obs_sequence
obs_kind_definitions
           1
          16 FLOAT_TEMPERATURE               
  num_copies:            1  num_qc:            1
  num_obs:            1  max_num_obs:            1
observation                                                     
QC                                                          
  first:            1  last:            1
 OBS            1
   15.1000000000000     
  0.000000000000000E+000
          -1          -1          -1
obdef
loc3d
     3.998549316319009        0.6398377037811211         19.00000000000000      3
kind
          16
external_FO       3       1   
     15.11       15.12       14.99
     0     147195
   1.00000000000000     
