 obs_sequence
obs_kind_definitions
           29
            1 RADIOSONDE_U_WIND_COMPONENT     
            2 RADIOSONDE_V_WIND_COMPONENT     
            3 RADIOSONDE_SURFACE_PRESSURE     
            4 RADIOSONDE_TEMPERATURE          
            5 RADIOSONDE_SPECIFIC_HUMIDITY    
            6 AIRCRAFT_U_WIND_COMPONENT       
            7 AIRCRAFT_V_WIND_COMPONENT       
            8 AIRCRAFT_TEMPERATURE            
            9 ACARS_U_WIND_COMPONENT          
           10 ACARS_V_WIND_COMPONENT          
           11 ACARS_TEMPERATURE               
           12 MARINE_SFC_U_WIND_COMPONENT     
           13 MARINE_SFC_V_WIND_COMPONENT     
           14 MARINE_SFC_TEMPERATURE          
           15 MARINE_SFC_SPECIFIC_HUMIDITY    
           16 LAND_SFC_U_WIND_COMPONENT       
           17 LAND_SFC_V_WIND_COMPONENT       
           18 LAND_SFC_TEMPERATURE            
           19 LAND_SFC_SPECIFIC_HUMIDITY      
           20 SAT_U_WIND_COMPONENT            
           21 SAT_V_WIND_COMPONENT            
           22 ATOV_TEMPERATURE                
           23 AIRS_TEMPERATURE                
           24 AIRS_SPECIFIC_HUMIDITY          
           25 METAR_U_10_METER_WIND           
           26 METAR_V_10_METER_WIND           
           27 METAR_TEMPERATURE_2_METER       
           28 METAR_SPECIFIC_HUMIDITY_2_METER 
           29 METAR_SURFACE_PRESSURE          
  num_copies:             0  num_qc:             0
  num_obs:             4  max_num_obs:             4
  first:             1  last:             4
 OBS             1
           -1            2           -1
obdef
loc3d
       4.58175108587291       0.63887777269252      10.00000000000000        3
kind
           25
     0     146827
    2.000000000000000     
 OBS             2
            1            3           -1
obdef
loc3d
       4.58175108587291       0.63887777269252      10.00000000000000        3
kind
           26
     0     146827
    2.000000000000000     
 OBS             3
            2            4           -1
obdef
loc3d
       4.58175108587291       0.63887777269252       2.00000000000000        3
kind
           27
     0     146827
    1.000000000000000     
 OBS             4
            3           -1           -1
obdef
loc3d
       4.58175108587291       0.63887777269252       2.00000000000000        3
kind
           28
     0     146827
   1.0000000000000000E-006
