 obs_sequence
obs_kind_definitions
          32
          17 Z_RAOB                         
          18 U_RAOB                         
          19 V_RAOB                         
          20 T_RAOB                         
          28 U_AIREP                        
          29 V_AIREP                        
          31 U_AMDAR                        
          32 V_AMDAR                        
          33 T_AMDAR                        
          37 U_MDCRS                        
          38 V_MDCRS                        
          39 T_MDCRS                        
          42 U_CLD_WNDS2                    
          43 V_CLD_WNDS2                    
          44 U_METEO                        
          45 V_METEO                        
          46 U_GOES                         
          47 V_GOES                         
          48 T_TOVS_T                       
          49 P_SFC_LAND                     
          52 P_SFC_SHIP                     
          53 U_SFC_SHIP                     
          54 V_SFC_SHIP                     
          57 U_WSAT_WIND                    
          58 V_WSAT_WIND                    
          63 U_ASCAT_WIND                   
          64 V_ASCAT_WIND                   
          65 U_TERRA_WIND                   
          66 V_TERRA_WIND                   
          67 U_AQUA_WIND                    
          68 V_AQUA_WIND                    
          69 WS_SSMI_FF1                    
  num_copies:            1  num_qc:            1
  num_obs:               1  max_num_obs:       1
observation                                                     
navdas qc                                                       
  first:            1  last:        1
 OBS            1
   101849.973132683     
  0.000000000000000E+000
          -1           -1          -1
obdef
loc3d
     4.959353069541887        0.3485422516232676         69.00000000000000     -1
kind
          49
 0     150489
   10000.0000000000     
