 obs_sequence
obs_kind_definitions
          14
           4 GPSRO_REFRACTIVITY             
           5 RADIOSONDE_U_WIND_COMPONENT    
           6 RADIOSONDE_V_WIND_COMPONENT    
           8 RADIOSONDE_SURFACE_PRESSURE    
           9 RADIOSONDE_TEMPERATURE         
          10 RADIOSONDE_SPECIFIC_HUMIDITY   
          16 AIRCRAFT_U_WIND_COMPONENT      
          17 AIRCRAFT_V_WIND_COMPONENT      
          18 AIRCRAFT_TEMPERATURE           
          20 ACARS_U_WIND_COMPONENT         
          21 ACARS_V_WIND_COMPONENT         
          22 ACARS_TEMPERATURE              
          34 SAT_U_WIND_COMPONENT           
          35 SAT_V_WIND_COMPONENT           
  num_copies:            2  num_qc:            1
  num_obs:           32  max_num_obs:           32
observations                                                    
truth                                                           
Quality Control                                                 
  first:            1  last:           32
 OBS            1
   16.316530634395324     
   16.560642909852696     
   2.0000000000000000     
          -1           2          -1
obdef
loc3d
     2.127000000000000       -0.5900000000000000         50000.00000000000      2
kind
           5
     0     140978
   1.9600000000000000     
 OBS            2
  -3.0100968389326992     
  -2.5306735370803435     
   2.0000000000000000     
           1           3          -1
obdef
loc3d
     2.127000000000000       -0.5900000000000000         60000.00000000000      2
kind
           6
     0     140978
   1.9600000000000000     
 OBS            3
   1.8509895506983549     
  0.76263621361770673     
   2.0000000000000000     
           2           4          -1
obdef
loc3d
     2.127000000000000       -0.5900000000000000         81490.00000000000      2
kind
           5
     0     140978
   2.5600000000000001     
 OBS            4
  -1.6138105790692572     
   1.0136042368191853     
   2.0000000000000000     
           3           5          -1
obdef
loc3d
     2.127000000000000       -0.5900000000000000         81490.00000000000      2
kind
           6
     0     140978
   2.5600000000000001     
 OBS            5
   267.05264114419396     
   265.31758944198020     
   2.0000000000000000     
           4           6          -1
obdef
loc3d
     2.217000000000000        0.6480000000000000         93500.00000000000      2
kind
           9
     0     140978
   1.0000000000000000     
 OBS            6
   1.7507774932271193E-003
   1.6115582601651313E-003
   2.0000000000000000     
           5           7          -1
obdef
loc3d
     2.217000000000000        0.6480000000000000         93500.00000000000      2
kind
          10
     0     140978
   1.7639999999999999E-007
 OBS            7
   265.86187976272515     
   264.79402681937967     
   2.0000000000000000     
           6           8          -1
obdef
loc3d
     2.217000000000000        0.6480000000000000         92500.00000000000      2
kind
           9
     0     140978
   1.0000000000000000     
 OBS            8
   2.1309353525538143E-003
   1.6024688098786495E-003
   2.0000000000000000     
           7           9          -1
obdef
loc3d
     2.217000000000000        0.6480000000000000         92500.00000000000      2
kind
          10
     0     140978
   1.6000000000000000E-007
 OBS            9
  -888888.00000000000     
  -888888.00000000000     
   1000.0000000000000     
           8          10          -1
obdef
loc3d
    0.3130000000000000        0.7090000000000000         10.00000000000000     -1
kind
           8
     0     140978
   10000.000000000000     
 OBS           10
   42.889813595175667     
   47.812266519590437     
   1.0000000000000000     
           9          11          -1
obdef
loc3d
     4.716000000000000        0.7230000000000000         27830.00000000000      2
kind
          16
     0     140978
   12.960000000000001     
 OBS           11
  -33.558425529274281     
  -35.821047765652594     
   1.0000000000000000     
          10          12          -1
obdef
loc3d
     4.716000000000000        0.7230000000000000         27830.00000000000      2
kind
          17
     0     140978
   12.960000000000001     
 OBS           12
   220.23348776777794     
   221.61837942530900     
   1.0000000000000000     
          11          13          -1
obdef
loc3d
     2.836000000000000       -0.6210000000000000         20650.00000000000      2
kind
          18
     0     140978
   2.8900000000000001     
 OBS           13
   22.264358629204072     
   21.282272164550324     
   1.0000000000000000     
          12          14          -1
obdef
loc3d
     2.836000000000000       -0.6210000000000000         20650.00000000000      2
kind
          16
     0     140978
   12.960000000000001     
 OBS           14
   20.554007355365613     
   30.243721670435193     
   1.0000000000000000     
          13          15          -1
obdef
loc3d
     2.836000000000000       -0.6210000000000000         20650.00000000000      2
kind
          17
     0     140978
   12.960000000000001     
 OBS           15
   217.05133777633955     
   217.78475412573167     
   1.0000000000000000     
          14          16          -1
obdef
loc3d
     2.845000000000000       -0.3740000000000000         20650.00000000000      2
kind
          18
     0     140978
   2.8900000000000001     
 OBS           16
  0.75708200149449567     
   2.0760912377932872     
   1.0000000000000000     
          15          17          -1
obdef
loc3d
     3.543000000000000        0.3760000000000000         52750.00000000000      2
kind
          20
     0     140978
   6.2500000000000000     
 OBS           17
  -1.1810766890862274     
  -3.1354780447629311     
   1.0000000000000000     
          16          18          -1
obdef
loc3d
     3.543000000000000        0.3760000000000000         52750.00000000000      2
kind
          21
     0     140978
   6.2500000000000000     
 OBS           18
   268.36612127806882     
   266.51374789756892     
   1.0000000000000000     
          17          19          -1
obdef
loc3d
     3.542000000000000        0.3760000000000000         54920.00000000001      2
kind
          22
     0     140978
   1.0000000000000000     
 OBS           19
  -6.7375875845977813     
  0.86854536675498217     
   1.0000000000000000     
          18          20          -1
obdef
loc3d
     3.542000000000000        0.3760000000000000         54920.00000000001      2
kind
          20
     0     140978
   6.2500000000000000     
 OBS           20
  -3.2560106744771828     
  -3.0708364272696209     
   1.0000000000000000     
          19          21          -1
obdef
loc3d
     3.542000000000000        0.3760000000000000         54920.00000000001      2
kind
          21
     0     140978
   6.2500000000000000     
 OBS           21
   224.85082947123234     
   225.16847140771696     
   1.0000000000000000     
          20          22          -1
obdef
loc3d
     4.528000000000000        0.3920000000000000         23840.00000000000      2
kind
          22
     0     140978
   1.0000000000000000     
 OBS           22
  -13.928397737949020     
  -15.793003269013045     
   2.0000000000000000     
          21          23          -1
obdef
loc3d
     3.354000000000000        0.4110000000000000         86800.00000000000      2
kind
          34
     0     140978
   14.440000000000000     
 OBS           23
  -2.4891449909040140     
   2.7930020907196691     
   2.0000000000000000     
          22          24          -1
obdef
loc3d
     3.354000000000000        0.4110000000000000         86800.00000000000      2
kind
          35
     0     140978
   14.440000000000000     
 OBS           24
  -20.074824268009760     
  -17.673439969896815     
   2.0000000000000000     
          23          25          -1
obdef
loc3d
     3.182000000000000        0.4080000000000000         90600.00000000000      2
kind
          34
     0     140978
   14.440000000000000     
 OBS           25
  -7.1527525806560135     
  -1.5215749901377678     
   2.0000000000000000     
          24          26          -1
obdef
loc3d
     3.182000000000000        0.4080000000000000         90600.00000000000      2
kind
          35
     0     140978
   14.440000000000000     
 OBS           26
  -21.498859770508609     
  -16.012168025428029     
   2.0000000000000000     
          25          27          -1
obdef
loc3d
     3.317000000000000        0.4000000000000000         86800.00000000000      2
kind
          34
     0     140978
   14.440000000000000     
 OBS           27
  -4.3145699587744613     
   2.9204548678423303     
   2.0000000000000000     
          26          28          -1
obdef
loc3d
     3.317000000000000        0.4000000000000000         86800.00000000000      2
kind
          35
     0     140978
   14.440000000000000     
 OBS           28
   151.06900215018791     
   149.90459022228066     
   0.0000000000000000     
          27          29          -1
obdef
loc3d
     5.125999927520750        0.2449999898672100         1230.000000000000      3
kind
           4
gpsroref       1
   6345638.0000000000        5000.0000000000000        15000.000000000000       0.46067500000000000       -3.9821409000000002E-002 -0.88667520000000000      GPSEXC
     0     140978
   3.3438180000000002     
 OBS           29
   143.08309475125654     
   142.51656404010652     
   0.0000000000000000     
          28          30          -1
obdef
loc3d
     5.125999927520750        0.2439999878406500         1560.000000000000      3
kind
           4
gpsroref       2
   6345638.0000000000        5000.0000000000000        15000.000000000000       0.46045619999999998       -3.9050832000000001E-002 -0.88682309999999998      GPSEXC
     0     140978
   2.8373080000000002     
 OBS           30
   134.61047373971687     
   134.18262570089769     
   0.0000000000000000     
          29          31          -1
obdef
loc3d
     5.125000000000000        0.2419999837875400         1930.000000000000      3
kind
           4
gpsroref       3
   6345638.0000000000        5000.0000000000000        15000.000000000000       0.46008539999999998       -3.7566423000000002E-002 -0.88707959999999997      GPSEXC
     0     140978
   2.3537379999999999     
 OBS           31
   124.35858594600661     
   124.00325129004048     
   0.0000000000000000     
          30          32          -1
obdef
loc3d
     5.125000000000000        0.2419999837875400         2360.000000000000      3
kind
           4
gpsroref       4
   6345638.0000000000        5000.0000000000000        15000.000000000000       0.46004820000000002       -3.7349693000000003E-002 -0.88710800000000001      GPSEXC
     0     140978
   1.9097990000000000     
 OBS           32
   114.58632514225754     
   113.49226253086518     
   0.0000000000000000     
          31          -1          -1
obdef
loc3d
     5.125000000000000        0.2399999797344200         2840.000000000000      3
kind
           4
gpsroref       5
   6345638.0000000000        5000.0000000000000        15000.000000000000       0.45973809999999998       -3.6100548000000003E-002 -0.88732049999999996      GPSEXC
     0     140978
   1.5046480000000000     
