 obs_sequence
obs_kind_definitions
           1
          37 SAT_RHO                         
  num_copies:            1  num_qc:            1
  num_obs:            4  max_num_obs:            4
observation                                                     
Data QC                                                         
  first:            1  last:            4
 OBS            1
  3.984040000000000E-012
  0.000000000000000E+000
          -1           3          -1
obdef
loc3d
     5.418574153949899        -1.427312110856742         425890.0000000000      3
kind
          37
     5     146796
  5.597610569329000E-026
 OBS            2
  3.678825000000000E-012
  0.000000000000000E+000
           3           4          -1
obdef
loc3d
     1.835669064873883       -0.6778490550273806         418575.0000000000      3
kind
          37
   920     146796
  4.707007950096000E-026
 OBS            3
  3.984040000000000E-012
  0.000000000000000E+000
           1           2          -1
obdef
loc3d
     5.418574153949899        -1.427312110856742         425890.0000000000      3
kind
          37
     5     146796
  5.597610569329000E-026
 OBS            4
  3.678825000000000E-012
  0.000000000000000E+000
           2          -1          -1
obdef
loc3d
     1.835669064873883       -0.6778490550273806         418575.0000000000      3
kind
          37
   920     146796
  4.707007950096000E-026
