 obs_sequence
obs_type_definitions
           2
          16 FLOAT_TEMPERATURE              
          28 MOORING_TEMPERATURE            
  num_copies:            1  num_qc:            1
  num_obs:          228  max_num_obs:          228
WOD observation                                                 
WOD QC                                                          
  first:            1  last:          228
 OBS            1
   29.4169998168945     
  0.000000000000000E+000
          -1           2          -1
obdef
loc3d
     2.413720633950820        0.2105739669294200         10.00000000000000      3
kind
          16
 56520     155060
  0.250000000000000     
 OBS            2
   29.3479995727539     
  0.000000000000000E+000
           1           3          -1
obdef
loc3d
     2.413720633950820        0.2105739669294200         20.00000000000000      3
kind
          16
 56520     155060
  0.250000000000000     
 OBS            3
   29.3269996643066     
  0.000000000000000E+000
           2           4          -1
obdef
loc3d
     2.413720633950820        0.2105739669294200         30.00000000000000      3
kind
          16
 56520     155060
  0.250000000000000     
 OBS            4
   29.2500000000000     
  0.000000000000000E+000
           3           5          -1
obdef
loc3d
     2.413720633950820        0.2105739669294200         50.00000000000000      3
kind
          16
 56520     155060
  0.250000000000000     
 OBS            5
   28.5550003051758     
  0.000000000000000E+000
           4           6          -1
obdef
loc3d
     2.413720633950820        0.2105739669294200         75.00000000000000      3
kind
          16
 56520     155060
  0.250000000000000     
 OBS            6
   27.9820003509521     
  0.000000000000000E+000
           5           7          -1
obdef
loc3d
     2.413720633950820        0.2105739669294200         100.0000000000000      3
kind
          16
 56520     155060
  0.250000000000000     
 OBS            7
   27.2989997863770     
  0.000000000000000E+000
           6           8          -1
obdef
loc3d
     2.413720633950820        0.2105739669294200         125.0000000000000      3
kind
          16
 56520     155060
  0.250000000000000     
 OBS            8
   25.6660003662109     
  0.000000000000000E+000
           7           9          -1
obdef
loc3d
     2.413720633950820        0.2105739669294200         150.0000000000000      3
kind
          16
 56520     155060
  0.250000000000000     
 OBS            9
   21.0259990692139     
  0.000000000000000E+000
           8          10          -1
obdef
loc3d
     2.413720633950820        0.2105739669294200         200.0000000000000      3
kind
          16
 56520     155060
  0.250000000000000     
 OBS           10
   16.6499996185303     
  0.000000000000000E+000
           9          11          -1
obdef
loc3d
     2.413720633950820        0.2105739669294200         250.0000000000000      3
kind
          16
 56520     155060
  0.250000000000000     
 OBS           11
   11.8769998550415     
  0.000000000000000E+000
          10          12          -1
obdef
loc3d
     2.413720633950820        0.2105739669294200         300.0000000000000      3
kind
          16
 56520     155060
  0.250000000000000     
 OBS           12
   8.67899990081787     
  0.000000000000000E+000
          11          13          -1
obdef
loc3d
     2.413720633950820        0.2105739669294200         400.0000000000000      3
kind
          16
 56520     155060
  0.250000000000000     
 OBS           13
   7.60799980163574     
  0.000000000000000E+000
          12          14          -1
obdef
loc3d
     2.413720633950820        0.2105739669294200         500.0000000000000      3
kind
          16
 56520     155060
  0.250000000000000     
 OBS           14
   6.74900007247925     
  0.000000000000000E+000
          13          15          -1
obdef
loc3d
     2.413720633950820        0.2105739669294200         600.0000000000000      3
kind
          16
 56520     155060
  0.250000000000000     
 OBS           15
   5.97200012207031     
  0.000000000000000E+000
          14          16          -1
obdef
loc3d
     2.413720633950820        0.2105739669294200         700.0000000000000      3
kind
          16
 56520     155060
  0.250000000000000     
 OBS           16
   5.48699998855591     
  0.000000000000000E+000
          15          17          -1
obdef
loc3d
     2.413720633950820        0.2105739669294200         800.0000000000000      3
kind
          16
 56520     155060
  0.250000000000000     
 OBS           17
   4.93800020217896     
  0.000000000000000E+000
          16          18          -1
obdef
loc3d
     2.413720633950820        0.2105739669294200         900.0000000000000      3
kind
          16
 56520     155060
  0.250000000000000     
 OBS           18
   4.47800016403198     
  0.000000000000000E+000
          17          19          -1
obdef
loc3d
     2.413720633950820        0.2105739669294200         1000.000000000000      3
kind
          16
 56520     155060
  0.250000000000000     
 OBS           19
   4.04199981689453     
  0.000000000000000E+000
          18          20          -1
obdef
loc3d
     2.413720633950820        0.2105739669294200         1100.000000000000      3
kind
          16
 56520     155060
  0.250000000000000     
 OBS           20
   3.69499993324280     
  0.000000000000000E+000
          19          21          -1
obdef
loc3d
     2.413720633950820        0.2105739669294200         1200.000000000000      3
kind
          16
 56520     155060
  0.250000000000000     
 OBS           21
   3.48200011253357     
  0.000000000000000E+000
          20          22          -1
obdef
loc3d
     2.413720633950820        0.2105739669294200         1300.000000000000      3
kind
          16
 56520     155060
  0.250000000000000     
 OBS           22
   3.13499999046326     
  0.000000000000000E+000
          21          23          -1
obdef
loc3d
     2.413720633950820        0.2105739669294200         1400.000000000000      3
kind
          16
 56520     155060
  0.250000000000000     
 OBS           23
   2.89299988746643     
  0.000000000000000E+000
          22          24          -1
obdef
loc3d
     2.413720633950820        0.2105739669294200         1500.000000000000      3
kind
          16
 56520     155060
  0.250000000000000     
 OBS           24
   2.48099994659424     
  0.000000000000000E+000
          23          25          -1
obdef
loc3d
     2.413720633950820        0.2105739669294200         1750.000000000000      3
kind
          16
 56520     155060
  0.250000000000000     
 OBS           25
   29.3269996643066     
  0.000000000000000E+000
          24          26          -1
obdef
loc3d
     2.169723545932470        0.7449065467223000E-01     0.000000000000000      3
kind
          16
 61560     155060
  0.250000000000000     
 OBS           26
   29.3239994049072     
  0.000000000000000E+000
          25          27          -1
obdef
loc3d
     2.169723545932470        0.7449065467223000E-01     10.00000000000000      3
kind
          16
 61560     155060
  0.250000000000000     
 OBS           27
   29.3229999542236     
  0.000000000000000E+000
          26          28          -1
obdef
loc3d
     2.169723545932470        0.7449065467223000E-01     20.00000000000000      3
kind
          16
 61560     155060
  0.250000000000000     
 OBS           28
   29.3269996643066     
  0.000000000000000E+000
          27          29          -1
obdef
loc3d
     2.169723545932470        0.7449065467223000E-01     30.00000000000000      3
kind
          16
 61560     155060
  0.250000000000000     
 OBS           29
   29.1879997253418     
  0.000000000000000E+000
          28          30          -1
obdef
loc3d
     2.169723545932470        0.7449065467223000E-01     50.00000000000000      3
kind
          16
 61560     155060
  0.250000000000000     
 OBS           30
   28.5370006561279     
  0.000000000000000E+000
          29          31          -1
obdef
loc3d
     2.169723545932470        0.7449065467223000E-01     75.00000000000000      3
kind
          16
 61560     155060
  0.250000000000000     
 OBS           31
   26.1669998168945     
  0.000000000000000E+000
          30          32          -1
obdef
loc3d
     2.169723545932470        0.7449065467223000E-01     100.0000000000000      3
kind
          16
 61560     155060
  0.250000000000000     
 OBS           32
   24.4839992523193     
  0.000000000000000E+000
          31          33          -1
obdef
loc3d
     2.169723545932470        0.7449065467223000E-01     125.0000000000000      3
kind
          16
 61560     155060
  0.250000000000000     
 OBS           33
   20.9400005340576     
  0.000000000000000E+000
          32          34          -1
obdef
loc3d
     2.169723545932470        0.7449065467223000E-01     150.0000000000000      3
kind
          16
 61560     155060
  0.250000000000000     
 OBS           34
   15.0530004501343     
  0.000000000000000E+000
          33          35          -1
obdef
loc3d
     2.169723545932470        0.7449065467223000E-01     200.0000000000000      3
kind
          16
 61560     155060
  0.250000000000000     
 OBS           35
   11.6470003128052     
  0.000000000000000E+000
          34          36          -1
obdef
loc3d
     2.169723545932470        0.7449065467223000E-01     250.0000000000000      3
kind
          16
 61560     155060
  0.250000000000000     
 OBS           36
   10.3360004425049     
  0.000000000000000E+000
          35          37          -1
obdef
loc3d
     2.169723545932470        0.7449065467223000E-01     300.0000000000000      3
kind
          16
 61560     155060
  0.250000000000000     
 OBS           37
   8.83699989318848     
  0.000000000000000E+000
          36          38          -1
obdef
loc3d
     2.169723545932470        0.7449065467223000E-01     400.0000000000000      3
kind
          16
 61560     155060
  0.250000000000000     
 OBS           38
   7.59700012207031     
  0.000000000000000E+000
          37          39          -1
obdef
loc3d
     2.169723545932470        0.7449065467223000E-01     500.0000000000000      3
kind
          16
 61560     155060
  0.250000000000000     
 OBS           39
   6.62799978256226     
  0.000000000000000E+000
          38          40          -1
obdef
loc3d
     2.169723545932470        0.7449065467223000E-01     600.0000000000000      3
kind
          16
 61560     155060
  0.250000000000000     
 OBS           40
   6.07200002670288     
  0.000000000000000E+000
          39          41          -1
obdef
loc3d
     2.169723545932470        0.7449065467223000E-01     700.0000000000000      3
kind
          16
 61560     155060
  0.250000000000000     
 OBS           41
   5.38100004196167     
  0.000000000000000E+000
          40          42          -1
obdef
loc3d
     2.169723545932470        0.7449065467223000E-01     800.0000000000000      3
kind
          16
 61560     155060
  0.250000000000000     
 OBS           42
   4.97200012207031     
  0.000000000000000E+000
          41          43          -1
obdef
loc3d
     2.169723545932470        0.7449065467223000E-01     900.0000000000000      3
kind
          16
 61560     155060
  0.250000000000000     
 OBS           43
   4.58799982070923     
  0.000000000000000E+000
          42          44          -1
obdef
loc3d
     2.169723545932470        0.7449065467223000E-01     1000.000000000000      3
kind
          16
 61560     155060
  0.250000000000000     
 OBS           44
   4.31500005722046     
  0.000000000000000E+000
          43          45          -1
obdef
loc3d
     2.169723545932470        0.7449065467223000E-01     1100.000000000000      3
kind
          16
 61560     155060
  0.250000000000000     
 OBS           45
   4.14599990844727     
  0.000000000000000E+000
          44          46          -1
obdef
loc3d
     2.169723545932470        0.7449065467223000E-01     1200.000000000000      3
kind
          16
 61560     155060
  0.250000000000000     
 OBS           46
   4.00000000000000     
  0.000000000000000E+000
          45          47          -1
obdef
loc3d
     2.169723545932470        0.7449065467223000E-01     1300.000000000000      3
kind
          16
 61560     155060
  0.250000000000000     
 OBS           47
   3.87500000000000     
  0.000000000000000E+000
          46          48          -1
obdef
loc3d
     2.169723545932470        0.7449065467223000E-01     1400.000000000000      3
kind
          16
 61560     155060
  0.250000000000000     
 OBS           48
   3.77900004386902     
  0.000000000000000E+000
          47          49          -1
obdef
loc3d
     2.169723545932470        0.7449065467223000E-01     1500.000000000000      3
kind
          16
 61560     155060
  0.250000000000000     
 OBS           49
   3.67700004577637     
  0.000000000000000E+000
          48          50          -1
obdef
loc3d
     2.169723545932470        0.7449065467223000E-01     1750.000000000000      3
kind
          16
 61560     155060
  0.250000000000000     
 OBS           50
   28.5610008239746     
  0.000000000000000E+000
          49          51          -1
obdef
loc3d
     1.607849685989500       -0.5853834470979000E-01     0.000000000000000      3
kind
          16
 74880     155060
  0.250000000000000     
 OBS           51
   28.5669994354248     
  0.000000000000000E+000
          50          52          -1
obdef
loc3d
     1.607849685989500       -0.5853834470979000E-01     10.00000000000000      3
kind
          16
 74880     155060
  0.250000000000000     
 OBS           52
   28.5729999542236     
  0.000000000000000E+000
          51          53          -1
obdef
loc3d
     1.607849685989500       -0.5853834470979000E-01     20.00000000000000      3
kind
          16
 74880     155060
  0.250000000000000     
 OBS           53
   28.5879993438721     
  0.000000000000000E+000
          52          54          -1
obdef
loc3d
     1.607849685989500       -0.5853834470979000E-01     30.00000000000000      3
kind
          16
 74880     155060
  0.250000000000000     
 OBS           54
   28.5960006713867     
  0.000000000000000E+000
          53          55          -1
obdef
loc3d
     1.607849685989500       -0.5853834470979000E-01     50.00000000000000      3
kind
          16
 74880     155060
  0.250000000000000     
 OBS           55
   25.0289993286133     
  0.000000000000000E+000
          54          56          -1
obdef
loc3d
     1.607849685989500       -0.5853834470979000E-01     75.00000000000000      3
kind
          16
 74880     155060
  0.250000000000000     
 OBS           56
   19.1560001373291     
  0.000000000000000E+000
          55          57          -1
obdef
loc3d
     1.607849685989500       -0.5853834470979000E-01     100.0000000000000      3
kind
          16
 74880     155060
  0.250000000000000     
 OBS           57
   14.9289999008179     
  0.000000000000000E+000
          56          58          -1
obdef
loc3d
     1.607849685989500       -0.5853834470979000E-01     125.0000000000000      3
kind
          16
 74880     155060
  0.250000000000000     
 OBS           58
   13.7749996185303     
  0.000000000000000E+000
          57          59          -1
obdef
loc3d
     1.607849685989500       -0.5853834470979000E-01     150.0000000000000      3
kind
          16
 74880     155060
  0.250000000000000     
 OBS           59
   12.3789997100830     
  0.000000000000000E+000
          58          60          -1
obdef
loc3d
     1.607849685989500       -0.5853834470979000E-01     200.0000000000000      3
kind
          16
 74880     155060
  0.250000000000000     
 OBS           60
   11.6289997100830     
  0.000000000000000E+000
          59          61          -1
obdef
loc3d
     1.607849685989500       -0.5853834470979000E-01     250.0000000000000      3
kind
          16
 74880     155060
  0.250000000000000     
 OBS           61
   11.0989999771118     
  0.000000000000000E+000
          60          62          -1
obdef
loc3d
     1.607849685989500       -0.5853834470979000E-01     300.0000000000000      3
kind
          16
 74880     155060
  0.250000000000000     
 OBS           62
   10.2670001983643     
  0.000000000000000E+000
          61          63          -1
obdef
loc3d
     1.607849685989500       -0.5853834470979000E-01     400.0000000000000      3
kind
          16
 74880     155060
  0.250000000000000     
 OBS           63
   9.49899959564209     
  0.000000000000000E+000
          62          64          -1
obdef
loc3d
     1.607849685989500       -0.5853834470979000E-01     500.0000000000000      3
kind
          16
 74880     155060
  0.250000000000000     
 OBS           64
   8.78800010681152     
  0.000000000000000E+000
          63          65          -1
obdef
loc3d
     1.607849685989500       -0.5853834470979000E-01     600.0000000000000      3
kind
          16
 74880     155060
  0.250000000000000     
 OBS           65
   8.28100013732910     
  0.000000000000000E+000
          64          66          -1
obdef
loc3d
     1.607849685989500       -0.5853834470979000E-01     700.0000000000000      3
kind
          16
 74880     155060
  0.250000000000000     
 OBS           66
   7.62799978256226     
  0.000000000000000E+000
          65          67          -1
obdef
loc3d
     1.607849685989500       -0.5853834470979000E-01     800.0000000000000      3
kind
          16
 74880     155060
  0.250000000000000     
 OBS           67
   7.07800006866455     
  0.000000000000000E+000
          66          68          -1
obdef
loc3d
     1.607849685989500       -0.5853834470979000E-01     900.0000000000000      3
kind
          16
 74880     155060
  0.250000000000000     
 OBS           68
   6.30800008773804     
  0.000000000000000E+000
          67          69          -1
obdef
loc3d
     1.607849685989500       -0.5853834470979000E-01     1000.000000000000      3
kind
          16
 74880     155060
  0.250000000000000     
 OBS           69
   5.65500020980835     
  0.000000000000000E+000
          68          70          -1
obdef
loc3d
     1.607849685989500       -0.5853834470979000E-01     1100.000000000000      3
kind
          16
 74880     155060
  0.250000000000000     
 OBS           70
   5.26300001144409     
  0.000000000000000E+000
          69          71          -1
obdef
loc3d
     1.607849685989500       -0.5853834470979000E-01     1200.000000000000      3
kind
          16
 74880     155060
  0.250000000000000     
 OBS           71
   4.90500020980835     
  0.000000000000000E+000
          70          72          -1
obdef
loc3d
     1.607849685989500       -0.5853834470979000E-01     1300.000000000000      3
kind
          16
 74880     155060
  0.250000000000000     
 OBS           72
   4.51599979400635     
  0.000000000000000E+000
          71          73          -1
obdef
loc3d
     1.607849685989500       -0.5853834470979000E-01     1400.000000000000      3
kind
          16
 74880     155060
  0.250000000000000     
 OBS           73
   26.9190006256104     
  0.000000000000000E+000
          72          74          -1
obdef
loc3d
     1.729516599863930       -0.2050936474592300         0.000000000000000      3
kind
          16
 75600     155060
  0.250000000000000     
 OBS           74
   26.9220008850098     
  0.000000000000000E+000
          73          75          -1
obdef
loc3d
     1.729516599863930       -0.2050936474592300         10.00000000000000      3
kind
          16
 75600     155060
  0.250000000000000     
 OBS           75
   26.9360008239746     
  0.000000000000000E+000
          74          76          -1
obdef
loc3d
     1.729516599863930       -0.2050936474592300         20.00000000000000      3
kind
          16
 75600     155060
  0.250000000000000     
 OBS           76
   26.9370002746582     
  0.000000000000000E+000
          75          77          -1
obdef
loc3d
     1.729516599863930       -0.2050936474592300         30.00000000000000      3
kind
          16
 75600     155060
  0.250000000000000     
 OBS           77
   26.9430007934570     
  0.000000000000000E+000
          76          78          -1
obdef
loc3d
     1.729516599863930       -0.2050936474592300         50.00000000000000      3
kind
          16
 75600     155060
  0.250000000000000     
 OBS           78
   26.9500007629395     
  0.000000000000000E+000
          77          79          -1
obdef
loc3d
     1.729516599863930       -0.2050936474592300         75.00000000000000      3
kind
          16
 75600     155060
  0.250000000000000     
 OBS           79
   26.6900005340576     
  0.000000000000000E+000
          78          80          -1
obdef
loc3d
     1.729516599863930       -0.2050936474592300         100.0000000000000      3
kind
          16
 75600     155060
  0.250000000000000     
 OBS           80
   24.3570003509521     
  0.000000000000000E+000
          79          81          -1
obdef
loc3d
     1.729516599863930       -0.2050936474592300         125.0000000000000      3
kind
          16
 75600     155060
  0.250000000000000     
 OBS           81
   22.6210002899170     
  0.000000000000000E+000
          80          82          -1
obdef
loc3d
     1.729516599863930       -0.2050936474592300         150.0000000000000      3
kind
          16
 75600     155060
  0.250000000000000     
 OBS           82
   17.4969997406006     
  0.000000000000000E+000
          81          83          -1
obdef
loc3d
     1.729516599863930       -0.2050936474592300         200.0000000000000      3
kind
          16
 75600     155060
  0.250000000000000     
 OBS           83
   14.2279996871948     
  0.000000000000000E+000
          82          84          -1
obdef
loc3d
     1.729516599863930       -0.2050936474592300         250.0000000000000      3
kind
          16
 75600     155060
  0.250000000000000     
 OBS           84
   12.5100002288818     
  0.000000000000000E+000
          83          85          -1
obdef
loc3d
     1.729516599863930       -0.2050936474592300         300.0000000000000      3
kind
          16
 75600     155060
  0.250000000000000     
 OBS           85
   10.2399997711182     
  0.000000000000000E+000
          84          86          -1
obdef
loc3d
     1.729516599863930       -0.2050936474592300         400.0000000000000      3
kind
          16
 75600     155060
  0.250000000000000     
 OBS           86
   8.93099975585938     
  0.000000000000000E+000
          85          87          -1
obdef
loc3d
     1.729516599863930       -0.2050936474592300         500.0000000000000      3
kind
          16
 75600     155060
  0.250000000000000     
 OBS           87
   8.10599994659424     
  0.000000000000000E+000
          86          88          -1
obdef
loc3d
     1.729516599863930       -0.2050936474592300         600.0000000000000      3
kind
          16
 75600     155060
  0.250000000000000     
 OBS           88
   7.19899988174438     
  0.000000000000000E+000
          87          89          -1
obdef
loc3d
     1.729516599863930       -0.2050936474592300         700.0000000000000      3
kind
          16
 75600     155060
  0.250000000000000     
 OBS           89
   6.48600006103516     
  0.000000000000000E+000
          88          90          -1
obdef
loc3d
     1.729516599863930       -0.2050936474592300         800.0000000000000      3
kind
          16
 75600     155060
  0.250000000000000     
 OBS           90
   5.94600009918213     
  0.000000000000000E+000
          89          91          -1
obdef
loc3d
     1.729516599863930       -0.2050936474592300         900.0000000000000      3
kind
          16
 75600     155060
  0.250000000000000     
 OBS           91
   5.44500017166138     
  0.000000000000000E+000
          90          92          -1
obdef
loc3d
     1.729516599863930       -0.2050936474592300         1000.000000000000      3
kind
          16
 75600     155060
  0.250000000000000     
 OBS           92
   4.96999979019165     
  0.000000000000000E+000
          91          93          -1
obdef
loc3d
     1.729516599863930       -0.2050936474592300         1100.000000000000      3
kind
          16
 75600     155060
  0.250000000000000     
 OBS           93
   4.62200021743774     
  0.000000000000000E+000
          92          94          -1
obdef
loc3d
     1.729516599863930       -0.2050936474592300         1200.000000000000      3
kind
          16
 75600     155060
  0.250000000000000     
 OBS           94
   4.28700017929077     
  0.000000000000000E+000
          93          95          -1
obdef
loc3d
     1.729516599863930       -0.2050936474592300         1300.000000000000      3
kind
          16
 75600     155060
  0.250000000000000     
 OBS           95
   4.01399993896484     
  0.000000000000000E+000
          94          96          -1
obdef
loc3d
     1.729516599863930       -0.2050936474592300         1400.000000000000      3
kind
          16
 75600     155060
  0.250000000000000     
 OBS           96
   3.73900008201599     
  0.000000000000000E+000
          95          97          -1
obdef
loc3d
     1.729516599863930       -0.2050936474592300         1500.000000000000      3
kind
          16
 75600     155060
  0.250000000000000     
 OBS           97
   29.3859996795654     
  0.000000000000000E+000
          96          98          -1
obdef
loc3d
     2.219535177803260        0.2397384271192100         0.000000000000000      3
kind
          16
 76680     155060
  0.250000000000000     
 OBS           98
   29.3889999389648     
  0.000000000000000E+000
          97          99          -1
obdef
loc3d
     2.219535177803260        0.2397384271192100         10.00000000000000      3
kind
          16
 76680     155060
  0.250000000000000     
 OBS           99
   29.3899993896484     
  0.000000000000000E+000
          98         100          -1
obdef
loc3d
     2.219535177803260        0.2397384271192100         20.00000000000000      3
kind
          16
 76680     155060
  0.250000000000000     
 OBS          100
   29.3729991912842     
  0.000000000000000E+000
          99         101          -1
obdef
loc3d
     2.219535177803260        0.2397384271192100         30.00000000000000      3
kind
          16
 76680     155060
  0.250000000000000     
 OBS          101
   29.2600002288818     
  0.000000000000000E+000
         100         102          -1
obdef
loc3d
     2.219535177803260        0.2397384271192100         50.00000000000000      3
kind
          16
 76680     155060
  0.250000000000000     
 OBS          102
   29.0900001525879     
  0.000000000000000E+000
         101         103          -1
obdef
loc3d
     2.219535177803260        0.2397384271192100         75.00000000000000      3
kind
          16
 76680     155060
  0.250000000000000     
 OBS          103
   28.5750007629395     
  0.000000000000000E+000
         102         104          -1
obdef
loc3d
     2.219535177803260        0.2397384271192100         100.0000000000000      3
kind
          16
 76680     155060
  0.250000000000000     
 OBS          104
   27.9409999847412     
  0.000000000000000E+000
         103         105          -1
obdef
loc3d
     2.219535177803260        0.2397384271192100         125.0000000000000      3
kind
          16
 76680     155060
  0.250000000000000     
 OBS          105
   27.3330001831055     
  0.000000000000000E+000
         104         106          -1
obdef
loc3d
     2.219535177803260        0.2397384271192100         150.0000000000000      3
kind
          16
 76680     155060
  0.250000000000000     
 OBS          106
   23.5079994201660     
  0.000000000000000E+000
         105         107          -1
obdef
loc3d
     2.219535177803260        0.2397384271192100         200.0000000000000      3
kind
          16
 76680     155060
  0.250000000000000     
 OBS          107
   19.3700008392334     
  0.000000000000000E+000
         106         108          -1
obdef
loc3d
     2.219535177803260        0.2397384271192100         250.0000000000000      3
kind
          16
 76680     155060
  0.250000000000000     
 OBS          108
   14.3839998245239     
  0.000000000000000E+000
         107         109          -1
obdef
loc3d
     2.219535177803260        0.2397384271192100         300.0000000000000      3
kind
          16
 76680     155060
  0.250000000000000     
 OBS          109
   9.90499973297119     
  0.000000000000000E+000
         108         110          -1
obdef
loc3d
     2.219535177803260        0.2397384271192100         400.0000000000000      3
kind
          16
 76680     155060
  0.250000000000000     
 OBS          110
   29.6520004272461     
  0.000000000000000E+000
         109         111          -1
obdef
loc3d
     2.253918185372830        0.1635373489145000         0.000000000000000      3
kind
          16
 77040     155060
  0.250000000000000     
 OBS          111
   29.5470008850098     
  0.000000000000000E+000
         110         112          -1
obdef
loc3d
     2.253918185372830        0.1635373489145000         10.00000000000000      3
kind
          16
 77040     155060
  0.250000000000000     
 OBS          112
   29.4729995727539     
  0.000000000000000E+000
         111         113          -1
obdef
loc3d
     2.253918185372830        0.1635373489145000         20.00000000000000      3
kind
          16
 77040     155060
  0.250000000000000     
 OBS          113
   29.4640007019043     
  0.000000000000000E+000
         112         114          -1
obdef
loc3d
     2.253918185372830        0.1635373489145000         30.00000000000000      3
kind
          16
 77040     155060
  0.250000000000000     
 OBS          114
   29.1860008239746     
  0.000000000000000E+000
         113         115          -1
obdef
loc3d
     2.253918185372830        0.1635373489145000         50.00000000000000      3
kind
          16
 77040     155060
  0.250000000000000     
 OBS          115
   28.4200000762939     
  0.000000000000000E+000
         114         116          -1
obdef
loc3d
     2.253918185372830        0.1635373489145000         75.00000000000000      3
kind
          16
 77040     155060
  0.250000000000000     
 OBS          116
   27.4080009460449     
  0.000000000000000E+000
         115         117          -1
obdef
loc3d
     2.253918185372830        0.1635373489145000         100.0000000000000      3
kind
          16
 77040     155060
  0.250000000000000     
 OBS          117
   24.2500000000000     
  0.000000000000000E+000
         116         118          -1
obdef
loc3d
     2.253918185372830        0.1635373489145000         125.0000000000000      3
kind
          16
 77040     155060
  0.250000000000000     
 OBS          118
   20.8759994506836     
  0.000000000000000E+000
         117         119          -1
obdef
loc3d
     2.253918185372830        0.1635373489145000         150.0000000000000      3
kind
          16
 77040     155060
  0.250000000000000     
 OBS          119
   15.4219999313354     
  0.000000000000000E+000
         118         120          -1
obdef
loc3d
     2.253918185372830        0.1635373489145000         200.0000000000000      3
kind
          16
 77040     155060
  0.250000000000000     
 OBS          120
   10.5190000534058     
  0.000000000000000E+000
         119         121          -1
obdef
loc3d
     2.253918185372830        0.1635373489145000         250.0000000000000      3
kind
          16
 77040     155060
  0.250000000000000     
 OBS          121
   9.57900047302246     
  0.000000000000000E+000
         120         122          -1
obdef
loc3d
     2.253918185372830        0.1635373489145000         300.0000000000000      3
kind
          16
 77040     155060
  0.250000000000000     
 OBS          122
   7.76300001144409     
  0.000000000000000E+000
         121         123          -1
obdef
loc3d
     2.253918185372830        0.1635373489145000         400.0000000000000      3
kind
          16
 77040     155060
  0.250000000000000     
 OBS          123
   29.5079994201660     
  0.000000000000000E+000
         122         124          -1
obdef
loc3d
     2.233358182283260        0.1002168074471500         0.000000000000000      3
kind
          16
 77400     155060
  0.250000000000000     
 OBS          124
   29.5189990997314     
  0.000000000000000E+000
         123         125          -1
obdef
loc3d
     2.233358182283260        0.1002168074471500         10.00000000000000      3
kind
          16
 77400     155060
  0.250000000000000     
 OBS          125
   29.5189990997314     
  0.000000000000000E+000
         124         126          -1
obdef
loc3d
     2.233358182283260        0.1002168074471500         20.00000000000000      3
kind
          16
 77400     155060
  0.250000000000000     
 OBS          126
   29.4659996032715     
  0.000000000000000E+000
         125         127          -1
obdef
loc3d
     2.233358182283260        0.1002168074471500         30.00000000000000      3
kind
          16
 77400     155060
  0.250000000000000     
 OBS          127
   29.1420001983643     
  0.000000000000000E+000
         126         128          -1
obdef
loc3d
     2.233358182283260        0.1002168074471500         50.00000000000000      3
kind
          16
 77400     155060
  0.250000000000000     
 OBS          128
   26.7849998474121     
  0.000000000000000E+000
         127         129          -1
obdef
loc3d
     2.233358182283260        0.1002168074471500         75.00000000000000      3
kind
          16
 77400     155060
  0.250000000000000     
 OBS          129
   21.0739994049072     
  0.000000000000000E+000
         128         130          -1
obdef
loc3d
     2.233358182283260        0.1002168074471500         100.0000000000000      3
kind
          16
 77400     155060
  0.250000000000000     
 OBS          130
   17.9230003356934     
  0.000000000000000E+000
         129         131          -1
obdef
loc3d
     2.233358182283260        0.1002168074471500         125.0000000000000      3
kind
          16
 77400     155060
  0.250000000000000     
 OBS          131
   14.7550001144409     
  0.000000000000000E+000
         130         132          -1
obdef
loc3d
     2.233358182283260        0.1002168074471500         150.0000000000000      3
kind
          16
 77400     155060
  0.250000000000000     
 OBS          132
   12.9610004425049     
  0.000000000000000E+000
         131         133          -1
obdef
loc3d
     2.233358182283260        0.1002168074471500         200.0000000000000      3
kind
          16
 77400     155060
  0.250000000000000     
 OBS          133
   10.7239999771118     
  0.000000000000000E+000
         132         134          -1
obdef
loc3d
     2.233358182283260        0.1002168074471500         250.0000000000000      3
kind
          16
 77400     155060
  0.250000000000000     
 OBS          134
   10.2539997100830     
  0.000000000000000E+000
         133         135          -1
obdef
loc3d
     2.233358182283260        0.1002168074471500         300.0000000000000      3
kind
          16
 77400     155060
  0.250000000000000     
 OBS          135
   8.75199985504150     
  0.000000000000000E+000
         134         136          -1
obdef
loc3d
     2.233358182283260        0.1002168074471500         400.0000000000000      3
kind
          16
 77400     155060
  0.250000000000000     
 OBS          136
   7.79199981689453     
  0.000000000000000E+000
         135         137          -1
obdef
loc3d
     2.233358182283260        0.1002168074471500         500.0000000000000      3
kind
          16
 77400     155060
  0.250000000000000     
 OBS          137
   28.1529998779297     
  0.000000000000000E+000
         136         138          -1
obdef
loc3d
     1.610694607823970       -0.8599237304471000E-01     0.000000000000000      3
kind
          16
 86040     155060
  0.250000000000000     
 OBS          138
   28.1690006256104     
  0.000000000000000E+000
         137         139          -1
obdef
loc3d
     1.610694607823970       -0.8599237304471000E-01     10.00000000000000      3
kind
          16
 86040     155060
  0.250000000000000     
 OBS          139
   28.2539997100830     
  0.000000000000000E+000
         138         140          -1
obdef
loc3d
     1.610694607823970       -0.8599237304471000E-01     20.00000000000000      3
kind
          16
 86040     155060
  0.250000000000000     
 OBS          140
   28.2689990997314     
  0.000000000000000E+000
         139         141          -1
obdef
loc3d
     1.610694607823970       -0.8599237304471000E-01     30.00000000000000      3
kind
          16
 86040     155060
  0.250000000000000     
 OBS          141
   28.2709999084473     
  0.000000000000000E+000
         140         142          -1
obdef
loc3d
     1.610694607823970       -0.8599237304471000E-01     50.00000000000000      3
kind
          16
 86040     155060
  0.250000000000000     
 OBS          142
   25.4629993438721     
  0.000000000000000E+000
         141         143          -1
obdef
loc3d
     1.610694607823970       -0.8599237304471000E-01     75.00000000000000      3
kind
          16
 86040     155060
  0.250000000000000     
 OBS          143
   18.6299991607666     
  0.000000000000000E+000
         142         144          -1
obdef
loc3d
     1.610694607823970       -0.8599237304471000E-01     100.0000000000000      3
kind
          16
 86040     155060
  0.250000000000000     
 OBS          144
   14.5229997634888     
  0.000000000000000E+000
         143         145          -1
obdef
loc3d
     1.610694607823970       -0.8599237304471000E-01     125.0000000000000      3
kind
          16
 86040     155060
  0.250000000000000     
 OBS          145
   13.1160001754761     
  0.000000000000000E+000
         144         146          -1
obdef
loc3d
     1.610694607823970       -0.8599237304471000E-01     150.0000000000000      3
kind
          16
 86040     155060
  0.250000000000000     
 OBS          146
   12.3149995803833     
  0.000000000000000E+000
         145         147          -1
obdef
loc3d
     1.610694607823970       -0.8599237304471000E-01     200.0000000000000      3
kind
          16
 86040     155060
  0.250000000000000     
 OBS          147
   11.5860004425049     
  0.000000000000000E+000
         146         148          -1
obdef
loc3d
     1.610694607823970       -0.8599237304471000E-01     250.0000000000000      3
kind
          16
 86040     155060
  0.250000000000000     
 OBS          148
   10.9469995498657     
  0.000000000000000E+000
         147         149          -1
obdef
loc3d
     1.610694607823970       -0.8599237304471000E-01     300.0000000000000      3
kind
          16
 86040     155060
  0.250000000000000     
 OBS          149
   10.0319995880127     
  0.000000000000000E+000
         148         150          -1
obdef
loc3d
     1.610694607823970       -0.8599237304471000E-01     400.0000000000000      3
kind
          16
 86040     155060
  0.250000000000000     
 OBS          150
   9.34300041198730     
  0.000000000000000E+000
         149         151          -1
obdef
loc3d
     1.610694607823970       -0.8599237304471000E-01     500.0000000000000      3
kind
          16
 86040     155060
  0.250000000000000     
 OBS          151
   8.69999980926514     
  0.000000000000000E+000
         150         152          -1
obdef
loc3d
     1.610694607823970       -0.8599237304471000E-01     600.0000000000000      3
kind
          16
 86040     155060
  0.250000000000000     
 OBS          152
   7.95900011062622     
  0.000000000000000E+000
         151         153          -1
obdef
loc3d
     1.610694607823970       -0.8599237304471000E-01     700.0000000000000      3
kind
          16
 86040     155060
  0.250000000000000     
 OBS          153
   7.31699991226196     
  0.000000000000000E+000
         152         154          -1
obdef
loc3d
     1.610694607823970       -0.8599237304471000E-01     800.0000000000000      3
kind
          16
 86040     155060
  0.250000000000000     
 OBS          154
   6.75400018692017     
  0.000000000000000E+000
         153         155          -1
obdef
loc3d
     1.610694607823970       -0.8599237304471000E-01     900.0000000000000      3
kind
          16
 86040     155060
  0.250000000000000     
 OBS          155
   5.96199989318848     
  0.000000000000000E+000
         154         156          -1
obdef
loc3d
     1.610694607823970       -0.8599237304471000E-01     1000.000000000000      3
kind
          16
 86040     155060
  0.250000000000000     
 OBS          156
   5.57700014114380     
  0.000000000000000E+000
         155         157          -1
obdef
loc3d
     1.610694607823970       -0.8599237304471000E-01     1100.000000000000      3
kind
          16
 86040     155060
  0.250000000000000     
 OBS          157
   5.19899988174438     
  0.000000000000000E+000
         156         158          -1
obdef
loc3d
     1.610694607823970       -0.8599237304471000E-01     1200.000000000000      3
kind
          16
 86040     155060
  0.250000000000000     
 OBS          158
   4.90600013732910     
  0.000000000000000E+000
         157         159          -1
obdef
loc3d
     1.610694607823970       -0.8599237304471000E-01     1300.000000000000      3
kind
          16
 86040     155060
  0.250000000000000     
 OBS          159
   4.49800014495850     
  0.000000000000000E+000
         158         160          -1
obdef
loc3d
     1.610694607823970       -0.8599237304471000E-01     1400.000000000000      3
kind
          16
 86040     155060
  0.250000000000000     
 OBS          160
   4.07000017166138     
  0.000000000000000E+000
         159         161          -1
obdef
loc3d
     1.610694607823970       -0.8599237304471000E-01     1500.000000000000      3
kind
          16
 86040     155060
  0.250000000000000     
 OBS          161
   29.4479999542236     
  0.000000000000000E+000
         160         162          -1
obdef
loc3d
     2.409776226060300        0.3595378159240000E-01     30.00000000000000      3
kind
          28
     0     155061
  0.250000000000000     
 OBS          162
   29.4400005340576     
  0.000000000000000E+000
         161         163          -1
obdef
loc3d
     2.409776226060300        0.3595378159240000E-01     50.00000000000000      3
kind
          28
     0     155061
  0.250000000000000     
 OBS          163
   29.1599998474121     
  0.000000000000000E+000
         162         164          -1
obdef
loc3d
     2.409776226060300        0.3595378159240000E-01     75.00000000000000      3
kind
          28
     0     155061
  0.250000000000000     
 OBS          164
   28.3700008392334     
  0.000000000000000E+000
         163         165          -1
obdef
loc3d
     2.409776226060300        0.3595378159240000E-01     100.0000000000000      3
kind
          28
     0     155061
  0.250000000000000     
 OBS          165
   26.7000007629395     
  0.000000000000000E+000
         164         166          -1
obdef
loc3d
     2.409776226060300        0.3595378159240000E-01     125.0000000000000      3
kind
          28
     0     155061
  0.250000000000000     
 OBS          166
   24.7700004577637     
  0.000000000000000E+000
         165         167          -1
obdef
loc3d
     2.409776226060300        0.3595378159240000E-01     150.0000000000000      3
kind
          28
     0     155061
  0.250000000000000     
 OBS          167
   17.1599998474121     
  0.000000000000000E+000
         166         168          -1
obdef
loc3d
     2.409776226060300        0.3595378159240000E-01     200.0000000000000      3
kind
          28
     0     155061
  0.250000000000000     
 OBS          168
   14.0699996948242     
  0.000000000000000E+000
         167         169          -1
obdef
loc3d
     2.409776226060300        0.3595378159240000E-01     250.0000000000000      3
kind
          28
     0     155061
  0.250000000000000     
 OBS          169
   12.2200002670288     
  0.000000000000000E+000
         168         170          -1
obdef
loc3d
     2.409776226060300        0.3595378159240000E-01     300.0000000000000      3
kind
          28
     0     155061
  0.250000000000000     
 OBS          170
   9.39599990844727     
  0.000000000000000E+000
         169         171          -1
obdef
loc3d
     2.409776226060300        0.3595378159240000E-01     400.0000000000000      3
kind
          28
     0     155061
  0.250000000000000     
 OBS          171
   7.73999977111816     
  0.000000000000000E+000
         170         172          -1
obdef
loc3d
     2.409776226060300        0.3595378159240000E-01     500.0000000000000      3
kind
          28
     0     155061
  0.250000000000000     
 OBS          172
   29.3379993438721     
  0.000000000000000E+000
         171         173          -1
obdef
loc3d
     2.396511553302840        0.8604472912725999E-01     30.00000000000000      3
kind
          28
     0     155061
  0.250000000000000     
 OBS          173
   29.1399993896484     
  0.000000000000000E+000
         172         174          -1
obdef
loc3d
     2.396511553302840        0.8604472912725999E-01     50.00000000000000      3
kind
          28
     0     155061
  0.250000000000000     
 OBS          174
   28.6499996185303     
  0.000000000000000E+000
         173         175          -1
obdef
loc3d
     2.396511553302840        0.8604472912725999E-01     75.00000000000000      3
kind
          28
     0     155061
  0.250000000000000     
 OBS          175
   27.3099994659424     
  0.000000000000000E+000
         174         176          -1
obdef
loc3d
     2.396511553302840        0.8604472912725999E-01     100.0000000000000      3
kind
          28
     0     155061
  0.250000000000000     
 OBS          176
   25.5599994659424     
  0.000000000000000E+000
         175         177          -1
obdef
loc3d
     2.396511553302840        0.8604472912725999E-01     125.0000000000000      3
kind
          28
     0     155061
  0.250000000000000     
 OBS          177
   21.8799991607666     
  0.000000000000000E+000
         176         178          -1
obdef
loc3d
     2.396511553302840        0.8604472912725999E-01     150.0000000000000      3
kind
          28
     0     155061
  0.250000000000000     
 OBS          178
   13.7299995422363     
  0.000000000000000E+000
         177         179          -1
obdef
loc3d
     2.396511553302840        0.8604472912725999E-01     200.0000000000000      3
kind
          28
     0     155061
  0.250000000000000     
 OBS          179
   10.8900003433228     
  0.000000000000000E+000
         178         180          -1
obdef
loc3d
     2.396511553302840        0.8604472912725999E-01     250.0000000000000      3
kind
          28
     0     155061
  0.250000000000000     
 OBS          180
   9.67000007629395     
  0.000000000000000E+000
         179         181          -1
obdef
loc3d
     2.396511553302840        0.8604472912725999E-01     300.0000000000000      3
kind
          28
     0     155061
  0.250000000000000     
 OBS          181
   8.06999969482422     
  0.000000000000000E+000
         180         182          -1
obdef
loc3d
     2.396511553302840        0.8604472912725999E-01     400.0000000000000      3
kind
          28
     0     155061
  0.250000000000000     
 OBS          182
   7.59000015258789     
  0.000000000000000E+000
         181         183          -1
obdef
loc3d
     2.396511553302840        0.8604472912725999E-01     500.0000000000000      3
kind
          28
     0     155061
  0.250000000000000     
 OBS          183
   29.3579998016357     
  0.000000000000000E+000
         182         184          -1
obdef
loc3d
     2.269800745481850        0.1384046066870900         30.00000000000000      3
kind
          28
     0     155061
  0.250000000000000     
 OBS          184
   29.1499996185303     
  0.000000000000000E+000
         183         185          -1
obdef
loc3d
     2.269800745481850        0.1384046066870900         50.00000000000000      3
kind
          28
     0     155061
  0.250000000000000     
 OBS          185
   27.5499992370605     
  0.000000000000000E+000
         184         186          -1
obdef
loc3d
     2.269800745481850        0.1384046066870900         75.00000000000000      3
kind
          28
     0     155061
  0.250000000000000     
 OBS          186
   23.7299995422363     
  0.000000000000000E+000
         185         187          -1
obdef
loc3d
     2.269800745481850        0.1384046066870900         100.0000000000000      3
kind
          28
     0     155061
  0.250000000000000     
 OBS          187
   20.2000007629395     
  0.000000000000000E+000
         186         188          -1
obdef
loc3d
     2.269800745481850        0.1384046066870900         125.0000000000000      3
kind
          28
     0     155061
  0.250000000000000     
 OBS          188
   15.9499998092651     
  0.000000000000000E+000
         187         189          -1
obdef
loc3d
     2.269800745481850        0.1384046066870900         150.0000000000000      3
kind
          28
     0     155061
  0.250000000000000     
 OBS          189
   12.0100002288818     
  0.000000000000000E+000
         188         190          -1
obdef
loc3d
     2.269800745481850        0.1384046066870900         200.0000000000000      3
kind
          28
     0     155061
  0.250000000000000     
 OBS          190
   10.0100002288818     
  0.000000000000000E+000
         189         191          -1
obdef
loc3d
     2.269800745481850        0.1384046066870900         250.0000000000000      3
kind
          28
     0     155061
  0.250000000000000     
 OBS          191
   8.85999965667725     
  0.000000000000000E+000
         190         192          -1
obdef
loc3d
     2.269800745481850        0.1384046066870900         300.0000000000000      3
kind
          28
     0     155061
  0.250000000000000     
 OBS          192
   8.26500034332275     
  0.000000000000000E+000
         191         193          -1
obdef
loc3d
     2.269800745481850        0.1384046066870900         400.0000000000000      3
kind
          28
     0     155061
  0.250000000000000     
 OBS          193
   7.67000007629395     
  0.000000000000000E+000
         192         194          -1
obdef
loc3d
     2.269800745481850        0.1384046066870900         500.0000000000000      3
kind
          28
     0     155061
  0.250000000000000     
 OBS          194
   29.3400001525879     
  0.000000000000000E+000
         193         195          -1
obdef
loc3d
     2.385865034213030        0.1335176894420400         30.00000000000000      3
kind
          28
     0     155061
  0.250000000000000     
 OBS          195
   29.3400001525879     
  0.000000000000000E+000
         194         196          -1
obdef
loc3d
     2.385865034213030        0.1335176894420400         50.00000000000000      3
kind
          28
     0     155061
  0.250000000000000     
 OBS          196
   28.9699993133545     
  0.000000000000000E+000
         195         197          -1
obdef
loc3d
     2.385865034213030        0.1335176894420400         75.00000000000000      3
kind
          28
     0     155061
  0.250000000000000     
 OBS          197
   27.5900001525879     
  0.000000000000000E+000
         196         198          -1
obdef
loc3d
     2.385865034213030        0.1335176894420400         100.0000000000000      3
kind
          28
     0     155061
  0.250000000000000     
 OBS          198
   25.1700000762939     
  0.000000000000000E+000
         197         199          -1
obdef
loc3d
     2.385865034213030        0.1335176894420400         125.0000000000000      3
kind
          28
     0     155061
  0.250000000000000     
 OBS          199
   20.7600002288818     
  0.000000000000000E+000
         198         200          -1
obdef
loc3d
     2.385865034213030        0.1335176894420400         150.0000000000000      3
kind
          28
     0     155061
  0.250000000000000     
 OBS          200
   13.6499996185303     
  0.000000000000000E+000
         199         201          -1
obdef
loc3d
     2.385865034213030        0.1335176894420400         200.0000000000000      3
kind
          28
     0     155061
  0.250000000000000     
 OBS          201
   11.0399999618530     
  0.000000000000000E+000
         200         202          -1
obdef
loc3d
     2.385865034213030        0.1335176894420400         250.0000000000000      3
kind
          28
     0     155061
  0.250000000000000     
 OBS          202
   9.81000041961670     
  0.000000000000000E+000
         201         203          -1
obdef
loc3d
     2.385865034213030        0.1335176894420400         300.0000000000000      3
kind
          28
     0     155061
  0.250000000000000     
 OBS          203
   8.27999973297119     
  0.000000000000000E+000
         202         204          -1
obdef
loc3d
     2.385865034213030        0.1335176894420400         400.0000000000000      3
kind
          28
     0     155061
  0.250000000000000     
 OBS          204
   7.98999977111816     
  0.000000000000000E+000
         203         205          -1
obdef
loc3d
     2.385865034213030        0.1335176894420400         500.0000000000000      3
kind
          28
     0     155061
  0.250000000000000     
 OBS          205
   29.6930007934570     
  0.000000000000000E+000
         204         206          -1
obdef
loc3d
     2.214508727561840        0.1903805146743800         10.00000000000000      3
kind
          16
 34776     155061
  0.250000000000000     
 OBS          206
   29.6499996185303     
  0.000000000000000E+000
         205         207          -1
obdef
loc3d
     2.214508727561840        0.1903805146743800         20.00000000000000      3
kind
          16
 34776     155061
  0.250000000000000     
 OBS          207
   29.5629997253418     
  0.000000000000000E+000
         206         208          -1
obdef
loc3d
     2.214508727561840        0.1903805146743800         30.00000000000000      3
kind
          16
 34776     155061
  0.250000000000000     
 OBS          208
   29.3640003204346     
  0.000000000000000E+000
         207         209          -1
obdef
loc3d
     2.214508727561840        0.1903805146743800         50.00000000000000      3
kind
          16
 34776     155061
  0.250000000000000     
 OBS          209
   29.0769996643066     
  0.000000000000000E+000
         208         210          -1
obdef
loc3d
     2.214508727561840        0.1903805146743800         75.00000000000000      3
kind
          16
 34776     155061
  0.250000000000000     
 OBS          210
   28.2509994506836     
  0.000000000000000E+000
         209         211          -1
obdef
loc3d
     2.214508727561840        0.1903805146743800         100.0000000000000      3
kind
          16
 34776     155061
  0.250000000000000     
 OBS          211
   27.6970005035400     
  0.000000000000000E+000
         210         212          -1
obdef
loc3d
     2.214508727561840        0.1903805146743800         125.0000000000000      3
kind
          16
 34776     155061
  0.250000000000000     
 OBS          212
   26.1340007781982     
  0.000000000000000E+000
         211         213          -1
obdef
loc3d
     2.214508727561840        0.1903805146743800         150.0000000000000      3
kind
          16
 34776     155061
  0.250000000000000     
 OBS          213
   20.6790008544922     
  0.000000000000000E+000
         212         214          -1
obdef
loc3d
     2.214508727561840        0.1903805146743800         200.0000000000000      3
kind
          16
 34776     155061
  0.250000000000000     
 OBS          214
   16.4759998321533     
  0.000000000000000E+000
         213         215          -1
obdef
loc3d
     2.214508727561840        0.1903805146743800         250.0000000000000      3
kind
          16
 34776     155061
  0.250000000000000     
 OBS          215
   13.1630001068115     
  0.000000000000000E+000
         214         216          -1
obdef
loc3d
     2.214508727561840        0.1903805146743800         300.0000000000000      3
kind
          16
 34776     155061
  0.250000000000000     
 OBS          216
   10.0469999313354     
  0.000000000000000E+000
         215         217          -1
obdef
loc3d
     2.214508727561840        0.1903805146743800         400.0000000000000      3
kind
          16
 34776     155061
  0.250000000000000     
 OBS          217
   7.30299997329712     
  0.000000000000000E+000
         216         218          -1
obdef
loc3d
     2.214508727561840        0.1903805146743800         500.0000000000000      3
kind
          16
 34776     155061
  0.250000000000000     
 OBS          218
   6.12099981307983     
  0.000000000000000E+000
         217         219          -1
obdef
loc3d
     2.214508727561840        0.1903805146743800         600.0000000000000      3
kind
          16
 34776     155061
  0.250000000000000     
 OBS          219
   5.12599992752075     
  0.000000000000000E+000
         218         220          -1
obdef
loc3d
     2.214508727561840        0.1903805146743800         700.0000000000000      3
kind
          16
 34776     155061
  0.250000000000000     
 OBS          220
   4.68699979782104     
  0.000000000000000E+000
         219         221          -1
obdef
loc3d
     2.214508727561840        0.1903805146743800         800.0000000000000      3
kind
          16
 34776     155061
  0.250000000000000     
 OBS          221
   4.26599979400635     
  0.000000000000000E+000
         220         222          -1
obdef
loc3d
     2.214508727561840        0.1903805146743800         900.0000000000000      3
kind
          16
 34776     155061
  0.250000000000000     
 OBS          222
   4.06400012969971     
  0.000000000000000E+000
         221         223          -1
obdef
loc3d
     2.214508727561840        0.1903805146743800         1000.000000000000      3
kind
          16
 34776     155061
  0.250000000000000     
 OBS          223
   3.74000000953674     
  0.000000000000000E+000
         222         224          -1
obdef
loc3d
     2.214508727561840        0.1903805146743800         1100.000000000000      3
kind
          16
 34776     155061
  0.250000000000000     
 OBS          224
   3.46700000762939     
  0.000000000000000E+000
         223         225          -1
obdef
loc3d
     2.214508727561840        0.1903805146743800         1200.000000000000      3
kind
          16
 34776     155061
  0.250000000000000     
 OBS          225
   3.25799989700317     
  0.000000000000000E+000
         224         226          -1
obdef
loc3d
     2.214508727561840        0.1903805146743800         1300.000000000000      3
kind
          16
 34776     155061
  0.250000000000000     
 OBS          226
   3.01799988746643     
  0.000000000000000E+000
         225         227          -1
obdef
loc3d
     2.214508727561840        0.1903805146743800         1400.000000000000      3
kind
          16
 34776     155061
  0.250000000000000     
 OBS          227
   2.81399989128113     
  0.000000000000000E+000
         226         228          -1
obdef
loc3d
     2.214508727561840        0.1903805146743800         1500.000000000000      3
kind
          16
 34776     155061
  0.250000000000000     
 OBS          228
   2.44400000572205     
  0.000000000000000E+000
         227          -1          -1
obdef
loc3d
     2.214508727561840        0.1903805146743800         1750.000000000000      3
kind
          16
 34776     155061
  0.250000000000000     
