 &RECORD1
 INIT_GEN= T,PBLTYPE=YSUPBLSCHEME   ,SFCTYPE=SFCLAYSCHEME   ,SURFACE_PHYSICS=SLA
 BSCHEME     ,DT= 10.0000000000000,DEEP_SOIL_MOISTURE= 1.00000000000000,P_QV= 2
 P_QC= 1,P_QR= 1,P_QI= 1,P_QS= 1,P_QG= 1,IFSNOW= 0,ISFFLX= 1,PBLH_REF=
  1000.00000000000,INDIR=../indata                                              
                                                                  ,OUTDIR=../out
 data                                                                           
                                    
 /
 &RECORD2
 BAMEX= T,INIT_GEN_FILE=wrf_bamex.nc                                            
                                                                 ,OUT_GEN_FILE=
 wrf_profs_out.txt                                                              
                                          ,OUTPUT_STATE_VECTOR= F
 START_HOUR_WRF= 1,HOUR_INTERVAL_WRF= 1,START_FORECAST= 12,FORECAST_LENGTH= 12
 SPLINEINTERVAL= 1,OUTGENINTERVAL= 3600.00000000000,RND_SEED_VAL= -9812,Z_G=
  2000.00000000000
 /
 &RECORD3
 ODAYFRACTION= 0.250000000000000,TOTDAYFRACTION= 0.500000000000000,OUTINTERVAL=
  360,DTAMPLITUDE_REF= 10.0000000000000,DTDZ_REF= 7.00000000000000D-003,U_G_REF=
  10.0000000000000,V_G_REF= 0.0,QSRAT_REF= 0.500000000000000,RLAND_REF=
  1.00000000000000,MMINLU_REF=USGS,JULDAY_REF= 150,LU_INDEX_REF= 7,MAVAIL_REF=
  0.500000000000000,IVGTYP_REF= 7,ISLTYP_REF= 8,VEGFRA_REF= 0.0,ZO_REF=
  0.100000000000000,PBLH_REF= 1000.00000000000,EMISS_REF= 0.950000000000000
 THC_REF= 4.00000000000000D-002,ALBEDO_REF= 0.300000000000000,TS_REF=
  293.000000000000,TMN_REF= 283.000000000000,PS_REF= 100000.000000000,LAT_REF=
  40.0000000000000,LON_REF= -90.0000000000000
 /
