 obs_sequence
obs_kind_definitions
           0
  num_copies:            2  num_qc:            1
  num_obs:            2  max_num_obs:            2
observations                                                    
truth                                                           
Quality Control                                                 
  first:            1  last:            2
 OBS            1
 -0.16018738547913980     
   1.1669282913208008     
   0.0000000000000000     
          -1           2          -1
obdef
loc3Dxyz
     500.0000000000000         500.0000000000000         40.00000000000000    
kind
          -1
 46800     150996
   1.0000000000000000     
 OBS            2
  0.30500431754579571     
   1.1677267551422119     
   0.0000000000000000     
           1          -1          -1
obdef
loc3Dxyz
     1500.000000000000         500.0000000000000         40.00000000000000    
kind
          -2
 46860     150996
   1.0000000000000000     
