 obs_sequence
obs_kind_definitions
           2
           3 SAT_TEMPERATURE_ION             
          24 SAT_DENSITY_ION_E               
  num_copies:            1  num_qc:            1
  num_obs:          256  max_num_obs:          256
observation                                                     
Data QC                                                         
  first:            1  last:          256
 OBS            1
   224867000000.000     
  0.000000000000000E+000
          -1           2          -1
obdef
loc3d
     2.948855944292059        0.2117695247907320         481407.0000000000      3
kind
          24
 42081     150118
  1.668259993166807E+017
 OBS            2
   575.827000000000     
  0.000000000000000E+000
           1           3          -1
obdef
loc3d
     2.948855944292059        0.2117695247907320         481407.0000000000      3
kind
           3
 42081     150118
   15.1598000000000     
 OBS            3
   235017000000.000     
  0.000000000000000E+000
           2           4          -1
obdef
loc3d
     2.949920595135776        0.2116735316818723         481230.0000000000      3
kind
          24
 42082     150118
  1.418579994189496E+017
 OBS            4
   842.090000000000     
  0.000000000000000E+000
           3           5          -1
obdef
loc3d
     2.949920595135776        0.2116735316818723         481230.0000000000      3
kind
           3
 42082     150118
   3478.90000000000     
 OBS            5
   244075000000.000     
  0.000000000000000E+000
           4           6          -1
obdef
loc3d
     2.983064397631148        0.2085616096255664         475821.0000000000      3
kind
          24
 42113     150118
  1.730319992912609E+017
 OBS            6
   572.656000000000     
  0.000000000000000E+000
           5           7          -1
obdef
loc3d
     2.983064397631148        0.2085616096255664         475821.0000000000      3
kind
           3
 42113     150118
   13.7661000000000     
 OBS            7
   204923000000.000     
  0.000000000000000E+000
           6           8          -1
obdef
loc3d
     2.984129048474865        0.2084568898704467         475649.0000000000      3
kind
          24
 42114     150118
  1.343219994498171E+017
 OBS            8
   685.856000000000     
  0.000000000000000E+000
           7           9          -1
obdef
loc3d
     2.984129048474865        0.2084568898704467         475649.0000000000      3
kind
           3
 42114     150118
   9732.57000000000     
 OBS            9
   162369000000.000     
  0.000000000000000E+000
           8          10          -1
obdef
loc3d
     2.985211152611101        0.2083521701153271         475477.0000000000      3
kind
          24
 42115     150118
  1.112259995444183E+017
 OBS           10
   754.679000000000     
  0.000000000000000E+000
           9          11          -1
obdef
loc3d
     2.985211152611101        0.2083521701153271         475477.0000000000      3
kind
           3
 42115     150118
   5568.95000000000     
 OBS           11
   146244000000.000     
  0.000000000000000E+000
          10          12          -1
obdef
loc3d
     2.986275803454818        0.2082474503602074         475305.0000000000      3
kind
          24
 42116     150118
  9.101239962721318E+016
 OBS           12
   772.329000000000     
  0.000000000000000E+000
          11          13          -1
obdef
loc3d
     2.986275803454818        0.2082474503602074         475305.0000000000      3
kind
           3
 42116     150118
   6489.77000000000     
 OBS           13
   156067000000.000     
  0.000000000000000E+000
          12          14          -1
obdef
loc3d
     2.987340454298534        0.2081409852758357         475133.0000000000      3
kind
          24
 42117     150118
  9.342579961732792E+016
 OBS           14
   936.595000000000     
  0.000000000000000E+000
          13          15          -1
obdef
loc3d
     2.987340454298534        0.2081409852758357         475133.0000000000      3
kind
           3
 42117     150118
   21714.9000000000     
 OBS           15
   67082200000.0000     
  0.000000000000000E+000
          14          16          -1
obdef
loc3d
     4.709299747608659       -0.1488060738933357         469085.0000000000      3
kind
          24
 43752     150118
  3.852119984221717E+016
 OBS           16
   1008.20000000000     
  0.000000000000000E+000
          15          17          -1
obdef
loc3d
     4.709299747608659       -0.1488060738933357         469085.0000000000      3
kind
           3
 43752     150118
   43074.2000000000     
 OBS           17
   309539000000.000     
  0.000000000000000E+000
          16          18          -1
obdef
loc3d
     2.728525579520295        0.1878899299649456         451735.0000000000      3
kind
          24
 48056     150118
  2.165219991131259E+017
 OBS           18
   659.442000000000     
  0.000000000000000E+000
          17          19          -1
obdef
loc3d
     2.728525579520295        0.1878899299649456         451735.0000000000      3
kind
           3
 48056     150118
   3284.82000000000     
 OBS           19
   277504000000.000     
  0.000000000000000E+000
          18          20          -1
obdef
loc3d
     2.732801636187681        0.1873000086777715         451137.0000000000      3
kind
          24
 48060     150118
  1.698619993042452E+017
 OBS           20
   619.624000000000     
  0.000000000000000E+000
          19          21          -1
obdef
loc3d
     2.732801636187681        0.1873000086777715         451137.0000000000      3
kind
           3
 48060     150118
   4254.45000000000     
 OBS           21
   288568000000.000     
  0.000000000000000E+000
          20          22          -1
obdef
loc3d
     2.736013042011351        0.1868532043892609         450689.0000000000      3
kind
          24
 48063     150118
  2.009409991769457E+017
 OBS           22
   682.464000000000     
  0.000000000000000E+000
          21          23          -1
obdef
loc3d
     2.736013042011351        0.1868532043892609         450689.0000000000      3
kind
           3
 48063     150118
   3562.12000000000     
 OBS           23
   309846000000.000     
  0.000000000000000E+000
          22          24          -1
obdef
loc3d
     2.744547702053603        0.1856559085223928         449505.0000000000      3
kind
          24
 48071     150118
  2.176399991085466E+017
 OBS           24
   581.361000000000     
  0.000000000000000E+000
          23          25          -1
obdef
loc3d
     2.744547702053603        0.1856559085223928         449505.0000000000      3
kind
           3
 48071     150118
   15.0681000000000     
 OBS           25
   289818000000.000     
  0.000000000000000E+000
          24          26          -1
obdef
loc3d
     2.746677003741036        0.1853539665617978         449210.0000000000      3
kind
          24
 48073     150118
  1.672889993147843E+017
 OBS           26
   761.005000000000     
  0.000000000000000E+000
          25          27          -1
obdef
loc3d
     2.746677003741036        0.1853539665617978         449210.0000000000      3
kind
           3
 48073     150118
   4001.03000000000     
 OBS           27
   402002000000.000     
  0.000000000000000E+000
          26          28          -1
obdef
loc3d
     2.750953060408422        0.1847483373113558         448624.0000000000      3
kind
          24
 48077     150118
  2.393009990198231E+017
 OBS           28
   924.029000000000     
  0.000000000000000E+000
          27          29          -1
obdef
loc3d
     2.750953060408422        0.1847483373113558         448624.0000000000      3
kind
           3
 48077     150118
   3049.57000000000     
 OBS           29
   389511000000.000     
  0.000000000000000E+000
          28          30          -1
obdef
loc3d
     2.766957729649210        0.1824392667109672         446447.0000000000      3
kind
          24
 48092     150118
  2.397789990178652E+017
 OBS           30
   711.783000000000     
  0.000000000000000E+000
          29          31          -1
obdef
loc3d
     2.766957729649210        0.1824392667109672         446447.0000000000      3
kind
           3
 48092     150118
   6804.99000000000     
 OBS           31
   369282000000.000     
  0.000000000000000E+000
          30          32          -1
obdef
loc3d
     2.796837766443354        0.1779851864598778         442493.0000000000      3
kind
          24
 48120     150118
  2.440379990004204E+017
 OBS           32
   780.885000000000     
  0.000000000000000E+000
          31          33          -1
obdef
loc3d
     2.796837766443354        0.1779851864598778         442493.0000000000      3
kind
           3
 48120     150118
   6119.45000000000     
 OBS           33
   340076000000.000     
  0.000000000000000E+000
          32          34          -1
obdef
loc3d
     2.798967068130787        0.1776605552190068         442214.0000000000      3
kind
          24
 48122     150118
  2.307019990550446E+017
 OBS           34
   738.805000000000     
  0.000000000000000E+000
          33          35          -1
obdef
loc3d
     2.798967068130787        0.1776605552190068         442214.0000000000      3
kind
           3
 48122     150118
   8243.59000000000     
 OBS           35
   317171000000.000     
  0.000000000000000E+000
          34          36          -1
obdef
loc3d
     2.800031718974503        0.1774964942693193         442076.0000000000      3
kind
          24
 48123     150118
  2.244969990804603E+017
 OBS           36
   570.041000000000     
  0.000000000000000E+000
          35          37          -1
obdef
loc3d
     2.800031718974503        0.1774964942693193         442076.0000000000      3
kind
           3
 48123     150118
   12.5435000000000     
 OBS           37
   306278000000.000     
  0.000000000000000E+000
          36          38          -1
obdef
loc3d
     2.802178473954456        0.1771701176991964         441799.0000000000      3
kind
          24
 48125     150118
  1.766989992762409E+017
 OBS           38
   714.145000000000     
  0.000000000000000E+000
          37          39          -1
obdef
loc3d
     2.802178473954456        0.1771701176991964         441799.0000000000      3
kind
           3
 48125     150118
   2714.37000000000     
 OBS           39
   348588000000.000     
  0.000000000000000E+000
          38          40          -1
obdef
loc3d
     2.816036388215291        0.1750251080484954         440023.0000000000      3
kind
          24
 48138     150118
  2.055439991580918E+017
 OBS           40
   843.114000000000     
  0.000000000000000E+000
          39          41          -1
obdef
loc3d
     2.816036388215291        0.1750251080484954         440023.0000000000      3
kind
           3
 48138     150118
   3728.18000000000     
 OBS           41
   301800000000.000     
  0.000000000000000E+000
          40          42          -1
obdef
loc3d
     2.818165689902724        0.1746917501613644         439753.0000000000      3
kind
          24
 48140     150118
  2.370599990290023E+017
 OBS           42
   567.808000000000     
  0.000000000000000E+000
          41          43          -1
obdef
loc3d
     2.818165689902724        0.1746917501613644         439753.0000000000      3
kind
           3
 48140     150118
   14.0358000000000     
 OBS           43
   270063000000.000     
  0.000000000000000E+000
          42          44          -1
obdef
loc3d
     2.835235009987229        0.1719908531439032         437612.0000000000      3
kind
          24
 48156     150118
  2.317069990509281E+017
 OBS           44
   588.939000000000     
  0.000000000000000E+000
          43          45          -1
obdef
loc3d
     2.835235009987229        0.1719908531439032         437612.0000000000      3
kind
           3
 48156     150118
   17.8839000000000     
 OBS           45
   303008000000.000     
  0.000000000000000E+000
          44          46          -1
obdef
loc3d
     2.839493613362095        0.1713065095441962         437085.0000000000      3
kind
          24
 48160     150118
  1.763039992778588E+017
 OBS           46
   814.932000000000     
  0.000000000000000E+000
          45          47          -1
obdef
loc3d
     2.839493613362095        0.1713065095441962         437085.0000000000      3
kind
           3
 48160     150118
   4583.25000000000     
 OBS           47
   310603000000.000     
  0.000000000000000E+000
          46          48          -1
obdef
loc3d
     2.860804083528945        0.1678310354046999         434494.0000000000      3
kind
          24
 48180     150118
  1.854649992403354E+017
 OBS           48
   607.009000000000     
  0.000000000000000E+000
          47          49          -1
obdef
loc3d
     2.860804083528945        0.1678310354046999         434494.0000000000      3
kind
           3
 48180     150118
   4307.43000000000     
 OBS           49
   334476000000.000     
  0.000000000000000E+000
          48          50          -1
obdef
loc3d
     2.870385941122394        0.1662382479293299         433351.0000000000      3
kind
          24
 48189     150118
  2.047369991613972E+017
 OBS           50
   818.566000000000     
  0.000000000000000E+000
          49          51          -1
obdef
loc3d
     2.870385941122394        0.1662382479293299         433351.0000000000      3
kind
           3
 48189     150118
   6156.96000000000     
 OBS           51
   270234000000.000     
  0.000000000000000E+000
          50          52          -1
obdef
loc3d
     2.916165927402206        0.1583863606904578         428115.0000000000      3
kind
          24
 48232     150118
  1.686709993091236E+017
 OBS           52
   727.648000000000     
  0.000000000000000E+000
          51          53          -1
obdef
loc3d
     2.916165927402206        0.1583863606904578         428115.0000000000      3
kind
           3
 48232     150118
   9118.81000000000     
 OBS           53
   274097000000.000     
  0.000000000000000E+000
          52          54          -1
obdef
loc3d
     2.941700094358882        0.1538350656000322         425351.0000000000      3
kind
          24
 48256     150118
  1.645289993260892E+017
 OBS           54
   731.877000000000     
  0.000000000000000E+000
          53          55          -1
obdef
loc3d
     2.941700094358882        0.1538350656000322         425351.0000000000      3
kind
           3
 48256     150118
   3735.81000000000     
 OBS           55
   294472000000.000     
  0.000000000000000E+000
          54          56          -1
obdef
loc3d
     2.945941244441229        0.1530650263340523         424902.0000000000      3
kind
          24
 48260     150118
  1.944859992033853E+017
 OBS           56
   744.238000000000     
  0.000000000000000E+000
          55          57          -1
obdef
loc3d
     2.945941244441229        0.1530650263340523         424902.0000000000      3
kind
           3
 48260     150118
   4678.46000000000     
 OBS           57
   219947000000.000     
  0.000000000000000E+000
          56          58          -1
obdef
loc3d
     3.018180422181274        0.1394950913997964         417769.0000000000      3
kind
          24
 48328     150118
  1.437079994113720E+017
 OBS           58
   729.554000000000     
  0.000000000000000E+000
          57          59          -1
obdef
loc3d
     3.018180422181274        0.1394950913997964         417769.0000000000      3
kind
           3
 48328     150118
   7512.98000000000     
 OBS           59
   219677000000.000     
  0.000000000000000E+000
          58          60          -1
obdef
loc3d
     3.019227619732471        0.1392889680151359         417672.0000000000      3
kind
          24
 48329     150118
  1.350799994467123E+017
 OBS           60
   794.168000000000     
  0.000000000000000E+000
          59          61          -1
obdef
loc3d
     3.019227619732471        0.1392889680151359         417672.0000000000      3
kind
           3
 48329     150118
   3591.42000000000     
 OBS           61
   243749000000.000     
  0.000000000000000E+000
          60          62          -1
obdef
loc3d
     3.020292270576188        0.1390826700975501         417574.0000000000      3
kind
          24
 48330     150118
  1.439069994105569E+017
 OBS           62
   792.411000000000     
  0.000000000000000E+000
          61          63          -1
obdef
loc3d
     3.020292270576188        0.1390826700975501         417574.0000000000      3
kind
           3
 48330     150118
   5438.32000000000     
 OBS           63
   186909000000.000     
  0.000000000000000E+000
          62          64          -1
obdef
loc3d
     3.039386172593005        0.1353387643190971         415858.0000000000      3
kind
          24
 48348     150118
  1.256879994851820E+017
 OBS           64
   668.378000000000     
  0.000000000000000E+000
          63          65          -1
obdef
loc3d
     3.039386172593005        0.1353387643190971         415858.0000000000      3
kind
           3
 48348     150118
   5414.84000000000     
 OBS           65
   197430000000.000     
  0.000000000000000E+000
          64          66          -1
obdef
loc3d
     3.041515474280438        0.1349191871669176         415671.0000000000      3
kind
          24
 48350     150118
  1.183189995153654E+017
 OBS           66
   722.059000000000     
  0.000000000000000E+000
          65          67          -1
obdef
loc3d
     3.041515474280438        0.1349191871669176         415671.0000000000      3
kind
           3
 48350     150118
   3868.01000000000     
 OBS           67
   170832000000.000     
  0.000000000000000E+000
          66          68          -1
obdef
loc3d
     3.044691973519068        0.1342884251752469         415393.0000000000      3
kind
          24
 48353     150118
  1.126679995385119E+017
 OBS           68
   596.447000000000     
  0.000000000000000E+000
          67          69          -1
obdef
loc3d
     3.044691973519068        0.1342884251752469         415393.0000000000      3
kind
           3
 48353     150118
   12.7293000000000     
 OBS           69
   151623000000.000     
  0.000000000000000E+000
          68          70          -1
obdef
loc3d
     3.046803821913981        0.1338669281608903         415209.0000000000      3
kind
          24
 48355     150118
  1.003439995889910E+017
 OBS           70
   734.423000000000     
  0.000000000000000E+000
          69          71          -1
obdef
loc3d
     3.046803821913981        0.1338669281608903         415209.0000000000      3
kind
           3
 48355     150118
   9109.65000000000     
 OBS           71
   127598000000.000     
  0.000000000000000E+000
          70          72          -1
obdef
loc3d
     3.061656573848452        0.1308979485703227         413943.0000000000      3
kind
          24
 48369     150118
  7.353079969881784E+016
 OBS           72
   768.220000000000     
  0.000000000000000E+000
          71          73          -1
obdef
loc3d
     3.061656573848452        0.1308979485703227         413943.0000000000      3
kind
           3
 48369     150118
   6783.90000000000     
 OBS           73
   162781000000.000     
  0.000000000000000E+000
          72          74          -1
obdef
loc3d
     3.062703771399649        0.1306844948028038         413854.0000000000      3
kind
          24
 48370     150118
  1.053129995686380E+017
 OBS           74
   698.948000000000     
  0.000000000000000E+000
          73          75          -1
obdef
loc3d
     3.062703771399649        0.1306844948028038         413854.0000000000      3
kind
           3
 48370     150118
   9585.91000000000     
 OBS           75
   203577000000.000     
  0.000000000000000E+000
          74          76          -1
obdef
loc3d
     3.063768422243366        0.1304710410352849         413766.0000000000      3
kind
          24
 48371     150118
  1.255639994856899E+017
 OBS           76
   652.962000000000     
  0.000000000000000E+000
          75          77          -1
obdef
loc3d
     3.063768422243366        0.1304710410352849         413766.0000000000      3
kind
           3
 48371     150118
   24173.4000000000     
 OBS           77
   154436000000.000     
  0.000000000000000E+000
          76          78          -1
obdef
loc3d
     3.077539070041602        0.1276790378308696         412636.0000000000      3
kind
          24
 48384     150118
  1.340269994510254E+017
 OBS           78
   592.122000000000     
  0.000000000000000E+000
          77          79          -1
obdef
loc3d
     3.077539070041602        0.1276790378308696         412636.0000000000      3
kind
           3
 48384     150118
   17.2981000000000     
 OBS           79
   93503700000.0000     
  0.000000000000000E+000
          78          80          -1
obdef
loc3d
     3.080715569280231        0.1270306480137537         412379.0000000000      3
kind
          24
 48387     150118
  8.241649966242202E+016
 OBS           80
   586.500000000000     
  0.000000000000000E+000
          79          81          -1
obdef
loc3d
     3.080715569280231        0.1270306480137537         412379.0000000000      3
kind
           3
 48387     150118
   15.4971000000000     
 OBS           81
   151508000000.000     
  0.000000000000000E+000
          80          82          -1
obdef
loc3d
     3.084956719362577        0.1261637429742881         412042.0000000000      3
kind
          24
 48391     150118
  9.914209959391397E+016
 OBS           82
   921.312000000000     
  0.000000000000000E+000
          81          83          -1
obdef
loc3d
     3.084956719362577        0.1261637429742881         412042.0000000000      3
kind
           3
 48391     150118
   3762.45000000000     
 OBS           83
   168838000000.000     
  0.000000000000000E+000
          82          84          -1
obdef
loc3d
     3.191735962999590        0.1034495044900583         404706.0000000000      3
kind
          24
 48492     150118
  1.090659995532657E+017
 OBS           84
   751.799000000000     
  0.000000000000000E+000
          83          85          -1
obdef
loc3d
     3.191735962999590        0.1034495044900583         404706.0000000000      3
kind
           3
 48492     150118
   3527.77000000000     
 OBS           85
   111764000000.000     
  0.000000000000000E+000
          84          86          -1
obdef
loc3d
     3.193847811394503        0.1029847233102522         404585.0000000000      3
kind
          24
 48494     150118
  6.655279972739974E+016
 OBS           86
   605.088000000000     
  0.000000000000000E+000
          85          87          -1
obdef
loc3d
     3.193847811394503        0.1029847233102522         404585.0000000000      3
kind
           3
 48494     150118
   3224.51000000000     
 OBS           87
   94923500000.0000     
  0.000000000000000E+000
          86          88          -1
obdef
loc3d
     3.195959659789417        0.1025192439987453         404464.0000000000      3
kind
          24
 48496     150118
  7.084189970983157E+016
 OBS           88
   601.094000000000     
  0.000000000000000E+000
          87          89          -1
obdef
loc3d
     3.195959659789417        0.1025192439987453         404464.0000000000      3
kind
           3
 48496     150118
   16.0710000000000     
 OBS           89
   160832000000.000     
  0.000000000000000E+000
          88          90          -1
obdef
loc3d
     3.200183356579243        0.1015870636452551         404226.0000000000      3
kind
          24
 48500     150118
  9.835559959713546E+016
 OBS           90
   767.000000000000     
  0.000000000000000E+000
          89          91          -1
obdef
loc3d
     3.200183356579243        0.1015870636452551         404226.0000000000      3
kind
           3
 48500     150118
   6445.58000000000     
 OBS           91
   127044000000.000     
  0.000000000000000E+000
          90          92          -1
obdef
loc3d
     3.203342402525353        0.1008864884835046         404049.0000000000      3
kind
          24
 48503     150118
  8.705029964344198E+016
 OBS           92
   790.070000000000     
  0.000000000000000E+000
          91          93          -1
obdef
loc3d
     3.203342402525353        0.1008864884835046         404049.0000000000      3
kind
           3
 48503     150118
   5857.38000000000     
 OBS           93
   73627900000.0000     
  0.000000000000000E+000
          92          94          -1
obdef
loc3d
     3.208613296866376        0.9971624522004244E-01     403760.0000000000      3
kind
          24
 48508     150118
  5.065539979251547E+016
 OBS           94
   797.036000000000     
  0.000000000000000E+000
          93          95          -1
obdef
loc3d
     3.208613296866376        0.9971624522004244E-01     403760.0000000000      3
kind
           3
 48508     150118
   11236.1000000000     
 OBS           95
   93953700000.0000     
  0.000000000000000E+000
          94          96          -1
obdef
loc3d
     3.217060690446028        0.9783687468149493E-01     403308.0000000000      3
kind
          24
 48516     150118
  6.523689973278966E+016
 OBS           96
   905.602000000000     
  0.000000000000000E+000
          95          97          -1
obdef
loc3d
     3.217060690446028        0.9783687468149493E-01     403308.0000000000      3
kind
           3
 48516     150118
   3075.35000000000     
 OBS           97
   259270000000.000     
  0.000000000000000E+000
          96          98          -1
obdef
loc3d
     2.820713870610636        0.9031537827002538E-01     402430.0000000000      3
kind
          24
 54327     150118
  1.687169993089351E+017
 OBS           98
   720.603000000000     
  0.000000000000000E+000
          97          99          -1
obdef
loc3d
     2.820713870610636        0.9031537827002538E-01     402430.0000000000      3
kind
           3
 54327     150118
   7654.98000000000     
 OBS           99
   220486000000.000     
  0.000000000000000E+000
          98         100          -1
obdef
loc3d
     2.832302856843878        0.8767626590808475E-01     401878.0000000000      3
kind
          24
 54338     150118
  1.381889994339779E+017
 OBS          100
   609.783000000000     
  0.000000000000000E+000
          99         101          -1
obdef
loc3d
     2.832302856843878        0.8767626590808475E-01     401878.0000000000      3
kind
           3
 54338     150118
   4036.72000000000     
 OBS          101
   155837000000.000     
  0.000000000000000E+000
         100         102          -1
obdef
loc3d
     2.833350054395074        0.8743575953715992E-01     401830.0000000000      3
kind
          24
 54339     150118
  1.121579995406008E+017
 OBS          102
   597.973000000000     
  0.000000000000000E+000
         101         103          -1
obdef
loc3d
     2.833350054395074        0.8743575953715992E-01     401830.0000000000      3
kind
           3
 54339     150118
   15.4984000000000     
 OBS          103
   202394000000.000     
  0.000000000000000E+000
         102         104          -1
obdef
loc3d
     2.843874389784601        0.8502319091212818E-01     401357.0000000000      3
kind
          24
 54349     150118
  1.682729993107538E+017
 OBS          104
   594.403000000000     
  0.000000000000000E+000
         103         105          -1
obdef
loc3d
     2.843874389784601        0.8502319091212818E-01     401357.0000000000      3
kind
           3
 54349     150118
   17.5227000000000     
 OBS          105
   222772000000.000     
  0.000000000000000E+000
         104         106          -1
obdef
loc3d
     2.845986238179513        0.8453938564347534E-01     401265.0000000000      3
kind
          24
 54351     150118
  1.281719994750075E+017
 OBS          106
   770.646000000000     
  0.000000000000000E+000
         105         107          -1
obdef
loc3d
     2.845986238179513        0.8453938564347534E-01     401265.0000000000      3
kind
           3
 54351     150118
   3056.15000000000     
 OBS          107
   280762000000.000     
  0.000000000000000E+000
         106         108          -1
obdef
loc3d
     2.852304330071733        0.8308535184363885E-01     400996.0000000000      3
kind
          24
 54357     150118
  1.693339993064079E+017
 OBS          108
   976.806000000000     
  0.000000000000000E+000
         107         109          -1
obdef
loc3d
     2.852304330071733        0.8308535184363885E-01     400996.0000000000      3
kind
           3
 54357     150118
   17582.3000000000     
 OBS          109
   315294000000.000     
  0.000000000000000E+000
         108         110          -1
obdef
loc3d
     2.862828665461259        0.8065288646513435E-01     400565.0000000000      3
kind
          24
 54367     150118
  1.862089992372880E+017
 OBS          110
   767.435000000000     
  0.000000000000000E+000
         109         111          -1
obdef
loc3d
     2.862828665461259        0.8065288646513435E-01     400565.0000000000      3
kind
           3
 54367     150118
   33186.2000000000     
 OBS          111
   285992000000.000     
  0.000000000000000E+000
         110         112          -1
obdef
loc3d
     2.867034908958565        0.7967742194619473E-01     400398.0000000000      3
kind
          24
 54371     150118
  2.398909990174065E+017
 OBS          112
   888.930000000000     
  0.000000000000000E+000
         111         113          -1
obdef
loc3d
     2.867034908958565        0.7967742194619473E-01     400398.0000000000      3
kind
           3
 54371     150118
   21057.4000000000     
 OBS          113
   294442000000.000     
  0.000000000000000E+000
         112         114          -1
obdef
loc3d
     2.869146757353478        0.7918890428856151E-01     400316.0000000000      3
kind
          24
 54373     150118
  1.698909993041265E+017
 OBS          114
   792.786000000000     
  0.000000000000000E+000
         113         115          -1
obdef
loc3d
     2.869146757353478        0.7918890428856151E-01     400316.0000000000      3
kind
           3
 54373     150118
   6340.61000000000     
 OBS          115
   250500000000.000     
  0.000000000000000E+000
         114         116          -1
obdef
loc3d
     2.876494593504375        0.7747568909480389E-01     400040.0000000000      3
kind
          24
 54380     150118
  1.635489993301033E+017
 OBS          116
   668.923000000000     
  0.000000000000000E+000
         115         117          -1
obdef
loc3d
     2.876494593504375        0.7747568909480389E-01     400040.0000000000      3
kind
           3
 54380     150118
   6716.05000000000     
 OBS          117
   226552000000.000     
  0.000000000000000E+000
         116         118          -1
obdef
loc3d
     2.895431415888513        0.7304813784834467E-01     399379.0000000000      3
kind
          24
 54398     150118
  1.598429993452831E+017
 OBS          118
   696.391000000000     
  0.000000000000000E+000
         117         119          -1
obdef
loc3d
     2.895431415888513        0.7304813784834467E-01     399379.0000000000      3
kind
           3
 54398     150118
   3585.79000000000     
 OBS          119
   327484000000.000     
  0.000000000000000E+000
         118         120          -1
obdef
loc3d
     2.898590461834623        0.7230724558087308E-01     399277.0000000000      3
kind
          24
 54401     150118
  1.890469992256635E+017
 OBS          120
   661.429000000000     
  0.000000000000000E+000
         119         121          -1
obdef
loc3d
     2.898590461834623        0.7230724558087308E-01     399277.0000000000      3
kind
           3
 54401     150118
   2701.27000000000     
 OBS          121
   291358000000.000     
  0.000000000000000E+000
         120         122          -1
obdef
loc3d
     2.899637659385819        0.7205993242586549E-01     399243.0000000000      3
kind
          24
 54402     150118
  2.196369991003668E+017
 OBS          122
   576.129000000000     
  0.000000000000000E+000
         121         123          -1
obdef
loc3d
     2.899637659385819        0.7205993242586549E-01     399243.0000000000      3
kind
           3
 54402     150118
   14.6654000000000     
 OBS          123
   183259000000.000     
  0.000000000000000E+000
         122         124          -1
obdef
loc3d
     2.905938297985519        0.7057500629826871E-01     399047.0000000000      3
kind
          24
 54408     150118
  1.639369993285140E+017
 OBS          124
   594.119000000000     
  0.000000000000000E+000
         123         125          -1
obdef
loc3d
     2.905938297985519        0.7057500629826871E-01     399047.0000000000      3
kind
           3
 54408     150118
   18.4146000000000     
 OBS          125
   301164000000.000     
  0.000000000000000E+000
         124         126          -1
obdef
loc3d
     2.927999259730727        0.6535210851167568E-01     398425.0000000000      3
kind
          24
 54429     150118
  1.788269992675246E+017
 OBS          126
   614.441000000000     
  0.000000000000000E+000
         125         127          -1
obdef
loc3d
     2.927999259730727        0.6535210851167568E-01     398425.0000000000      3
kind
           3
 54429     150118
   2761.06000000000     
 OBS          127
   226620000000.000     
  0.000000000000000E+000
         126         128          -1
obdef
loc3d
     2.929046457281924        0.6510235189571528E-01     398398.0000000000      3
kind
          24
 54430     150118
  1.628599993329254E+017
 OBS          128
   586.687000000000     
  0.000000000000000E+000
         127         129          -1
obdef
loc3d
     2.929046457281924        0.6510235189571528E-01     398398.0000000000      3
kind
           3
 54430     150118
   14.4676000000000     
 OBS          129
   285759000000.000     
  0.000000000000000E+000
         128         130          -1
obdef
loc3d
     2.937458944276536        0.6310203004000459E-01     398192.0000000000      3
kind
          24
 54438     150118
  1.655069993220833E+017
 OBS          130
   733.817000000000     
  0.000000000000000E+000
         129         131          -1
obdef
loc3d
     2.937458944276536        0.6310203004000459E-01     398192.0000000000      3
kind
           3
 54438     150118
   5551.22000000000     
 OBS          131
   240275000000.000     
  0.000000000000000E+000
         130         132          -1
obdef
loc3d
     2.942712385325039        0.6184905816999785E-01     398072.0000000000      3
kind
          24
 54443     150118
  1.462299994010419E+017
 OBS          132
   884.475000000000     
  0.000000000000000E+000
         131         133          -1
obdef
loc3d
     2.942712385325039        0.6184905816999785E-01     398072.0000000000      3
kind
           3
 54443     150118
   4251.87000000000     
 OBS          133
   191576000000.000     
  0.000000000000000E+000
         132         134          -1
obdef
loc3d
     2.984687553835503        0.5175738990204144E-01     397319.0000000000      3
kind
          24
 54483     150118
  1.666959993172132E+017
 OBS          134
   596.705000000000     
  0.000000000000000E+000
         133         135          -1
obdef
loc3d
     2.984687553835503        0.5175738990204144E-01     397319.0000000000      3
kind
           3
 54483     150118
   17.9853000000000     
 OBS          135
   141886000000.000     
  0.000000000000000E+000
         134         136          -1
obdef
loc3d
     2.985734751386699        0.5150361902880147E-01     397305.0000000000      3
kind
          24
 54484     150118
  8.197569966422754E+016
 OBS          136
   605.721000000000     
  0.000000000000000E+000
         135         137          -1
obdef
loc3d
     2.985734751386699        0.5150361902880147E-01     397305.0000000000      3
kind
           3
 54484     150118
   4193.14000000000     
 OBS          137
   166148000000.000     
  0.000000000000000E+000
         136         138          -1
obdef
loc3d
     2.986781948937896        0.5124984815556149E-01     397291.0000000000      3
kind
          24
 54485     150118
  1.340299994510131E+017
 OBS          138
   568.871000000000     
  0.000000000000000E+000
         137         139          -1
obdef
loc3d
     2.986781948937896        0.5124984815556149E-01     397291.0000000000      3
kind
           3
 54485     150118
   13.5079000000000     
 OBS          139
   150215000000.000     
  0.000000000000000E+000
         138         140          -1
obdef
loc3d
     2.987829146489093        0.5099590274939632E-01     397278.0000000000      3
kind
          24
 54486     150118
  1.007859995871805E+017
 OBS          140
   800.495000000000     
  0.000000000000000E+000
         139         141          -1
obdef
loc3d
     2.987829146489093        0.5099590274939632E-01     397278.0000000000      3
kind
           3
 54486     150118
   3078.99000000000     
 OBS          141
   125765000000.000     
  0.000000000000000E+000
         140         142          -1
obdef
loc3d
     2.989923541591486        0.5048801193706597E-01     397252.0000000000      3
kind
          24
 54488     150118
  8.856599963723368E+016
 OBS          142
   1187.89000000000     
  0.000000000000000E+000
         141         143          -1
obdef
loc3d
     2.989923541591486        0.5048801193706597E-01     397252.0000000000      3
kind
           3
 54488     150118
   3741.73000000000     
 OBS          143
   242218000000.000     
  0.000000000000000E+000
         142         144          -1
obdef
loc3d
     3.008808004098065        0.4590564998595485E-01     397063.0000000000      3
kind
          24
 54506     150118
  1.659489993202729E+017
 OBS          144
   664.104000000000     
  0.000000000000000E+000
         143         145          -1
obdef
loc3d
     3.008808004098065        0.4590564998595485E-01     397063.0000000000      3
kind
           3
 54506     150118
   7381.01000000000     
 OBS          145
   156213000000.000     
  0.000000000000000E+000
         144         146          -1
obdef
loc3d
     3.017185584507637        0.4386239303064509E-01     397003.0000000000      3
kind
          24
 54514     150118
  1.088269995542446E+017
 OBS          146
   1027.68000000000     
  0.000000000000000E+000
         145         147          -1
obdef
loc3d
     3.017185584507637        0.4386239303064509E-01     397003.0000000000      3
kind
           3
 54514     150118
   5416.99000000000     
 OBS          147
   256889000000.000     
  0.000000000000000E+000
         146         148          -1
obdef
loc3d
     3.023486223107337        0.4232789955229168E-01     396969.0000000000      3
kind
          24
 54520     150118
  1.550029993651077E+017
 OBS          148
   678.154000000000     
  0.000000000000000E+000
         147         149          -1
obdef
loc3d
     3.023486223107337        0.4232789955229168E-01     396969.0000000000      3
kind
           3
 54520     150118
   9426.01000000000     
 OBS          149
   210288000000.000     
  0.000000000000000E+000
         148         150          -1
obdef
loc3d
     3.026627815760927        0.4156012921433937E-01     396955.0000000000      3
kind
          24
 54523     150118
  1.407289994235740E+017
 OBS          150
   652.687000000000     
  0.000000000000000E+000
         149         151          -1
obdef
loc3d
     3.026627815760927        0.4156012921433937E-01     396955.0000000000      3
kind
           3
 54523     150118
   4678.31000000000     
 OBS          151
   201618000000.000     
  0.000000000000000E+000
         150         152          -1
obdef
loc3d
     3.064344380896524        0.3230970964584423E-01     396961.0000000000      3
kind
          24
 54559     150118
  1.265769994815406E+017
 OBS          152
   719.165000000000     
  0.000000000000000E+000
         151         153          -1
obdef
loc3d
     3.064344380896524        0.3230970964584423E-01     396961.0000000000      3
kind
           3
 54559     150118
   21251.5000000000     
 OBS          153
   178528000000.000     
  0.000000000000000E+000
         152         154          -1
obdef
loc3d
     3.065391578447720        0.3205192451532467E-01     396966.0000000000      3
kind
          24
 54560     150118
  1.035189995759862E+017
 OBS          154
   625.637000000000     
  0.000000000000000E+000
         153         155          -1
obdef
loc3d
     3.065391578447720        0.3205192451532467E-01     396966.0000000000      3
kind
           3
 54560     150118
   3197.51000000000     
 OBS          155
   169150000000.000     
  0.000000000000000E+000
         154         156          -1
obdef
loc3d
     3.073769158857294        0.2998807267484137E-01     397012.0000000000      3
kind
          24
 54568     150118
  1.149349995292262E+017
 OBS          156
   897.621000000000     
  0.000000000000000E+000
         155         157          -1
obdef
loc3d
     3.073769158857294        0.2998807267484137E-01     397012.0000000000      3
kind
           3
 54568     150118
   3001.51000000000     
 OBS          157
   208663000000.000     
  0.000000000000000E+000
         156         158          -1
obdef
loc3d
     3.076910751510884        0.2921349555280629E-01     397034.0000000000      3
kind
          24
 54571     150118
  1.208399995050394E+017
 OBS          158
   564.904000000000     
  0.000000000000000E+000
         157         159          -1
obdef
loc3d
     3.076910751510884        0.2921349555280629E-01     397034.0000000000      3
kind
           3
 54571     150118
   2281.70000000000     
 OBS          159
   211103000000.000     
  0.000000000000000E+000
         158         160          -1
obdef
loc3d
     3.077957949062080        0.2895536135643632E-01     397040.0000000000      3
kind
          24
 54572     150118
  1.331509994546135E+017
 OBS          160
   653.344000000000     
  0.000000000000000E+000
         159         161          -1
obdef
loc3d
     3.077957949062080        0.2895536135643632E-01     397040.0000000000      3
kind
           3
 54572     150118
   5794.64000000000     
 OBS          161
   37438100000.0000     
  0.000000000000000E+000
         160         162          -1
obdef
loc3d
     3.082146739266866        0.2792212643925568E-01     397073.0000000000      3
kind
          24
 54576     150118
  2.089309991442186E+017
 OBS          162
   1830.45000000000     
  0.000000000000000E+000
         161         163          -1
obdef
loc3d
     3.082146739266866        0.2792212643925568E-01     397073.0000000000      3
kind
           3
 54576     150118
   21105.2000000000     
 OBS          163
   114945000000.000     
  0.000000000000000E+000
         162         164          -1
obdef
loc3d
     3.086335529471653        0.2688819339037424E-01     397110.0000000000      3
kind
          24
 54580     150118
  7.867509967774680E+016
 OBS          164
   691.136000000000     
  0.000000000000000E+000
         163         165          -1
obdef
loc3d
     3.086335529471653        0.2688819339037424E-01     397110.0000000000      3
kind
           3
 54580     150118
   3615.72000000000     
 OBS          165
   195627000000.000     
  0.000000000000000E+000
         164         166          -1
obdef
loc3d
     3.112498014959048        0.2041529079350287E-01     397427.0000000000      3
kind
          24
 54605     150118
  1.194619995106837E+017
 OBS          166
   743.480000000000     
  0.000000000000000E+000
         165         167          -1
obdef
loc3d
     3.112498014959048        0.2041529079350287E-01     397427.0000000000      3
kind
           3
 54605     150118
   5031.44000000000     
 OBS          167
   197785000000.000     
  0.000000000000000E+000
         166         168          -1
obdef
loc3d
     3.114592410061441        0.1989675347273535E-01     397459.0000000000      3
kind
          24
 54607     150118
  1.152329995280056E+017
 OBS          168
   715.874000000000     
  0.000000000000000E+000
         167         169          -1
obdef
loc3d
     3.114592410061441        0.1989675347273535E-01     397459.0000000000      3
kind
           3
 54607     150118
   4964.77000000000     
 OBS          169
   108202000000.000     
  0.000000000000000E+000
         168         170          -1
obdef
loc3d
     3.120858142076101        0.1834114151043281E-01     397561.0000000000      3
kind
          24
 54613     150118
  6.547279973182342E+016
 OBS          170
   635.259000000000     
  0.000000000000000E+000
         169         171          -1
obdef
loc3d
     3.120858142076101        0.1834114151043281E-01     397561.0000000000      3
kind
           3
 54613     150118
   3750.75000000000     
 OBS          171
   202356000000.000     
  0.000000000000000E+000
         170         172          -1
obdef
loc3d
     3.131330117588067        0.1574543548698928E-01     397750.0000000000      3
kind
          24
 54623     150118
  1.261179994834207E+017
 OBS          172
   587.725000000000     
  0.000000000000000E+000
         171         173          -1
obdef
loc3d
     3.131330117588067        0.1574543548698928E-01     397750.0000000000      3
kind
           3
 54623     150118
   7914.66000000000     
 OBS          173
   75668900000.0000     
  0.000000000000000E+000
         172         174          -1
obdef
loc3d
     3.133424512690460        0.1522613022135089E-01     397791.0000000000      3
kind
          24
 54625     150118
  6.786769972201390E+016
 OBS          174
   596.420000000000     
  0.000000000000000E+000
         173         175          -1
obdef
loc3d
     3.133424512690460        0.1522613022135089E-01     397791.0000000000      3
kind
           3
 54625     150118
   18.8716000000000     
 OBS          175
   165635000000.000     
  0.000000000000000E+000
         174         176          -1
obdef
loc3d
     3.144926232461102        0.1236867716998578E-01     398031.0000000000      3
kind
          24
 54636     150118
  9.556409960856946E+016
 OBS          176
   940.953000000000     
  0.000000000000000E+000
         175         177          -1
obdef
loc3d
     3.144926232461102        0.1236867716998578E-01     398031.0000000000      3
kind
           3
 54636     150118
   3129.52000000000     
 OBS          177
   180558000000.000     
  0.000000000000000E+000
         176         178          -1
obdef
loc3d
     3.145973430012299        0.1210883255094886E-01     398055.0000000000      3
kind
          24
 54637     150118
  1.181199995161805E+017
 OBS          178
   714.297000000000     
  0.000000000000000E+000
         177         179          -1
obdef
loc3d
     3.145973430012299        0.1210883255094886E-01     398055.0000000000      3
kind
           3
 54637     150118
   4582.84000000000     
 OBS          179
   69597200000.0000     
  0.000000000000000E+000
         178         180          -1
obdef
loc3d
     3.149115022665889        0.1132921142737551E-01     398127.0000000000      3
kind
          24
 54640     150118
  5.989279975467909E+016
 OBS          180
   595.704000000000     
  0.000000000000000E+000
         179         181          -1
obdef
loc3d
     3.149115022665889        0.1132921142737551E-01     398127.0000000000      3
kind
           3
 54640     150118
   18.0654000000000     
 OBS          181
   171937000000.000     
  0.000000000000000E+000
         180         182          -1
obdef
loc3d
     3.176289799119441        0.4568888009285716E-02     398838.0000000000      3
kind
          24
 54666     150118
  1.572049993560884E+017
 OBS          182
   597.514000000000     
  0.000000000000000E+000
         181         183          -1
obdef
loc3d
     3.176289799119441        0.4568888009285716E-02     398838.0000000000      3
kind
           3
 54666     150118
   18.0002000000000     
 OBS          183
   112177000000.000     
  0.000000000000000E+000
         182         184          -1
obdef
loc3d
     3.183620181977816        0.2748125627020192E-02     399058.0000000000      3
kind
          24
 54673     150118
  7.881439967717622E+016
 OBS          184
   933.641000000000     
  0.000000000000000E+000
         183         185          -1
obdef
loc3d
     3.183620181977816        0.2748125627020192E-02     399058.0000000000      3
kind
           3
 54673     150118
   4287.02000000000     
 OBS          185
   146304000000.000     
  0.000000000000000E+000
         184         186          -1
obdef
loc3d
     3.249454001363043       -0.1362632652238785E-01     401562.0000000000      3
kind
          24
 54736     150118
  1.247739994889257E+017
 OBS          186
   587.958000000000     
  0.000000000000000E+000
         185         187          -1
obdef
loc3d
     3.249454001363043       -0.1362632652238785E-01     401562.0000000000      3
kind
           3
 54736     150118
   17.1980000000000     
 OBS          187
   117456000000.000     
  0.000000000000000E+000
         186         188          -1
obdef
loc3d
     3.250501198914240       -0.1388580462228185E-01     401609.0000000000      3
kind
          24
 54737     150118
  7.826529967942533E+016
 OBS          188
   749.463000000000     
  0.000000000000000E+000
         187         189          -1
obdef
loc3d
     3.250501198914240       -0.1388580462228185E-01     401609.0000000000      3
kind
           3
 54737     150118
   5934.85000000000     
 OBS          189
   96691900000.0000     
  0.000000000000000E+000
         188         190          -1
obdef
loc3d
     3.252595594016633       -0.1440470846219228E-01     401705.0000000000      3
kind
          24
 54739     150118
  5.682839976723087E+016
 OBS          190
   707.693000000000     
  0.000000000000000E+000
         189         191          -1
obdef
loc3d
     3.252595594016633       -0.1440470846219228E-01     401705.0000000000      3
kind
           3
 54739     150118
   7134.99000000000     
 OBS          191
   90910400000.0000     
  0.000000000000000E+000
         190         192          -1
obdef
loc3d
     3.253625338275310       -0.1466411674891620E-01     401753.0000000000      3
kind
          24
 54740     150118
  8.366589965730448E+016
 OBS          192
   586.857000000000     
  0.000000000000000E+000
         191         193          -1
obdef
loc3d
     3.253625338275310       -0.1466411674891620E-01     401753.0000000000      3
kind
           3
 54740     150118
   15.2167000000000     
 OBS          193
   105191000000.000     
  0.000000000000000E+000
         192         194          -1
obdef
loc3d
     3.268268650699542       -0.1829384308770376E-01     402451.0000000000      3
kind
          24
 54754     150118
  9.650959960469670E+016
 OBS          194
   597.018000000000     
  0.000000000000000E+000
         193         195          -1
obdef
loc3d
     3.268268650699542       -0.1829384308770376E-01     402451.0000000000      3
kind
           3
 54754     150118
   17.9589000000000     
 OBS          195
   180170000000.000     
  0.000000000000000E+000
         194         196          -1
obdef
loc3d
     2.864329648617974       -0.2468331894632981E-01     403063.0000000000      3
kind
          24
 60558     150118
  1.116809995425546E+017
 OBS          196
   700.116000000000     
  0.000000000000000E+000
         195         197          -1
obdef
loc3d
     2.864329648617974       -0.2468331894632981E-01     403063.0000000000      3
kind
           3
 60558     150118
   9511.68000000000     
 OBS          197
   186307000000.000     
  0.000000000000000E+000
         196         198          -1
obdef
loc3d
     2.869548183081437       -0.2597451352695521E-01     403336.0000000000      3
kind
          24
 60563     150118
  1.074419995599176E+017
 OBS          198
   848.499000000000     
  0.000000000000000E+000
         197         199          -1
obdef
loc3d
     2.869548183081437       -0.2597451352695521E-01     403336.0000000000      3
kind
           3
 60563     150118
   3146.74000000000     
 OBS          199
   88635600000.0000     
  0.000000000000000E+000
         198         200          -1
obdef
loc3d
     3.236486205020725       -0.1119468144863179         436393.0000000000      3
kind
          24
 60914     150118
  5.108479979075667E+016
 OBS          200
   759.833000000000     
  0.000000000000000E+000
         199         201          -1
obdef
loc3d
     3.236486205020725       -0.1119468144863179         436393.0000000000      3
kind
           3
 60914     150118
   4514.39000000000     
 OBS          201
   92363700000.0000     
  0.000000000000000E+000
         200         202          -1
obdef
loc3d
     3.238580600123118       -0.1123967603674820         436655.0000000000      3
kind
          24
 60916     150118
  5.300149978290586E+016
 OBS          202
   778.871000000000     
  0.000000000000000E+000
         201         203          -1
obdef
loc3d
     3.238580600123118       -0.1123967603674820         436655.0000000000      3
kind
           3
 60916     150118
   6253.46000000000     
 OBS          203
   80144200000.0000     
  0.000000000000000E+000
         202         204          -1
obdef
loc3d
    0.3786142746351299        0.2110661571021782         496164.0000000000      3
kind
          24
 76761     150118
  6.251169974395207E+016
 OBS          204
   573.401000000000     
  0.000000000000000E+000
         203         205          -1
obdef
loc3d
    0.3786142746351299        0.2110661571021782         496164.0000000000      3
kind
           3
 76761     150118
   16.2003000000000     
 OBS          205
   47672000000.0000     
  0.000000000000000E+000
         204         206          -1
obdef
loc3d
    0.3796771801495945        0.2109684186640666         495978.0000000000      3
kind
          24
 76762     150118
  4.493869981593107E+016
 OBS          206
   592.713000000000     
  0.000000000000000E+000
         205         207          -1
obdef
loc3d
    0.3796771801495945        0.2109684186640666         495978.0000000000      3
kind
           3
 76762     150118
   21.0967000000000     
 OBS          207
   91746800000.0000     
  0.000000000000000E+000
         206         208          -1
obdef
loc3d
    0.3828676420222401        0.2106752033497315         495422.0000000000      3
kind
          24
 76765     150118
  5.408059977848587E+016
 OBS          208
   688.870000000000     
  0.000000000000000E+000
         207         209          -1
obdef
loc3d
    0.3828676420222401        0.2106752033497315         495422.0000000000      3
kind
           3
 76765     150118
   5080.03000000000     
 OBS          209
   276937000000.000     
  0.000000000000000E+000
         208         210          -1
obdef
loc3d
    0.6084636651472711        0.1838913806486265         458942.0000000000      3
kind
          24
 76977     150118
  1.607249993416704E+017
 OBS          210
   732.916000000000     
  0.000000000000000E+000
         209         211          -1
obdef
loc3d
    0.6084636651472711        0.1838913806486265         458942.0000000000      3
kind
           3
 76977     150118
   3219.88000000000     
 OBS          211
   228336000000.000     
  0.000000000000000E+000
         210         212          -1
obdef
loc3d
    0.6095265706617357        0.1837377916744511         458785.0000000000      3
kind
          24
 76978     150118
  1.386559994320650E+017
 OBS          212
   593.838000000000     
  0.000000000000000E+000
         211         213          -1
obdef
loc3d
    0.6095265706617357        0.1837377916744511         458785.0000000000      3
kind
           3
 76978     150118
   4088.96000000000     
 OBS          213
   211361000000.000     
  0.000000000000000E+000
         212         214          -1
obdef
loc3d
    0.6105894761762003        0.1835842027002755         458628.0000000000      3
kind
          24
 76979     150118
  1.317109994605117E+017
 OBS          214
   754.857000000000     
  0.000000000000000E+000
         213         215          -1
obdef
loc3d
    0.6105894761762003        0.1835842027002755         458628.0000000000      3
kind
           3
 76979     150118
   3352.67000000000     
 OBS          215
   179496000000.000     
  0.000000000000000E+000
         214         216          -1
obdef
loc3d
    0.6127170325343813        0.1832770247519245         458316.0000000000      3
kind
          24
 76981     150118
  1.252189994871030E+017
 OBS          216
   717.604000000000     
  0.000000000000000E+000
         215         217          -1
obdef
loc3d
    0.6127170325343813        0.1832770247519245         458316.0000000000      3
kind
           3
 76981     150118
   3346.54000000000     
 OBS          217
   210905000000.000     
  0.000000000000000E+000
         216         218          -1
obdef
loc3d
    0.7678296791468734        0.1583512795724927         437276.0000000000      3
kind
          24
 77127     150118
  1.236149994936730E+017
 OBS          218
   706.128000000000     
  0.000000000000000E+000
         217         219          -1
obdef
loc3d
    0.7678296791468734        0.1583512795724927         437276.0000000000      3
kind
           3
 77127     150118
   4868.69000000000     
 OBS          219
   202123000000.000     
  0.000000000000000E+000
         218         220          -1
obdef
loc3d
    0.7688908393320859        0.1581643548096041         437145.0000000000      3
kind
          24
 77128     150118
  1.180239995165737E+017
 OBS          220
   690.250000000000     
  0.000000000000000E+000
         219         221          -1
obdef
loc3d
    0.7688908393320859        0.1581643548096041         437145.0000000000      3
kind
           3
 77128     150118
   9263.09000000000     
 OBS          221
   246905000000.000     
  0.000000000000000E+000
         220         222          -1
obdef
loc3d
    0.7710114143732590        0.1577901562179766         436883.0000000000      3
kind
          24
 77130     150118
  1.579079993532088E+017
 OBS          222
   857.755000000000     
  0.000000000000000E+000
         221         223          -1
obdef
loc3d
    0.7710114143732590        0.1577901562179766         436883.0000000000      3
kind
           3
 77130     150118
   7112.68000000000     
 OBS          223
   210968000000.000     
  0.000000000000000E+000
         222         224          -1
obdef
loc3d
    0.7805583653816681        0.1560956160472153         435717.0000000000      3
kind
          24
 77139     150118
  1.434529994124165E+017
 OBS          224
   607.452000000000     
  0.000000000000000E+000
         223         225          -1
obdef
loc3d
    0.7805583653816681        0.1560956160472153         435717.0000000000      3
kind
           3
 77139     150118
   3802.68000000000     
 OBS          225
   206287000000.000     
  0.000000000000000E+000
         224         226          -1
obdef
loc3d
    0.7816195255668805        0.1559064223562991         435588.0000000000      3
kind
          24
 77140     150118
  1.202239995075625E+017
 OBS          226
   901.392000000000     
  0.000000000000000E+000
         225         227          -1
obdef
loc3d
    0.7816195255668805        0.1559064223562991         435588.0000000000      3
kind
           3
 77140     150118
   17868.0000000000     
 OBS          227
   230102000000.000     
  0.000000000000000E+000
         226         228          -1
obdef
loc3d
    0.7837401006080537        0.1555271623098407         435331.0000000000      3
kind
          24
 77142     150118
  1.461819994012385E+017
 OBS          228
   743.652000000000     
  0.000000000000000E+000
         227         229          -1
obdef
loc3d
    0.7837401006080537        0.1555271623098407         435331.0000000000      3
kind
           3
 77142     150118
   5420.67000000000     
 OBS          229
   235555000000.000     
  0.000000000000000E+000
         228         230          -1
obdef
loc3d
    0.7848012607932663        0.1553372704872237         435203.0000000000      3
kind
          24
 77143     150118
  1.377729994356818E+017
 OBS          230
   886.899000000000     
  0.000000000000000E+000
         229         231          -1
obdef
loc3d
    0.7848012607932663        0.1553372704872237         435203.0000000000      3
kind
           3
 77143     150118
   5128.76000000000     
 OBS          231
   192494000000.000     
  0.000000000000000E+000
         230         232          -1
obdef
loc3d
    0.7869218358344393        0.1549567887102890         434946.0000000000      3
kind
          24
 77145     150118
  1.393889994290627E+017
 OBS          232
   583.319000000000     
  0.000000000000000E+000
         231         233          -1
obdef
loc3d
    0.7869218358344393        0.1549567887102890         434946.0000000000      3
kind
           3
 77145     150118
   14.8459000000000     
 OBS          233
   215506000000.000     
  0.000000000000000E+000
         232         234          -1
obdef
loc3d
    0.7943447211431712        0.1536188193057101         434056.0000000000      3
kind
          24
 77152     150118
  1.414769994205102E+017
 OBS          234
   696.248000000000     
  0.000000000000000E+000
         233         235          -1
obdef
loc3d
    0.7943447211431712        0.1536188193057101         434056.0000000000      3
kind
           3
 77152     150118
   4120.61000000000     
 OBS          235
   217860000000.000     
  0.000000000000000E+000
         234         236          -1
obdef
loc3d
    0.2148779561885339        0.1785262385279960         455919.0000000000      3
kind
          24
 82790     150118
  1.609209993408676E+017
 OBS          236
   585.787000000000     
  0.000000000000000E+000
         235         237          -1
obdef
loc3d
    0.2148779561885339        0.1785262385279960         455919.0000000000      3
kind
           3
 82790     150118
   15.7462000000000     
 OBS          237
   235528000000.000     
  0.000000000000000E+000
         236         238          -1
obdef
loc3d
    0.2159408617029984        0.1783639229075605         455766.0000000000      3
kind
          24
 82791     150118
  1.573069993556705E+017
 OBS          238
   1024.36000000000     
  0.000000000000000E+000
         237         239          -1
obdef
loc3d
    0.2159408617029984        0.1783639229075605         455766.0000000000      3
kind
           3
 82791     150118
   3854.84000000000     
 OBS          239
   235237000000.000     
  0.000000000000000E+000
         238         240          -1
obdef
loc3d
    0.2180649274026755        0.1780410369959416         455459.0000000000      3
kind
          24
 82793     150118
  1.368739994393641E+017
 OBS          240
   754.469000000000     
  0.000000000000000E+000
         239         241          -1
obdef
loc3d
    0.2180649274026755        0.1780410369959416         455459.0000000000      3
kind
           3
 82793     150118
   2998.75000000000     
 OBS          241
   245598000000.000     
  0.000000000000000E+000
         240         242          -1
obdef
loc3d
    0.2233777096457463        0.1772312042230162         454695.0000000000      3
kind
          24
 82798     150118
  1.416389994198467E+017
 OBS          242
   911.579000000000     
  0.000000000000000E+000
         241         243          -1
obdef
loc3d
    0.2233777096457463        0.1772312042230162         454695.0000000000      3
kind
           3
 82798     150118
   4195.15000000000     
 OBS          243
   157295000000.000     
  0.000000000000000E+000
         242         244          -1
obdef
loc3d
    0.3146741374883176        0.1623943347847376         442213.0000000000      3
kind
          24
 82884     150118
  9.766749959995390E+016
 OBS          244
   704.962000000000     
  0.000000000000000E+000
         243         245          -1
obdef
loc3d
    0.3146741374883176        0.1623943347847376         442213.0000000000      3
kind
           3
 82884     150118
   5726.20000000000     
 OBS          245
   159419000000.000     
  0.000000000000000E+000
         244         246          -1
obdef
loc3d
    0.4470835411908675        0.1380633978143855         426476.0000000000      3
kind
          24
 83009     150118
  9.325529961802629E+016
 OBS          246
   689.678000000000     
  0.000000000000000E+000
         245         247          -1
obdef
loc3d
    0.4470835411908675        0.1380633978143855         426476.0000000000      3
kind
           3
 83009     150118
   3887.52000000000     
 OBS          247
   113558000000.000     
  0.000000000000000E+000
         246         248          -1
obdef
loc3d
    0.4618909145647874        0.1351516650232833         424904.0000000000      3
kind
          24
 83023     150118
  6.463569973525217E+016
 OBS          248
   777.286000000000     
  0.000000000000000E+000
         247         249          -1
obdef
loc3d
    0.4618909145647874        0.1351516650232833         424904.0000000000      3
kind
           3
 83023     150118
   21950.5000000000     
 OBS          249
   94013300000.0000     
  0.000000000000000E+000
         248         250          -1
obdef
loc3d
    0.4629485840914959        0.1349424000459692         424793.0000000000      3
kind
          24
 83024     150118
  6.237159974452592E+016
 OBS          250
   671.335000000000     
  0.000000000000000E+000
         249         251          -1
obdef
loc3d
    0.4629485840914959        0.1349424000459692         424793.0000000000      3
kind
           3
 83024     150118
   6122.78000000000     
 OBS          251
   82378800000.0000     
  0.000000000000000E+000
         250         252          -1
obdef
loc3d
    0.4650621778156611        0.1345233464925653         424572.0000000000      3
kind
          24
 83026     150118
  5.524209977372836E+016
 OBS          252
   688.964000000000     
  0.000000000000000E+000
         251         253          -1
obdef
loc3d
    0.4650621778156611        0.1345233464925653         424572.0000000000      3
kind
           3
 83026     150118
   4479.35000000000     
 OBS          253
   47466600000.0000     
  0.000000000000000E+000
         252         254          -1
obdef
loc3d
    0.4671775168690782        0.1341034202745355         424352.0000000000      3
kind
          24
 83028     150118
  2.829769988409262E+016
 OBS          254
   705.822000000000     
  0.000000000000000E+000
         253         255          -1
obdef
loc3d
    0.4671775168690782        0.1341034202745355         424352.0000000000      3
kind
           3
 83028     150118
   3796.58000000000     
 OBS          255
   94796600000.0000     
  0.000000000000000E+000
         254         256          -1
obdef
loc3d
    0.4724606285148650        0.1330511612685081         423805.0000000000      3
kind
          24
 83033     150118
  6.325389974091202E+016
 OBS          256
   695.842000000000     
  0.000000000000000E+000
         255          -1          -1
obdef
loc3d
    0.4724606285148650        0.1330511612685081         423805.0000000000      3
kind
           3
 83033     150118
   4577.22000000000     
