 obs_sequence
obs_kind_definitions
           3
           2 SOIL_TEMPERATURE                
           3 SOIL_MOISTURE                   
          20 COSMOS_NEUTRON_INTENSITY        
  num_copies:            0  num_qc:            0
  num_obs:           19  max_num_obs:           19
  first:            1  last:           19
 OBS            1
          -1           2          -1
obdef
loc3d
     4.348662364269072        0.5569345643113905       -0.1000000000000000E-01  3
kind
           2
     0     149019
   1.0000000000000000     
 OBS            2
           1           3          -1
obdef
loc3d
     4.348662364269072        0.5569345643113905       -0.9000000000000000E-01  3
kind
           2
     0     149019
  0.90000000000000002     
 OBS            3
           2           4          -1
obdef
loc3d
     4.348662364269072        0.5569345643113905       -0.1100000000000000      3
kind
           2
     0     149019
  0.80000000000000004     
 OBS            4
           3           5          -1
obdef
loc3d
     4.348662364269072        0.5569345643113905       -0.3900000000000000      3
kind
           2
     0     149019
  0.69999999999999996     
 OBS            5
           4           6          -1
obdef
loc3d
     4.348662364269072        0.5569345643113905       -0.4100000000000000      3
kind
           2
     0     149019
  0.59999999999999998     
 OBS            6
           5           7          -1
obdef
loc3d
     4.348662364269072        0.5569345643113905       -0.9900000000000000      3
kind
           2
     0     149019
  0.50000000000000000     
 OBS            7
           6           8          -1
obdef
loc3d
     4.348662364269072        0.5569345643113905        -1.010000000000000      3
kind
           2
     0     149019
  0.40000000000000002     
 OBS            8
           7           9          -1
obdef
loc3d
     4.348662364269072        0.5569345643113905        -1.990000000000000      3
kind
           2
     0     149019
  0.29999999999999999     
 OBS            9
           8          10          -1
obdef
loc3d
     4.348662364269072        0.5569345643113905        -2.010000000000000      3
kind
           2
     0     149019
  0.29999999999999999     
 OBS           10
           9          11          -1
obdef
loc3d
     4.348662364269072        0.5569345643113905       -0.1000000000000000E-01  3
kind
           3
     0     149019
  4.00000000000000008E-002
 OBS           11
          10          12          -1
obdef
loc3d
     4.348662364269072        0.5569345643113905       -0.9000000000000000E-01  3
kind
           3
     0     149019
  4.00000000000000008E-002
 OBS           12
          11          13          -1
obdef
loc3d
     4.348662364269072        0.5569345643113905       -0.1100000000000000      3
kind
           3
     0     149019
  4.00000000000000008E-002
 OBS           13
          12          14          -1
obdef
loc3d
     4.348662364269072        0.5569345643113905       -0.3900000000000000      3
kind
           3
     0     149019
  4.00000000000000008E-002
 OBS           14
          13          15          -1
obdef
loc3d
     4.348662364269072        0.5569345643113905       -0.4100000000000000      3
kind
           3
     0     149019
  4.00000000000000008E-002
 OBS           15
          14          16          -1
obdef
loc3d
     4.348662364269072        0.5569345643113905       -0.9900000000000000      3
kind
           3
     0     149019
  4.00000000000000008E-002
 OBS           16
          15          17          -1
obdef
loc3d
     4.348662364269072        0.5569345643113905        -1.010000000000000      3
kind
           3
     0     149019
  4.00000000000000008E-002
 OBS           17
          16          18          -1
obdef
loc3d
     4.348662364269072        0.5569345643113905        -1.990000000000000      3
kind
           3
     0     149019
  4.00000000000000008E-002
 OBS           18
          17          19          -1
obdef
loc3d
     4.348662364269072        0.5569345643113905        -2.010000000000000      3
kind
           3
     0     149019
  4.00000000000000008E-002
 OBS           19
          18          -1          -1
obdef
loc3d
     4.348662364269072        0.5569345643113905         0.000000000000000     -1
kind
          20
 cosmic
   1.4620000000000000       3.65499999999999992E-002   399.05099350000000       0.25985853016999999     
   161.98621864285701        129.14558984999999        114.04156390999999        3.8086191933000002     
           1
     0     149019
   1000.0000000000000     
