 obs_sequence
obs_kind_definitions
           1
          38 GND_GPS_VTEC                    
  num_copies:            1  num_qc:            1
  num_obs:            2  max_num_obs:            2
observation                                                     
Data QC                                                         
  first:            1  last:            2
 OBS            1
   15.4000000000000     
  0.000000000000000E+000
          -1           2          -1
obdef
loc3d
     2.321287905152458        -1.431169986635350         350000.0000000000      3
kind
          38
    90     146796
   27.0400000000000     
 OBS            2
   15.4000000000000     
  0.000000000000000E+000
           1          -1          -1
obdef
loc3d
     2.321287905152458        -1.431169986635350         350000.0000000000      3
kind
          38
  1050     146796
   27.0400000000000     
