         1001           40           20            9
    2555.205743304241         70629.29916012941        -269.1339015556892     
    404.0135019592467         11167.47274437132                56           37 
           38           56           30           28           29           48 
           51           38           42           37           42           39 
           47           62           41           47           39           50 
           39           48           34           47           56           44 
           32           34           42           47           48           53 
           65           63           38           44           46           59 
           47           55           53           38           64           62 
           38           67           43           37           40           45 
           47           50           50           44           65           66 
           54           53           51           29           62           38 
           45           44           46           50           35           52 
           50           50           51           58           48           53 
           37           53           45           53           40           48 
           48           45           43           61           47           39 
           38           34           35           50           62           43 
           51           56           36           49           53           51 
           37           38           50           58           57           40 
           47           58           46           43           48           46 
           50           55           49           54           38           40 
           51           58           46           52           61           46 
           49           57           56           60           39           59 
           63           46           51           59           43           46 
           51           40           41           54           43           46 
           32           45           50           61           61           46 
           52           39           61           49           38           42 
           47           45           50           56           40           54 
           58           34           61           50           53           56 
           49           54           57           52           30           48 
           46           40           41           32           43           57 
           55           49           69           59           35           42 
           37           30           63           55           46           37 
           39            1            2            3            4            5 
            6            7            8            9
    288.8878504136202         274.7033864827569         268.4468382500515      
    271.2383244840944         277.6431404680113         292.0049472291303      
    268.9895336801105         279.6757387542689         276.8246283351850      
    8250.044371891314         7870.227940399608         7932.035949458257      
    7785.001363462469         7674.281548940507         8218.733592559631      
    7740.395766378146         7904.021623889687         7854.577813907091      
    14.50835469196361        -15.15139192094309        -15.42283342713024      
    30.21439824253786        -30.79978178478184        -44.94637343230821      
    34.76949255574659        -15.57042928665934        -7.145740513125244      
    1024.076868938723         1031.492653773594         888.5539985759816      
    1132.548392179660         1097.301114107207         1042.109952441962      
    951.0995832802330         1098.499176962994         1165.308449679072     
         1001           40           20            9
    2798.765380716146         77236.14612127171        -292.7377876532894     
    442.5236619745663         12212.10697184000                56           38 
           43           63           28           23           35           52 
           45           39           40           28           41           40 
           54           67           37           45           36           41 
           44           52           37           48           57           52 
           55           38           54           49           45           43 
           56           60           41           42           46           41 
           47           44           49           45           59           58 
           36           51           59           28           47           52 
           39           50           52           45           61           54 
           57           50           54           32           54           43 
           41           66           51           56           39           50 
           49           56           49           56           62           55 
           44           55           44           48           33           41 
           43           42           33           55           48           40 
           53           44           39           50           41           50 
           51           64           44           50           53           51 
           39           56           49           54           42           41 
           43           52           51           41           50           39 
           42           48           52           47           44           36 
           58           44           56           57           68           29 
           39           43           35           65           41           58 
           57           45           49           59           45           55 
           35           37           50           57           42           51 
           45           43           41           61           54           50 
           47           41           59           51           41           49 
           47           61           53           60           36           53 
           58           40           69           60           46           48 
           60           59           60           49           33           53 
           50           43           42           27           41           60 
           54           43           62           51           31           40 
           38           31           66           59           49           35 
           36            1            2            3            4            5 
            6            7            8            9
    305.3545301978739         293.3132200127513         290.9254113938623      
    292.5820719849725         299.8688948346730         317.4619153643508      
    298.2287792055170         305.3421967635048         298.0781789452853      
    8843.610548080738         8445.496443241313         8580.747548145169      
    8391.459040773021         8299.516220913860         8898.378086733499      
    8464.460595561966         8570.768284348031         8448.814556241143      
    13.65835824830369        -24.92713040743330        -16.63499613258718      
    33.58108826087793        -42.59642496628214        -51.55771271857451      
    43.42879832259644        -12.07319070018659        -9.016666266644046      
    1012.881039714234         1013.974750056389         892.4350293920384      
    1124.083394670047         1108.407784354189         1069.686069029983      
    982.9189983082831         1114.215787216710         1170.382328926618     
