         1200
    2.266714604561004         5.373384839187748        0.1802908000545074      
  -0.5022465022730771       -0.5892716583446176         2.254456266848642      
    5.578686009504744       -0.2677102069014041         1.974763948644505      
    10.12262234180173         1.707978467932016         2.027795987424868      
    3.659545604661457         4.257165857743321         3.463304904513413      
   -2.784378136118284        -2.805820641112058        9.0376071772116902E-003 
    5.874042974249613         4.218266325416810        -2.455079450825994      
   -3.740292788202605        0.9266488403967836        0.6510320411515204      
    4.978945459583338         6.546147512328437        -2.175013995652443      
    2.817701419939974         7.536509661723794        -1.068983234586110      
   -2.473958518018085       -0.6292144388977693         8.980785593767376      
   -1.534123805301821         1.842589460243764        -1.425563202713323      
    11.93400485902564         1.123042364319389        4.5195061759490569E-002 
    1.330679179739127         3.323016840530956         5.009672220622040      
  -0.8229158730550937        0.1148575738350043        -1.136689600493826      
    2.797472335192513         4.591450928164098        -2.548616174842147      
  -8.1648991946769165E-002    9.705691884501750         2.647847397055877      
   0.7612963574274549         2.716187815369556         4.417488699461774      
    3.984150678244856        -3.123253130327771        -2.679987952957686      
   3.1884080327976427E-002    5.620483840360941         4.153640983092244      
   -2.811798709810563        -3.661934499738289        0.9081185456626320      
   0.9195450137107169         5.024695171121339         6.778081570610517      
   -2.125248479455455         2.976494794748890         7.529568223513841      
   -1.881091394403921        -1.875116065658439        -1.138509363750803      
    8.955868104233934       -0.6301680139677782         1.909016211051514      
  -0.7622217146277189         12.08683475090868       -0.1922989257659017      
  -0.5357902310940149         1.144319860789417         2.401682709780625      
    5.624079246832128       -0.1406645656587772        0.1231046521025981      
  -0.9723298116356583         2.452755416365467         4.735707585391090      
   -2.396249908804714       -6.7301912720558965E-002    9.800029920195286      
    2.604599166884032        0.6488750778038583         2.420532449696226      
    4.009903400884523         4.375617001821611        -2.605755168563881      
   -3.089874517811466        0.4229936612048567         5.663688053294250      
    4.136073226210708        -1.983053967882019        -3.797606419878515      
    1.268968769686553         1.113541699268067         5.330772540520226      
    6.000761382202096        -2.690473805172117         2.777587605978552      
    7.551915756287418        -1.672386571555243        -1.830617027108906      
   -1.093530746634493         9.158286206364348        -1.113283969626955      
    1.862199473672728        -1.670804789897821         11.74578307203217      
   0.7159054852403235       -0.4864650486775258         1.033031681937319      
    2.817552913542940         4.917829973517313       -0.1593996969536516      
  -0.9828522462996325       -0.7121547672580863         2.756695680568687      
    4.473845803030127        -2.222912565753115        8.1137032955362081E-002 
    10.05994102273999         2.537687561072251        0.9178723483524028      
    2.648599064112179         4.140750523607757         4.380572078452158      
   -2.401570013388248        -3.072228875038796        0.3697140640016970      
    6.376680507684720         3.859284194317011        -2.703286816520175      
   -3.522790494431035        0.6387678832543912        0.6585243843239405      
    5.246574848710200         6.228533515846478        -2.616694661053870      
    2.733686079534287         7.603167951745745        -1.259136939008079      
   -2.247117917166499       -0.8048152219265228         9.094485914716110      
   -1.233516172221250         2.470915878011184       -0.8582061451150025      
    11.69139191575095       -0.1659989557660115       -0.3783058535956444      
    1.294406166108060         3.617001639517864         4.911995741515341      
  -0.6210210210750900        0.3608652911238493       -0.5045695639617039      
    2.700389455475579         4.724540214082719        -2.165334782073344      
   0.2417855234946624         10.00220459346362         2.512709051288339      
   0.8463786387308490         2.309327943043298         3.817432751512672      
    4.396707578940867        -3.198309596832121        -2.609955846664849      
  -3.7141462032715280E-002    5.242557461976816         4.515962806814429      
   -2.228501920592655        -3.684039617163709         1.092398638022544      
   0.6871240224082923         5.359366943034218         6.218536369352980      
   -2.912944659264930         2.843376553373398         7.521655312171029      
   -1.676074798683853        -1.604637216751376       -0.8632901823993217      
    8.776272175722230       -0.6466935942227065         1.675876752049319      
  -0.7544209149453361         11.71598779142909        -1.002826910836101      
  -0.7628912198941023        0.9503114430442597         3.279905127307993      
    5.193844094222955       -0.3441373018103669        0.7541272427290742      
  -0.5462389550996889         2.819849402138878         4.753884968660166      
   -2.610753687766061       -0.1526627543335397         9.915087113330694      
    2.408624757457102        0.7103931877402169         2.849618558762887      
    4.681805853571266         3.852582538559806        -2.944195051127555      
   -2.738595441983396        3.2165777453750262E-002    6.211865709444875      
    3.885981995092174        -3.010597424183533        -3.433823448352195      
   0.7240670858296617        0.7293888123737392         5.208531513911692      
    6.158149806817629        -2.484722103481147         2.760969509613692      
    7.938771652353195        -2.062860501460534        -2.114354284287557      
   -1.099173112121949         8.750814974614141        -1.005901202254646      
    1.594276460532939        -1.452557942382289         11.93052237905438      
    1.326556859143300       -0.4334829132702087         1.331140172938096      
    2.807946633869980         5.202477350676094       -0.2624401042973195      
  -0.4215177724069951       -0.7665220688610224         2.780674933141299      
    4.575469257784064        -2.185415799301981        0.1898498465192725      
    10.13289259444347         2.221243924896903        0.9522495632372772      
    2.503495830304871         3.997654124371127         4.497016470410614      
   -2.287283309337059        -3.059333854349418        0.4150009417551813      
    6.503682553041687         3.751596689729948        -2.652946894431758      
   -3.536776871706394        0.7226725989747635        0.3925429473854727      
    5.093614178445437         6.476218013718832        -2.613124647998837      
    2.815037767797916         7.653117269460354        -1.646091286686901      
   -1.973189252433219       -0.9429321691343697         9.020647785142978      
  -0.8314510453826379         2.036450250859790       -0.5695300874626956      
    12.12891577868246        0.3028296357669351       -0.2998167091527332      
    1.391448303112933         2.460909021814959         4.693729715455798      
  -8.5123809169008133E-002   -1.014059070328355        -1.063304636109777      
    2.312378162489650         4.640048769807557        -2.401966452393915      
  -0.2330756252985491         9.992148586131885         2.632739837371410      
   0.5152599231622186         2.944906907904049         4.774188238099147      
    3.487742935912184        -3.083002347548673        -2.697390186414220      
   9.2849298656402368E-002    5.774371580723901         4.241940114398179      
   -1.692178535176903        -3.792695211269607         1.347554719187967      
    1.043253581999422         5.112332863148212         6.371453003977249      
   -2.366964689866149         2.830778797635968         7.607183713297847      
   -1.228547131355818        -2.117296327663334       -0.5895371075810258      
    9.243669541762126        -1.435309567841712         1.407037439357267      
   -1.126050620574811         11.96022683270526        0.6702752411364463      
   0.9573841622585523         1.586429620435991         2.720458795804126      
    5.293147275754797       -0.1168116829327774       -0.4275625684532327      
  -0.7397073137130535         2.871499527118646         4.240697297223138      
   -2.725057855543606       -0.5175904690592966         9.657486750722015      
    2.512792785523022        0.4300861031354332         2.378471436587791      
    4.063103854345467         4.469261297112933        -2.169443926388179      
   -3.135144995645707        0.6461591905771748         6.370111517639494      
    3.825857204845281        -1.918660629062575        -3.687342293812401      
    1.287573678203559        0.6381133652254983         5.332890989337351      
    5.605759249276242        -3.078647343449309         2.456111800378277      
    7.827501074370455        -1.692846083603327        -1.806438499199643      
   -1.025751944712255         9.119914938670339       -0.7553926391324558      
    2.087238402621990       -0.4938979839383182         12.07816667441775      
  -0.1188678799995721       -0.4653984087932997         1.250720619219356      
    3.105285608066088         5.180970947356657       -0.4331472774292292      
   0.2088766583990840       -0.6583947951451181         2.923779434723487      
    4.490135691683922        -2.663109991945097       -0.3034547512546202      
    9.939396680402311         2.499107806967823        0.5749535661696918      
    2.811903719852524         4.629491374946734         3.846826579485718      
   -2.845599744624337        -2.879724354962775        0.2444861369729467      
    6.021181522525719         4.163594117508537        -1.922573149042506      
   -3.916425232353628         1.184565075696023        0.7415096521603143      
    5.025631347393861         6.732555045364681        -2.244031722458921      
    2.932331047124484         7.441314861963267        -1.638228331720132      
   -1.971672211791216        -1.121733655589584         9.079302996433603      
  -0.6768879279984562         2.339743719778871       -0.8053566584213273      
    11.82621513000059       -0.1078666217612893       -0.5793035528595007      
   0.9126737811540769         3.128819619538233         5.078625539273588      
  -0.6819711775615507       -6.9386686592645974E-002   -1.202719642799775      
    2.918958116918499         4.663443981884214        -2.459182251189067      
   0.1634341903316955         9.876393881297611         2.608848502695529      
    1.095691847562968         3.038495618145486         4.541499439986434      
    3.677080973232585        -3.132544892238564        -2.633758892816331      
  -2.0281988209169390E-002    5.640790518743898         4.138640642768244      
   -2.834360705677886        -3.598173279869392        0.7621414941203998      
   0.8250345242131804         4.953722141013152         7.128603310208423      
   -1.774763417311207         2.903913583351032         7.159567234667463      
   -1.140845814017030        -2.230489440937934       -0.8965507919143578      
    9.060861172774754       -0.9445769491905860         2.210480630883760      
  -0.6961046827971654         11.99485874322358       -0.3939218080899781      
  -0.8371114463930006         1.043420487270385         3.282384217632339      
    5.053002765920556       -0.2578830314866851        0.9205063308969887      
  -6.8412984756519668E-002    3.484300873694617         4.126124708000140      
   -3.019494825103528       -0.5059845798243310         9.685687378411536      
    2.881384536241931        0.5592617609115233         2.792239570891013      
    4.543682088443536         3.969664880743751        -2.793627806575691      
   -2.934878799001163        0.3386025074514647         5.990036978459425      
    3.913195240859960        -2.307193958474499        -3.822751286395579      
    1.367256893432320         1.853028047273830         5.099037619432366      
    7.130384272732657       -0.9771060129314584         3.314658182971756      
    6.822605043318640        -2.025308138139193       -0.9833617233646816      
  -0.7256423965618746         8.793967604936419        -1.297474880578299      
   0.9018435273912536        -3.016517719008264         11.10115172049271      
    1.243973314457431       -0.7656326930634789        0.8341735551514319      
    3.248469810566196         5.216554672307566       -0.5346957750038719      
   0.2439656106967588       -0.6738997536094288         1.973513600233323      
    5.437701398622291       -0.7177632319173338         1.340508346369511      
    10.24795852988376         1.656307776451523         1.629614394293835      
    3.326293036008636         4.501290942241734         3.768066080070093      
   -2.775685747782719        -2.758338124624314        2.4082510489320095E-002 
    6.332196169298227         3.547365401958583        -3.134255495070994      
   -3.235210233439330        0.5513886665323024        0.5618032042660093      
    4.830720862003086         7.081472353023499        -1.892672105577001      
    2.853906382803991         7.383270164466981       -0.7070979479934688      
   -2.274614297437549       -3.1552333754170583E-002    8.701119974800413      
   -1.338158705412208         2.684280242452716        0.1948461647046869      
    11.87058661682894        -1.068022225088247       -0.1281932486453090      
    1.062370727815951         2.987816516551324         5.092738767856684      
  -0.7785320676820847       -0.3662615945768466        -1.422109309677096      
    2.410190910049277         4.722809893262643        -2.291382910383694      
   0.1001886044949243         9.725873611974126         2.468824255437644      
   0.9914873416139505         2.698014842603297         4.261138223555765      
    4.220019420804246        -2.830177718744526        -2.929863882167961      
   0.2634028185459318         5.463763754298193         4.443880358239023      
   -2.167450893562507        -3.709566766964308        0.8211336052634721      
   0.6783420712138497         5.393821341077703         6.124855508346671      
   -2.897794212520126         2.653588219191030         7.531364798438046      
   -1.062920224623436        -2.147771815634673       -0.5198614727143468      
    8.867560978715128       -0.9978541397381649         2.698930493232984      
  -0.2069626593527059         11.92074416333269       -0.5997533455625211      
  -0.5915584509357342         1.060533376971009         2.330866224169473      
    5.506928598631387       -8.1070039507340912E-002  -5.1041799654124507E-002 
   -1.059292118049780         1.982318294905686         5.043508669789984      
   -2.084675824473250        0.1212229627349183         9.961305224949081      
    2.502121645014860        0.7322837546706209         2.714401433188818      
    4.300770395590308         4.233949552343072        -2.323144583571576      
   -3.263960693110394        0.7044222084230864         5.419844059873502      
    4.105188465155522        -1.525097142607981        -3.965240739795627      
    1.637401667138578         1.321470659343347         5.061938161516142      
    6.153796933602006        -2.331803430772874         2.796978309566089      
    7.685256012028272        -1.359459280394000        -2.198008779292972      
  -0.6831247339998351         9.101247194548915        -1.530736734461603      
    1.350873523929617        -1.553915526447554         11.92508571596730      
   0.5627673001774653        0.5613570217436855         1.206371571540588      
    2.746028449987078         5.407123493212924       -0.3268440331588315      
   0.3479217759164913       -0.7661753252675724         2.763695261476722      
    4.721888167712972        -2.291215458934134        0.2115120906779049      
    10.03752915955624         2.426926688984405         1.209038519833630      
    2.655907005994614         4.010554415847714         4.370893520454064      
   -2.474802139093933        -2.940625724760295        0.2604517183403993      
    6.545382603275795         3.541444873610430        -2.794783690113161      
   -3.513022240453138        0.6805672464269124        0.8129156920877094      
    4.992385839890824         7.067207458455237        -1.695964143555036      
    2.812906975688385         7.077244071474635       -0.6374758000117606      
   -2.395238809739729       -0.5464263667638740         9.118835590279033      
   -1.350874453932613         2.526218103774998       -0.6552028984209787      
    12.00147443410211       -0.1971213150124377       -0.7183894599077039      
   0.9505915357478450         3.156258673258306         5.224593306015112      
  -0.4043358848861867        0.3626683624313286       -0.5854527822551988      
    2.686377154209609         4.996963608327267        -1.734860688617422      
   0.8132707028827463         10.15613816673195         2.269023462224694      
    1.398643459018327         2.678743243488005         3.940712600119823      
    4.325864143064253        -2.901739406220160        -2.852806264418555      
   3.9798291967854835E-002    5.787747067494792         4.246734183503236      
   -2.795623247018836        -3.769727890219291        0.9780263314914325      
   0.8828016790370850         5.126788583067275         6.570122872774417      
   -2.111114476108757         3.087775204958256         7.515859704795535      
   -2.430827473980637        -1.092657938942386        -1.346536785367110      
    8.978679483707255       -0.3015042469484881         1.147315033858232      
   -1.368975840444212         12.11567842662234        0.5146927087715164      
  -0.5286888501710719         1.292972805468331         3.025290968571049      
    5.322897475330588       -0.5125657754753145        0.6856106127972632      
  -0.7221345995204419         2.642049444316852         4.837082486195048      
   -2.156601117130157        0.3420561109848332         9.947570414622529      
    2.341331013646373         1.209177237402052         2.525053542193258      
    3.780349892739122         4.559990149227652        -2.081640684401702      
   -3.061380525217614        0.5704414286869378         6.413683644905801      
    3.777935665997774        -2.009595442960733        -3.582695739243355      
    1.532181118496595        0.9050718580222082         5.087394256573518      
    5.642559685913429        -2.712570107511724         2.474939422444129      
    7.983944956156376        -1.642901592816031        -1.905225095047260      
  -0.7074405346646206         9.015407672707557       -0.9515680053318423      
    2.503405715331503       -0.1773476128159127         12.14269717944921      
   3.5415171861736439E-002  -0.3628101561831168         1.110670154323987      
    3.258212941349707         5.245139491072490       -0.3683700630315315      
   0.3187202001894371       -0.4400588007519380         2.889562143164965      
    4.544710779343808        -2.550094873928329       -0.1744833909466838      
    9.847061703354980         2.743467262449937        0.5722308389355307      
    2.567583582198599         4.257919023674425         4.576911477633239      
   -2.208865158098507        -3.087296979434213        0.4476991328360009      
    6.401476531856845         3.491144950920061        -3.375179800948611      
   -3.063385161293256        0.5173259221284033       -3.8528951508243772E-002 
    4.178715231788800         7.700753563424100        -1.190527036357961      
    3.283059227874296         7.050684191412172        -2.109688815950620      
   -1.156819840639843        -1.024500744068766         8.815962086452643      
  -0.5981452622887170         1.650887701216098        -1.998671252725788      
    11.30167232861543         1.138724626852006        -1.378690169029760      
    1.102274420132993         3.003510361248932         5.339021496003054      
  -0.1988425541806357        0.7267172655734573       -0.4556748036616372      
    2.975867060407048         4.687552914569618        -2.441978448746488      
   8.4741672043805121E-002    10.04086476749044         2.338091615884952      
   0.9658718065272753         2.694437139730548         4.207234319514165      
    4.300501819246104        -2.440188662321126        -3.055184501072159      
   0.4151199209855307         6.219102896972715         4.094603756631938      
   -2.091657830632941        -3.679628068900943        0.7930732627004280      
   0.3865374621543971         5.218368248905393         6.087995776729696      
   -2.663346891820337         2.596026393410419         7.682856564949437      
  -0.6898304300644279        -2.641986999478636       -0.3261513362860321      
    8.896886919508306        -1.641628232783078         2.556219000474473      
  -0.9282514442809157         11.88730926531738         1.217961286815770      
  -0.5730411207032448         1.177550065860645     
    2.562006194055535         5.421225941992106       -0.1450468923996380      
   8.5276189404977121E-002  -0.8876315204076136         2.837164656991725      
    4.444027040022418        -2.851044382116086       -0.5216419622506735      
    9.749695000122685         2.510887087465031        0.6392656448430145      
    2.793484114733729         4.539290626738223         4.313367378010314      
   -2.080617308305422        -3.213946298398640        0.8546277193573387      
    6.039991890277068         4.035785670026318        -1.746463586265775      
   -3.982479136119042         1.200328046399817        0.9064236029797151      
    4.941519313002178         7.120741734756306        -1.573976605312340      
    2.962189984371308         7.243477416641044        -1.082029003621161      
   -2.069098128654433       -0.2150357474464871         8.676427824580331      
   -1.770781865421443         1.860936085528645        -1.958856865973285      
    11.72589239149388         1.220510794738166       -0.3811350256224859      
    1.011816985918868     
