  num_copies:            0  num_qc:            0
  num_obs:            3  max_num_obs:            3
  first:            1  last:            3
 OBS            1
          -1           2          -1
obdef
loc1d
  0.000000000000000E+000
kind
          -1
           0           0
   8.00000000000000     
 OBS            2
           1           3          -1
obdef
loc1d
  0.333333333333333     
kind
          -2
           0           0
   8.00000000000000     
 OBS            3
           2          -1          -1
obdef
loc1d
  0.666666666666667     
kind
          -3
           0           0
   8.00000000000000     
