 obs_sequence
obs_kind_definitions
           1
           1 RAW_STATE_VARIABLE              
  num_copies:            0  num_qc:            0
  num_obs:            3  max_num_obs:            3
  first:            1  last:            3
 OBS            1
          -1           2          -1
obdef
loc1d
   0.0000000000000000
kind
           1
     0          0
   1.00000000000000     
 OBS            2
           1           3          -1
obdef
loc1d
   0.3333300000000000
kind
           1
     0          0
   1.00000000000000     
 OBS            3
           2          -1          -1
obdef
loc1d
   0.6666660000000000
kind
           1
     0          0
   1.00000000000000     
